SF:lib/core/domain/tax_calculator.dart
DA:136,1
DA:144,1
DA:146,3
DA:149,1
DA:150,1
DA:155,1
DA:161,1
DA:165,1
DA:166,1
DA:167,1
DA:170,2
DA:171,1
DA:174,1
DA:177,2
DA:179,1
DA:205,1
DA:208,1
DA:209,1
DA:216,1
DA:220,1
DA:221,1
DA:222,1
DA:225,2
DA:227,1
DA:228,1
DA:250,1
DA:257,1
DA:258,1
DA:259,1
DA:263,1
DA:264,1
DA:268,1
DA:275,1
DA:276,1
DA:277,1
DA:280,2
DA:281,1
DA:284,1
DA:286,1
DA:305,1
DA:309,2
DA:310,1
DA:311,1
DA:315,2
DA:316,1
DA:317,1
DA:318,1
DA:324,0
DA:325,0
DA:326,0
DA:333,1
DA:339,1
DA:340,2
DA:342,1
DA:344,3
DA:345,1
DA:346,4
DA:347,1
DA:350,1
LF:59
LH:56
end_of_record
SF:lib/core/services/base_service.dart
DA:35,1
DA:40,1
DA:42,3
DA:47,1
DA:53,1
DA:55,8
DA:69,0
DA:83,2
DA:84,4
DA:86,2
DA:87,4
DA:92,2
DA:93,2
DA:96,4
DA:99,2
DA:101,2
DA:103,1
DA:104,2
DA:105,2
DA:110,2
DA:117,2
DA:118,2
DA:119,2
DA:122,1
DA:123,1
DA:127,2
DA:136,1
DA:143,1
DA:146,0
DA:147,0
DA:151,0
DA:159,1
DA:161,1
DA:162,1
DA:165,1
DA:167,1
DA:168,1
DA:171,2
DA:173,6
DA:175,1
DA:176,1
DA:177,2
DA:178,1
DA:184,0
DA:185,0
DA:186,0
DA:192,0
DA:193,0
DA:194,0
DA:198,0
DA:201,0
DA:202,0
DA:204,0
DA:205,0
DA:206,0
DA:209,0
DA:210,0
DA:213,0
DA:215,0
DA:216,0
DA:217,0
DA:218,0
DA:220,0
DA:221,0
DA:227,0
DA:228,0
DA:231,0
DA:232,0
DA:233,0
DA:234,0
DA:240,0
DA:241,0
DA:242,0
DA:244,0
DA:246,0
DA:247,0
DA:254,0
DA:255,0
DA:257,0
DA:258,0
DA:259,0
DA:262,0
DA:263,0
DA:264,0
DA:266,0
DA:296,0
DA:297,0
DA:298,0
DA:304,0
DA:307,0
DA:311,0
DA:312,0
DA:316,0
DA:318,0
DA:321,0
DA:324,0
DA:325,0
DA:326,0
LF:98
LH:39
end_of_record
SF:lib/core/services/shared_preferences_service.dart
DA:8,2
DA:13,2
DA:17,2
DA:20,2
DA:23,2
DA:24,1
DA:31,0
DA:35,0
DA:40,0
DA:42,1
DA:45,1
DA:47,1
DA:49,2
DA:50,0
DA:51,1
DA:55,1
DA:56,1
DA:57,1
DA:58,2
DA:59,2
DA:60,1
DA:68,1
DA:70,1
DA:72,0
DA:78,1
DA:80,1
DA:82,0
DA:88,1
DA:90,1
DA:92,0
DA:98,1
DA:100,1
DA:102,0
DA:108,1
DA:110,1
DA:112,0
DA:122,1
DA:124,1
DA:126,0
DA:132,1
DA:134,1
DA:136,0
DA:142,1
DA:144,1
DA:146,0
DA:152,1
DA:154,1
DA:156,0
DA:162,1
DA:164,1
DA:166,0
DA:176,1
DA:177,1
DA:179,2
DA:180,1
DA:181,1
DA:185,1
DA:186,1
DA:187,1
DA:188,1
DA:189,1
DA:190,0
DA:191,1
DA:192,1
DA:193,0
DA:194,0
DA:197,1
DA:199,0
DA:200,0
DA:208,1
DA:209,1
DA:211,2
DA:213,1
DA:214,1
DA:216,0
DA:217,0
DA:229,1
DA:231,1
DA:233,0
DA:239,1
DA:241,1
DA:243,0
DA:249,1
DA:251,1
DA:253,0
DA:259,1
DA:261,1
DA:263,0
DA:269,0
DA:272,0
DA:275,0
DA:285,1
DA:287,1
DA:288,1
DA:289,1
DA:290,1
DA:294,2
DA:295,1
DA:297,2
DA:298,5
DA:301,1
DA:302,4
DA:303,1
DA:304,0
DA:306,2
DA:313,0
DA:314,0
DA:319,1
DA:321,1
DA:322,1
DA:324,2
DA:325,2
DA:330,0
DA:331,0
DA:336,1
DA:338,4
DA:340,0
LF:117
LH:83
end_of_record
SF:lib/core/theme/app_design_tokens.dart
DA:28,0
DA:32,13
DA:33,13
DA:34,14
DA:36,0
DA:38,2
DA:43,2
DA:46,2
DA:51,6
DA:54,2
DA:59,0
DA:60,0
DA:144,6
DA:145,18
DA:146,6
DA:150,6
DA:151,12
DA:156,0
DA:157,0
DA:161,5
DA:162,5
DA:163,5
DA:164,5
DA:168,3
DA:170,8
DA:171,8
DA:173,7
DA:174,7
DA:176,0
DA:177,0
DA:179,4
DA:180,12
DA:182,9
DA:183,27
DA:188,6
DA:189,18
DA:197,4
DA:198,12
DA:199,4
DA:201,4
DA:203,0
DA:204,0
DA:210,4
DA:211,4
DA:213,0
DA:214,4
DA:223,0
DA:224,0
DA:227,0
DA:228,0
DA:229,0
DA:231,0
DA:232,0
DA:238,0
DA:247,8
DA:251,4
DA:252,4
DA:255,2
DA:259,1
DA:260,1
DA:263,16
DA:267,8
DA:268,8
DA:271,16
DA:275,8
DA:276,8
DA:279,20
DA:281,20
DA:284,2
DA:286,2
DA:295,0
DA:299,0
DA:300,0
DA:306,0
DA:310,0
DA:311,0
DA:317,0
DA:319,0
DA:320,0
DA:326,0
DA:330,0
DA:333,11
DA:334,33
DA:341,0
DA:342,0
DA:343,0
DA:347,4
DA:348,4
DA:349,4
DA:355,0
DA:356,0
DA:357,0
DA:406,1
DA:407,1
DA:408,0
DA:409,8
DA:410,7
DA:411,14
DA:412,0
DA:413,0
DA:414,0
DA:415,0
DA:416,0
DA:417,0
DA:418,0
DA:419,0
DA:422,8
DA:423,8
DA:424,24
DA:425,8
DA:428,7
DA:429,7
DA:430,21
DA:431,7
DA:434,0
DA:435,0
DA:436,0
DA:437,0
DA:440,8
DA:441,16
DA:444,0
DA:445,0
DA:446,0
DA:488,1
DA:507,0
DA:509,0
DA:510,0
DA:511,1
DA:512,1
DA:513,1
DA:514,1
DA:515,0
DA:516,0
DA:517,1
DA:518,2
DA:519,1
DA:520,1
DA:521,0
DA:522,0
DA:523,0
DA:524,0
DA:529,0
DA:530,0
DA:531,0
DA:532,0
DA:533,0
DA:534,0
DA:535,0
DA:540,0
DA:541,0
DA:542,0
DA:543,0
DA:544,0
DA:545,0
DA:546,0
DA:547,0
DA:548,0
DA:549,0
DA:550,0
DA:551,0
LF:160
LH:80
end_of_record
SF:lib/features/insights/models/trend_data.dart
DA:7,3
DA:17,5
DA:19,0
DA:20,0
LF:4
LH:2
end_of_record
SF:lib/features/insights/models/health_score.dart
DA:10,4
DA:17,4
DA:18,4
DA:19,8
DA:20,4
DA:22,4
DA:24,4
DA:27,4
DA:34,4
DA:35,4
DA:36,4
DA:37,4
DA:38,3
DA:43,10
DA:45,0
DA:46,0
LF:16
LH:14
end_of_record
SF:lib/features/insights/models/allocation_data.dart
DA:7,5
DA:17,20
DA:18,5
DA:19,25
DA:22,20
DA:24,1
DA:25,4
LF:7
LH:7
end_of_record
SF:lib/features/insights/models/budget_data.dart
DA:7,3
DA:17,12
DA:18,3
DA:19,15
DA:20,12
DA:23,5
DA:25,0
DA:26,0
LF:8
LH:6
end_of_record
SF:lib/core/models/analysis_summary.dart
DA:7,0
DA:16,0
DA:17,0
DA:18,0
DA:19,0
DA:20,0
DA:21,0
DA:22,0
DA:23,0
DA:24,0
DA:25,0
DA:26,0
DA:28,0
DA:32,0
DA:33,0
DA:34,0
DA:46,0
DA:54,0
DA:55,0
DA:56,0
DA:57,0
DA:58,0
DA:59,0
DA:60,0
DA:63,0
DA:64,0
DA:65,0
DA:66,0
DA:67,0
DA:68,0
DA:71,0
DA:73,0
DA:74,0
DA:75,0
DA:76,0
DA:77,0
DA:78,0
DA:79,0
DA:96,0
DA:97,0
DA:98,0
DA:99,0
DA:105,1
DA:114,1
DA:121,1
DA:127,1
DA:130,0
DA:138,0
DA:146,0
DA:149,0
DA:156,0
DA:161,0
DA:162,0
DA:163,0
DA:164,0
DA:166,0
DA:169,0
DA:175,0
DA:181,0
DA:184,0
DA:188,0
DA:193,0
DA:196,0
DA:199,0
DA:206,0
DA:211,0
DA:212,0
DA:213,0
DA:214,0
DA:216,0
DA:219,0
DA:225,0
DA:230,0
DA:233,0
DA:235,0
DA:238,0
DA:239,0
DA:240,0
DA:241,0
DA:243,0
DA:244,0
DA:245,0
DA:247,0
DA:248,0
DA:249,0
DA:251,0
DA:252,0
DA:253,0
DA:255,0
DA:265,2
DA:266,2
DA:267,2
DA:268,2
DA:269,1
DA:270,1
DA:271,2
DA:274,0
DA:275,0
DA:276,0
DA:277,0
DA:278,0
DA:279,0
DA:280,0
DA:281,0
LF:104
LH:11
end_of_record
SF:lib/core/models/flux_view_state.dart
DA:19,1
DA:26,0
DA:27,0
DA:28,0
DA:29,0
DA:31,0
DA:32,0
DA:33,0
DA:35,0
DA:36,0
DA:37,0
DA:41,1
DA:44,1
DA:55,1
DA:62,1
DA:63,1
DA:64,1
DA:65,1
DA:68,1
DA:71,0
DA:72,0
DA:73,0
DA:74,0
DA:75,0
DA:78,3
DA:80,0
DA:81,0
DA:82,0
DA:83,0
DA:84,0
DA:85,0
DA:90,2
DA:91,1
DA:92,0
DA:96,1
DA:97,1
DA:99,1
DA:100,3
DA:103,3
DA:106,1
DA:107,2
DA:108,0
DA:111,3
DA:114,3
DA:117,1
DA:118,3
DA:122,0
DA:124,0
DA:128,0
DA:129,0
DA:130,0
DA:131,0
DA:135,0
DA:136,0
DA:139,0
DA:142,0
DA:143,0
LF:57
LH:23
end_of_record
SF:lib/core/utils/logger.dart
DA:21,8
DA:24,0
DA:27,0
DA:35,0
DA:38,0
DA:40,0
DA:45,0
DA:47,0
DA:48,0
DA:49,0
DA:50,0
DA:53,0
DA:54,0
DA:58,0
DA:63,1
DA:67,0
DA:70,0
DA:71,0
DA:74,0
DA:79,0
DA:80,0
DA:83,0
DA:84,0
DA:85,0
DA:87,0
DA:92,0
DA:93,0
DA:97,0
DA:98,0
DA:103,0
DA:106,0
DA:107,0
DA:112,0
DA:117,0
DA:118,0
DA:119,0
DA:121,0
DA:125,0
DA:126,0
DA:131,0
DA:132,0
DA:133,0
DA:140,4
DA:141,16
DA:144,3
DA:146,2
DA:149,1
DA:152,1
DA:156,4
DA:157,4
DA:160,1
DA:161,1
DA:164,0
DA:165,0
DA:168,0
DA:169,0
DA:172,0
DA:175,0
DA:178,0
DA:180,0
DA:184,0
DA:187,0
DA:189,0
DA:196,0
DA:201,0
DA:202,0
DA:206,0
DA:207,0
DA:208,0
DA:212,0
DA:214,0
DA:216,0
DA:217,0
DA:221,0
DA:222,0
DA:226,0
DA:231,0
DA:232,0
DA:236,0
DA:242,0
DA:243,0
DA:247,0
DA:248,0
DA:249,0
DA:257,0
DA:260,0
DA:261,0
DA:265,0
DA:266,0
DA:267,0
DA:268,0
DA:269,0
DA:274,0
DA:275,0
DA:276,0
DA:280,0
DA:281,0
DA:285,0
DA:286,0
DA:292,0
DA:296,0
DA:297,0
DA:298,0
DA:299,0
DA:301,0
DA:306,0
DA:310,0
DA:312,0
DA:313,0
DA:314,0
DA:315,0
DA:321,0
DA:325,0
DA:327,0
DA:328,0
DA:331,0
LF:116
LH:12
end_of_record
SF:lib/core/utils/performance_monitor.dart
DA:10,6
DA:11,0
DA:12,12
DA:13,0
DA:14,0
DA:17,2
DA:19,0
DA:22,4
DA:23,2
DA:24,2
DA:26,2
DA:27,10
DA:30,4
DA:31,4
DA:35,10
DA:36,0
DA:43,0
DA:45,0
DA:49,0
DA:50,0
DA:51,0
DA:53,0
DA:54,0
DA:57,0
DA:58,0
DA:63,2
DA:65,2
DA:67,2
DA:69,2
DA:77,0
DA:79,0
DA:87,0
DA:88,0
DA:89,0
DA:90,0
DA:91,0
DA:93,0
DA:94,0
DA:95,0
DA:96,0
DA:100,0
DA:101,0
DA:102,0
DA:103,0
DA:105,0
DA:106,0
DA:107,0
DA:108,0
DA:113,0
DA:114,0
DA:115,0
DA:116,0
DA:120,0
DA:122,0
DA:127,0
DA:129,0
DA:134,4
DA:137,8
DA:138,8
DA:142,4
DA:145,8
DA:148,4
DA:149,4
DA:152,8
DA:153,2
DA:158,1
DA:161,1
DA:162,2
DA:166,4
DA:168,4
DA:170,2
DA:178,0
DA:179,0
DA:183,1
DA:189,1
DA:190,1
DA:200,0
DA:207,0
DA:208,0
DA:219,0
DA:225,0
DA:226,0
DA:236,0
DA:241,0
DA:242,0
DA:251,0
DA:252,0
DA:253,0
DA:258,0
DA:264,0
DA:269,0
DA:270,0
DA:280,0
DA:285,0
DA:286,0
DA:294,1
DA:295,3
DA:296,1
DA:297,2
DA:299,1
DA:300,1
DA:310,0
DA:315,0
DA:316,0
DA:320,0
DA:322,0
DA:324,0
DA:328,0
DA:329,0
DA:332,0
DA:334,0
DA:335,0
DA:336,0
DA:337,0
DA:339,0
DA:340,0
DA:342,0
DA:343,0
DA:344,0
DA:345,0
DA:347,0
LF:121
LH:39
end_of_record
SF:lib/features/insights/services/financial_calculation_service.dart
DA:12,3
DA:18,1
DA:19,2
DA:23,0
DA:24,0
DA:27,0
DA:28,0
DA:29,0
DA:30,0
DA:31,0
DA:34,0
DA:35,0
DA:36,0
DA:38,0
DA:43,1
DA:44,1
DA:46,2
DA:47,1
DA:49,0
DA:50,0
DA:52,0
DA:53,0
DA:54,0
DA:55,0
DA:57,0
DA:59,0
DA:60,0
DA:65,0
DA:66,0
DA:68,0
DA:69,0
DA:70,0
DA:71,0
DA:73,0
DA:74,0
DA:76,0
DA:81,1
DA:82,1
DA:84,2
DA:87,0
DA:88,0
DA:89,0
DA:90,0
DA:91,0
DA:94,0
DA:100,3
DA:101,3
DA:105,3
DA:106,1
DA:110,1
DA:115,3
DA:116,3
DA:122,1
DA:123,1
DA:131,0
DA:132,0
DA:134,0
DA:135,0
DA:138,0
DA:139,0
DA:140,0
DA:141,0
DA:144,0
DA:145,0
DA:146,0
DA:151,0
DA:157,0
DA:158,0
DA:160,0
DA:163,0
DA:166,0
DA:167,0
DA:170,0
DA:171,0
DA:172,0
DA:177,0
LF:76
LH:19
end_of_record
SF:lib/features/insights/widgets/structural_health_chart.dart
DA:28,2
DA:34,2
DA:35,2
DA:43,2
DA:45,2
DA:46,2
DA:49,1
DA:51,1
DA:52,4
DA:53,1
DA:57,2
DA:58,4
DA:59,1
DA:60,3
DA:65,2
DA:66,6
DA:67,2
DA:68,6
DA:70,0
DA:71,0
DA:72,0
DA:76,2
DA:78,4
DA:81,4
DA:82,2
DA:85,2
DA:86,2
DA:88,2
DA:90,2
DA:92,2
DA:94,2
DA:96,2
DA:98,2
DA:99,2
DA:100,2
DA:110,2
DA:112,2
DA:113,2
DA:114,6
DA:115,4
DA:116,2
DA:120,2
DA:122,2
DA:133,2
DA:139,2
DA:140,2
DA:143,4
DA:144,2
DA:145,2
DA:146,2
DA:148,4
DA:155,4
DA:156,2
DA:157,2
DA:158,2
DA:161,4
DA:170,2
DA:171,2
DA:172,2
DA:174,2
DA:177,2
DA:178,4
DA:179,2
DA:185,2
DA:188,2
DA:189,4
DA:190,2
DA:196,2
DA:199,2
DA:200,4
DA:201,2
DA:207,6
DA:209,2
DA:217,2
DA:219,2
DA:220,2
DA:221,2
DA:222,2
DA:225,2
DA:231,2
DA:234,2
DA:235,2
DA:239,2
DA:242,4
DA:243,4
DA:248,4
DA:251,2
DA:253,2
DA:254,2
DA:256,4
DA:257,2
DA:263,2
DA:266,2
DA:268,2
DA:269,2
DA:274,2
DA:276,4
DA:277,2
LF:98
LH:95
end_of_record
SF:lib/core/services/ai/mock_ai_service.dart
DA:24,6
DA:34,0
DA:44,0
DA:45,0
DA:47,0
DA:48,0
DA:56,0
DA:62,0
DA:71,0
DA:74,0
DA:75,0
DA:76,0
DA:77,0
DA:81,0
DA:84,0
DA:85,0
DA:86,0
DA:87,0
DA:91,0
DA:94,0
DA:95,0
DA:96,0
DA:97,0
DA:101,0
DA:104,0
DA:105,0
DA:111,0
DA:121,0
DA:122,0
DA:124,0
DA:125,0
DA:133,0
DA:139,0
DA:148,0
DA:149,0
DA:154,1
DA:157,1
DA:158,1
DA:160,1
DA:162,1
DA:163,1
DA:165,1
DA:172,1
DA:173,1
DA:175,1
DA:188,0
DA:193,0
DA:194,0
DA:196,0
DA:198,0
DA:200,0
DA:207,0
DA:212,0
DA:213,0
DA:215,0
DA:217,0
DA:218,0
DA:220,0
DA:229,0
DA:230,0
DA:232,0
LF:61
LH:11
end_of_record
SF:lib/features/insights/models/flux_loop_job.dart
DA:5,3
DA:26,9
DA:27,9
DA:28,0
DA:29,0
DA:31,3
DA:41,3
DA:42,3
DA:43,3
DA:44,0
DA:45,3
DA:46,3
DA:47,3
DA:48,3
DA:49,3
DA:52,0
DA:53,0
DA:54,0
DA:55,0
DA:56,0
DA:57,0
DA:58,0
DA:59,0
DA:60,0
DA:61,0
LF:25
LH:12
end_of_record
SF:lib/features/insights/models/weekly_anomaly.dart
DA:5,5
DA:18,0
DA:19,0
DA:20,0
DA:21,0
DA:22,0
DA:23,0
DA:24,0
DA:25,0
DA:26,0
DA:27,0
DA:28,0
DA:30,0
DA:43,1
DA:54,1
DA:55,1
DA:56,1
DA:57,1
DA:58,1
DA:59,1
DA:60,1
DA:61,1
DA:62,1
DA:63,1
DA:66,1
DA:67,1
DA:68,1
DA:69,1
DA:70,1
DA:71,1
DA:72,1
DA:73,1
DA:74,1
DA:75,1
DA:76,1
DA:80,0
DA:81,0
DA:82,0
DA:83,0
DA:84,0
DA:85,0
DA:86,0
DA:87,0
DA:88,0
DA:89,0
LF:45
LH:23
end_of_record
SF:lib/features/insights/services/insight_service.dart
DA:18,3
DA:21,0
DA:30,3
DA:35,9
DA:37,3
DA:38,3
DA:39,3
DA:43,3
DA:44,3
DA:45,1
DA:48,3
DA:52,3
DA:56,6
DA:57,9
DA:60,3
DA:66,3
DA:67,6
DA:72,6
DA:79,0
DA:85,0
DA:88,0
DA:89,0
DA:90,0
DA:98,0
DA:99,0
DA:100,0
DA:102,0
DA:103,0
DA:105,0
DA:113,0
DA:114,0
DA:116,0
DA:126,3
DA:129,3
DA:130,9
DA:131,12
DA:134,3
DA:137,3
DA:139,3
DA:143,9
DA:144,12
DA:147,3
DA:149,3
DA:150,3
DA:153,9
DA:154,12
DA:157,3
DA:158,0
DA:159,0
DA:160,0
DA:165,3
DA:166,3
DA:167,3
DA:168,1
DA:169,2
DA:170,1
DA:171,1
DA:172,1
DA:173,0
DA:174,0
DA:179,1
DA:181,2
DA:182,2
DA:183,2
DA:185,2
DA:186,4
DA:187,1
DA:191,0
DA:192,0
DA:196,1
DA:197,2
DA:198,1
DA:199,1
DA:203,4
DA:204,2
DA:205,0
DA:208,4
DA:209,2
DA:211,1
DA:212,1
DA:213,1
DA:219,3
DA:220,2
DA:222,1
DA:225,2
DA:230,1
DA:232,1
DA:234,1
DA:235,1
DA:236,2
DA:237,2
DA:240,1
DA:242,4
DA:243,5
DA:245,1
DA:255,2
DA:256,2
DA:257,1
DA:259,2
DA:260,1
DA:262,1
DA:263,3
DA:265,4
DA:271,2
DA:273,2
DA:274,2
DA:275,2
DA:279,2
DA:281,1
DA:282,1
DA:283,1
DA:286,1
DA:290,1
DA:291,3
DA:293,3
DA:294,3
DA:297,2
DA:298,1
DA:299,2
DA:300,5
DA:302,4
DA:304,5
DA:306,4
DA:312,1
DA:315,1
DA:316,2
DA:319,2
DA:320,1
DA:322,2
DA:323,2
DA:324,1
DA:325,2
DA:331,1
DA:332,1
DA:340,2
DA:341,1
DA:345,1
DA:357,2
DA:358,1
DA:360,0
DA:366,3
DA:367,2
DA:368,4
DA:370,4
DA:377,1
DA:379,1
DA:382,1
DA:383,1
DA:384,1
DA:388,2
DA:389,2
DA:390,2
DA:394,4
DA:396,4
DA:398,4
DA:401,2
DA:402,2
DA:403,2
DA:408,3
DA:409,3
DA:410,5
DA:415,1
DA:416,1
DA:418,2
DA:419,2
DA:420,2
DA:424,2
DA:425,2
DA:428,1
DA:429,1
DA:430,1
DA:431,1
DA:432,1
DA:435,2
DA:437,1
DA:438,4
DA:439,1
DA:441,4
DA:443,2
DA:444,2
DA:447,1
DA:448,1
DA:449,1
DA:453,1
DA:455,1
DA:456,1
DA:457,1
DA:458,1
DA:459,1
DA:460,1
DA:461,4
DA:462,6
DA:465,1
DA:466,1
DA:467,1
DA:471,1
DA:472,1
DA:475,1
DA:479,0
DA:483,0
DA:486,0
DA:490,1
DA:491,1
DA:492,1
DA:493,1
DA:494,3
DA:495,2
DA:496,2
DA:497,3
DA:498,1
DA:501,1
DA:505,0
DA:509,0
DA:510,0
DA:523,0
DA:529,0
DA:530,0
DA:531,0
DA:536,0
DA:538,0
DA:539,0
DA:543,0
DA:545,0
DA:546,0
DA:549,0
DA:552,0
DA:553,0
DA:557,0
DA:558,0
DA:559,0
DA:569,3
DA:570,9
DA:571,3
DA:573,6
DA:574,6
LF:235
LH:189
end_of_record
SF:lib/features/insights/services/pattern_detection_service.dart
DA:7,2
DA:9,6
DA:11,4
DA:14,2
DA:19,4
DA:20,1
DA:23,2
DA:26,4
DA:27,4
DA:28,4
DA:29,4
DA:30,4
DA:31,4
DA:35,6
DA:36,2
DA:37,4
DA:38,2
DA:40,2
DA:42,2
DA:43,2
DA:44,2
DA:48,4
DA:52,2
DA:53,2
DA:54,4
DA:56,4
DA:63,2
DA:73,2
DA:74,2
DA:75,1
DA:80,2
DA:87,6
DA:88,4
DA:91,2
DA:92,4
DA:94,0
DA:97,2
DA:102,2
DA:106,6
DA:107,1
DA:111,2
DA:112,2
DA:113,8
DA:114,6
DA:115,2
DA:117,2
DA:121,1
DA:122,1
DA:124,3
DA:125,2
DA:126,3
DA:127,3
DA:131,8
DA:132,1
DA:134,1
DA:140,1
DA:145,1
DA:146,1
DA:148,2
DA:151,2
DA:152,2
DA:153,2
DA:154,2
DA:155,2
DA:157,4
DA:159,2
DA:162,2
DA:163,1
DA:166,1
DA:167,1
DA:174,1
DA:175,2
DA:177,1
DA:178,3
DA:179,3
DA:181,1
DA:182,1
DA:183,5
DA:184,3
DA:186,10
DA:188,7
LF:81
LH:80
end_of_record
SF:lib/features/insights/services/health_analysis_service.dart
DA:5,2
DA:7,6
DA:9,4
DA:12,2
DA:18,2
DA:21,2
DA:23,2
DA:24,2
DA:27,4
DA:29,4
DA:33,2
DA:35,2
DA:41,2
DA:46,2
DA:51,2
DA:57,2
DA:63,2
DA:64,2
DA:65,2
DA:69,6
DA:70,4
DA:73,2
DA:78,2
DA:82,2
DA:85,2
DA:91,2
DA:93,2
DA:96,2
DA:99,2
DA:100,2
DA:107,2
DA:108,10
DA:119,2
DA:124,2
DA:150,3
DA:151,1
DA:152,1
DA:154,1
DA:155,2
DA:156,1
DA:157,2
DA:158,2
DA:162,1
DA:163,2
DA:164,3
DA:170,2
DA:177,2
DA:181,2
DA:182,2
DA:183,6
DA:186,1
DA:190,2
DA:196,2
DA:197,3
DA:198,2
DA:199,3
DA:200,2
DA:201,10
DA:202,1
DA:203,5
DA:204,1
DA:205,5
DA:211,2
DA:221,2
DA:224,2
DA:225,2
DA:226,2
DA:227,1
DA:228,2
DA:229,1
DA:231,8
DA:236,2
DA:237,2
DA:238,2
DA:239,1
DA:241,2
DA:242,6
DA:247,2
DA:248,2
DA:249,1
DA:250,1
DA:251,1
DA:252,0
DA:253,1
DA:254,0
DA:255,1
DA:256,1
DA:259,2
DA:262,2
DA:263,2
DA:264,2
DA:265,2
DA:266,2
DA:270,2
DA:275,2
DA:278,2
DA:279,2
DA:280,2
DA:283,6
DA:286,2
DA:287,2
DA:288,2
DA:291,6
DA:295,2
DA:296,2
DA:298,2
DA:299,8
DA:306,2
DA:307,2
DA:314,1
DA:315,0
DA:322,1
DA:323,1
DA:335,2
DA:340,2
DA:343,2
DA:345,2
DA:347,2
DA:349,2
DA:351,2
DA:356,2
DA:361,2
DA:363,2
DA:364,4
DA:370,2
DA:371,2
DA:377,4
DA:386,2
DA:387,0
DA:388,2
DA:389,1
DA:392,4
LF:132
LH:128
end_of_record
SF:lib/features/insights/models/monthly_health.dart
DA:5,4
DA:17,0
DA:18,0
DA:19,0
DA:20,0
DA:21,0
DA:22,0
DA:23,0
DA:25,0
DA:26,0
DA:27,0
DA:28,0
DA:29,0
DA:30,0
DA:31,0
DA:43,1
DA:44,1
DA:45,1
DA:46,1
DA:47,1
DA:48,1
DA:49,1
DA:50,1
DA:51,1
DA:52,1
DA:56,0
DA:57,0
DA:58,0
DA:59,0
DA:60,0
DA:61,0
DA:62,0
DA:63,0
DA:64,0
DA:79,3
DA:86,0
DA:87,0
DA:88,0
DA:89,0
DA:96,0
DA:97,0
DA:100,0
DA:101,0
DA:102,0
DA:103,0
LF:45
LH:12
end_of_record
SF:lib/features/insights/models/micro_insight.dart
DA:5,3
DA:16,0
DA:17,0
DA:18,0
DA:19,0
DA:20,0
DA:21,0
DA:22,0
DA:24,0
DA:25,0
DA:26,0
DA:27,0
DA:28,0
DA:41,3
DA:42,3
DA:44,1
DA:53,1
DA:54,1
DA:55,1
DA:56,1
DA:57,1
DA:58,1
DA:59,1
DA:60,1
DA:63,1
DA:64,1
DA:65,1
DA:66,1
DA:67,1
DA:68,1
DA:69,1
DA:70,1
DA:71,1
DA:75,0
DA:76,0
DA:77,0
DA:78,0
DA:79,0
DA:80,0
DA:81,0
DA:82,0
LF:41
LH:21
end_of_record
SF:lib/core/services/insight_service.dart
DA:20,0
DA:21,0
DA:24,0
DA:28,0
DA:30,0
DA:34,0
DA:35,0
DA:38,0
DA:39,0
DA:42,0
DA:48,0
DA:49,0
DA:52,0
DA:53,0
DA:58,0
DA:59,0
DA:60,0
DA:63,0
DA:66,0
DA:69,0
DA:71,0
DA:75,0
DA:76,0
DA:79,0
DA:81,0
DA:82,0
DA:85,0
DA:86,0
DA:91,0
DA:92,0
DA:93,0
DA:95,0
DA:97,0
DA:99,0
DA:105,0
DA:106,0
DA:107,0
DA:108,0
DA:109,0
DA:110,0
DA:111,0
DA:112,0
DA:114,0
DA:115,0
DA:117,0
DA:118,0
DA:119,0
DA:120,0
DA:127,0
DA:139,0
DA:141,0
DA:142,0
DA:147,0
DA:155,0
DA:156,0
DA:161,1
DA:187,0
DA:188,0
DA:189,0
DA:190,0
DA:191,0
DA:192,0
DA:193,0
DA:194,0
DA:195,0
DA:196,0
DA:197,0
DA:198,0
DA:204,0
DA:216,0
DA:217,0
DA:219,0
DA:220,0
DA:225,0
DA:235,0
DA:236,0
DA:238,0
DA:242,0
DA:248,0
DA:252,0
DA:254,0
DA:258,0
DA:259,0
DA:277,0
DA:304,0
DA:306,0
DA:307,0
DA:308,0
DA:309,0
DA:310,0
DA:311,0
DA:315,0
DA:317,0
DA:320,0
DA:322,0
DA:323,0
DA:324,0
DA:325,0
DA:326,0
DA:327,0
DA:331,0
DA:333,0
DA:336,0
DA:338,0
DA:339,0
DA:340,0
DA:341,0
DA:342,0
DA:343,0
DA:347,0
DA:349,0
DA:352,0
DA:354,0
DA:355,0
DA:356,0
DA:357,0
DA:360,0
DA:361,0
DA:362,0
DA:363,0
DA:364,0
DA:365,0
DA:366,0
DA:371,0
DA:373,0
DA:374,0
DA:375,0
DA:376,0
DA:379,0
DA:380,0
DA:381,0
DA:382,0
DA:383,0
DA:384,0
DA:385,0
DA:390,0
DA:392,0
DA:393,0
DA:394,0
DA:395,0
DA:398,0
DA:399,0
DA:400,0
DA:401,0
DA:402,0
DA:403,0
DA:404,0
DA:409,0
DA:411,0
DA:414,0
DA:415,0
DA:416,0
DA:417,0
DA:418,0
DA:422,0
DA:424,0
DA:425,0
DA:426,0
DA:429,0
DA:430,0
DA:431,0
DA:435,0
DA:436,0
DA:437,0
DA:438,0
DA:440,0
DA:441,0
DA:444,0
DA:445,0
DA:448,0
DA:450,0
DA:451,0
DA:452,0
DA:455,0
DA:456,0
DA:463,0
DA:465,0
DA:467,0
DA:468,0
DA:478,0
DA:484,0
DA:485,0
DA:487,0
DA:491,0
DA:492,0
DA:493,0
DA:494,0
DA:495,0
DA:496,0
DA:497,0
DA:501,0
DA:502,0
DA:503,0
DA:504,0
DA:506,0
DA:507,0
DA:508,0
DA:509,0
DA:517,0
DA:521,0
DA:527,0
DA:532,0
DA:535,0
DA:537,0
DA:538,0
DA:539,0
DA:543,0
DA:545,0
DA:550,0
DA:551,0
LF:210
LH:1
end_of_record
SF:lib/features/insights/widgets/weekly_trend_chart.dart
DA:8,1
DA:19,1
DA:21,1
DA:22,2
DA:23,2
DA:24,2
DA:25,2
DA:26,2
DA:27,2
DA:28,2
DA:31,3
DA:33,1
DA:34,1
DA:36,1
DA:37,1
DA:39,2
DA:41,1
DA:43,1
DA:45,1
DA:47,1
DA:50,1
DA:52,1
DA:57,1
DA:58,1
DA:60,1
DA:61,1
DA:71,1
DA:73,1
DA:75,1
DA:76,1
DA:77,1
DA:78,1
DA:79,1
DA:80,1
DA:81,1
DA:82,1
DA:88,4
DA:90,1
DA:92,1
DA:93,1
DA:94,1
DA:95,1
DA:97,1
DA:98,4
DA:99,2
DA:100,1
DA:112,1
DA:117,1
DA:119,1
DA:128,3
DA:129,1
DA:130,3
DA:131,5
DA:135,3
DA:137,1
DA:139,1
DA:140,1
DA:143,1
DA:144,1
DA:148,1
DA:149,1
DA:151,1
DA:153,1
DA:155,1
DA:156,1
DA:157,1
DA:168,1
DA:169,1
DA:171,2
DA:174,0
DA:175,0
DA:176,0
DA:177,0
DA:180,0
DA:181,0
DA:182,0
DA:184,0
DA:185,0
DA:198,1
DA:199,1
DA:200,1
DA:201,1
DA:204,1
DA:205,1
DA:206,1
DA:210,1
DA:212,1
LF:87
LH:78
end_of_record
SF:lib/features/insights/models/daily_cap.dart
DA:6,3
DA:17,0
DA:18,0
DA:19,0
DA:20,0
DA:21,0
DA:22,0
DA:23,0
DA:24,0
DA:25,0
DA:27,0
DA:28,0
DA:29,0
DA:42,8
DA:43,4
DA:45,1
DA:54,1
DA:55,1
DA:56,1
DA:57,1
DA:58,1
DA:59,1
DA:60,1
DA:61,1
DA:64,1
DA:65,1
DA:66,1
DA:67,1
DA:68,1
DA:69,1
DA:70,1
DA:71,1
DA:72,1
DA:76,0
DA:77,0
DA:78,0
DA:79,0
DA:80,0
DA:81,0
DA:82,0
DA:83,0
LF:41
LH:21
end_of_record
SF:lib/core/models/ai_config.dart
DA:23,3
DA:36,0
DA:38,0
DA:39,0
DA:40,0
DA:41,0
DA:42,0
DA:46,0
DA:47,0
DA:48,0
DA:49,0
DA:50,0
DA:51,0
DA:52,0
DA:53,0
DA:54,0
DA:55,0
DA:60,0
DA:61,0
DA:62,0
DA:63,0
DA:65,0
DA:66,0
DA:67,0
DA:68,0
DA:69,0
DA:71,0
DA:72,0
DA:100,0
DA:101,0
DA:102,0
DA:106,0
DA:107,0
DA:108,0
DA:118,0
DA:119,0
DA:120,0
DA:121,0
DA:122,0
DA:123,0
DA:124,0
DA:125,0
DA:128,0
DA:129,0
DA:133,0
DA:144,0
DA:145,0
DA:146,0
DA:147,0
DA:148,0
DA:149,0
DA:150,0
DA:151,0
DA:152,0
DA:153,0
DA:156,0
DA:157,0
DA:158,0
DA:159,0
DA:160,0
DA:161,0
DA:162,0
DA:163,0
DA:164,0
DA:165,0
DA:166,0
DA:172,0
DA:187,0
DA:188,0
DA:189,0
DA:190,0
DA:196,1
DA:203,0
DA:204,0
DA:205,0
DA:206,0
DA:207,0
DA:209,0
DA:227,0
DA:233,0
DA:234,0
DA:235,0
DA:236,0
LF:83
LH:2
end_of_record
SF:lib/core/services/ai/ai_service.dart
DA:5,0
DA:14,0
DA:15,0
DA:20,0
LF:4
LH:0
end_of_record
SF:lib/core/services/ai/ai_service_factory.dart
DA:13,0
DA:16,0
DA:17,0
DA:21,0
DA:26,0
DA:30,0
DA:31,0
DA:34,0
DA:39,0
LF:9
LH:0
end_of_record
SF:lib/core/models/transaction.dart
DA:28,0
DA:29,0
DA:30,0
DA:31,0
DA:32,0
DA:36,0
DA:38,0
DA:40,0
DA:42,0
DA:48,0
DA:50,0
DA:52,0
DA:54,0
DA:56,0
DA:57,0
DA:82,0
DA:83,0
DA:84,0
DA:85,0
DA:86,0
DA:111,0
DA:112,0
DA:113,0
DA:114,0
DA:115,0
DA:178,0
DA:179,0
DA:180,0
DA:181,0
DA:182,0
DA:186,0
DA:193,0
DA:196,0
DA:207,0
DA:212,2
DA:240,2
DA:241,2
DA:242,2
DA:243,2
DA:247,0
DA:250,0
DA:252,0
DA:253,0
DA:262,0
DA:264,0
DA:265,0
DA:273,0
DA:274,0
DA:275,0
DA:276,0
DA:282,0
DA:284,0
DA:288,0
DA:289,0
DA:290,0
DA:291,0
DA:295,0
DA:297,0
DA:298,0
DA:299,0
DA:300,0
DA:302,0
DA:303,0
DA:304,0
DA:305,0
DA:306,0
DA:307,0
DA:308,0
DA:309,0
DA:310,0
DA:311,0
DA:312,0
DA:313,0
DA:315,0
DA:316,0
DA:317,0
DA:318,0
DA:319,0
DA:320,0
DA:321,0
DA:407,2
DA:409,2
DA:410,0
DA:411,0
DA:412,0
DA:414,0
DA:415,0
DA:417,0
DA:419,0
DA:420,0
DA:422,0
DA:423,0
DA:425,0
DA:426,0
DA:427,0
DA:434,0
DA:463,0
DA:464,0
DA:465,0
DA:466,0
DA:467,0
DA:468,0
DA:469,0
DA:470,0
DA:471,0
DA:472,0
DA:473,0
DA:474,0
DA:475,0
DA:476,0
DA:477,0
DA:478,0
DA:479,0
DA:480,0
DA:481,0
DA:482,0
DA:483,0
DA:484,0
DA:485,0
DA:486,0
DA:487,0
DA:488,0
DA:489,0
DA:490,0
DA:494,0
DA:495,0
DA:496,0
DA:497,0
DA:499,0
DA:501,0
DA:502,0
DA:503,0
DA:505,0
DA:506,0
DA:507,0
DA:508,0
DA:510,0
DA:511,0
DA:512,0
DA:513,0
DA:514,0
DA:515,0
DA:516,0
DA:517,0
DA:518,0
DA:519,0
DA:520,0
DA:521,0
DA:522,0
DA:523,0
DA:526,0
DA:527,0
DA:528,0
DA:529,0
DA:530,0
DA:531,0
DA:532,0
DA:533,0
DA:534,0
DA:535,0
DA:536,0
DA:537,0
DA:538,0
DA:539,0
DA:540,0
DA:541,0
DA:542,0
DA:543,0
DA:544,0
DA:545,0
DA:546,0
DA:547,0
DA:548,0
DA:549,0
DA:550,0
DA:551,0
DA:552,0
LF:177
LH:7
end_of_record
SF:lib/features/transaction_entry/models/draft_transaction.dart
DA:10,7
DA:22,7
DA:23,7
DA:58,6
DA:71,6
DA:72,5
DA:73,4
DA:74,6
DA:75,6
DA:76,6
DA:77,6
DA:78,6
DA:79,6
DA:80,3
DA:81,6
DA:82,5
DA:86,2
DA:87,2
DA:88,2
DA:89,2
DA:90,2
DA:91,2
DA:92,2
DA:95,2
DA:96,2
DA:97,1
DA:98,1
DA:99,1
DA:100,1
DA:101,1
DA:102,2
DA:105,1
DA:107,1
DA:108,0
DA:112,1
DA:113,1
DA:114,1
DA:115,1
DA:116,4
DA:117,1
DA:119,1
DA:120,1
DA:121,1
DA:122,1
DA:126,0
DA:127,0
DA:128,0
DA:129,0
DA:130,0
DA:131,0
DA:132,0
DA:133,0
DA:134,0
DA:135,0
DA:136,0
DA:137,0
DA:138,0
LF:57
LH:43
end_of_record
SF:lib/features/transaction_entry/models/input_validation.dart
DA:5,5
DA:28,2
DA:35,2
DA:36,2
DA:37,2
DA:38,2
DA:39,2
DA:41,0
DA:45,0
DA:48,0
DA:51,0
DA:54,4
DA:56,0
DA:57,0
DA:58,0
DA:59,0
DA:60,0
DA:61,0
DA:62,0
LF:19
LH:8
end_of_record
SF:lib/features/transaction_entry/models/transaction_entry_state.dart
DA:8,3
DA:14,3
DA:31,1
DA:38,1
DA:39,0
DA:40,1
DA:41,1
DA:42,1
DA:43,1
DA:47,0
DA:48,0
DA:49,0
DA:50,0
DA:52,0
DA:53,0
DA:54,0
DA:55,0
DA:56,0
DA:57,0
DA:58,0
DA:64,4
DA:103,3
DA:118,3
DA:119,3
DA:122,3
DA:123,3
DA:124,3
DA:125,3
DA:126,3
DA:127,3
DA:130,3
DA:131,3
DA:134,0
DA:135,0
DA:136,0
DA:137,0
DA:138,0
DA:139,0
DA:140,0
DA:141,0
DA:142,0
DA:143,0
DA:144,0
LF:43
LH:20
end_of_record
SF:lib/features/transaction_entry/providers/draft_manager_provider.dart
DA:7,4
DA:16,3
DA:21,3
DA:22,3
DA:23,3
DA:24,3
DA:30,3
DA:33,3
DA:37,3
DA:38,9
DA:41,6
DA:42,9
DA:46,1
DA:47,3
DA:49,1
DA:55,3
DA:57,6
DA:58,9
DA:62,7
DA:63,3
DA:64,1
DA:66,3
DA:69,9
DA:70,1
DA:71,4
DA:76,1
DA:78,2
DA:79,6
DA:80,3
DA:81,1
DA:82,4
DA:87,1
DA:89,2
DA:90,3
DA:91,0
DA:92,0
DA:97,2
DA:98,6
DA:99,4
DA:100,6
DA:104,4
DA:107,4
DA:108,1
DA:109,3
DA:110,1
DA:114,1
DA:115,3
DA:116,3
DA:117,3
DA:118,3
DA:119,3
DA:123,6
DA:124,6
DA:125,6
DA:126,3
LF:55
LH:53
end_of_record
SF:lib/features/transaction_entry/services/draft_persistence_service.dart
DA:31,2
DA:33,2
DA:39,2
DA:42,2
DA:43,2
DA:47,2
DA:48,2
DA:49,0
DA:51,2
DA:55,4
DA:56,0
DA:57,0
DA:61,6
DA:62,2
DA:65,2
DA:66,2
DA:70,0
DA:74,2
DA:77,2
DA:78,2
DA:80,1
DA:81,2
DA:84,1
DA:85,1
DA:88,3
DA:89,3
DA:90,1
DA:93,1
DA:98,0
DA:99,0
DA:103,0
DA:105,0
DA:106,0
DA:107,0
DA:108,0
DA:112,0
DA:114,0
DA:115,0
DA:117,0
DA:119,0
DA:120,0
DA:122,0
DA:125,0
DA:127,0
DA:128,0
DA:131,0
DA:133,0
DA:134,0
DA:138,2
DA:141,2
DA:142,2
DA:146,1
DA:148,1
DA:149,1
DA:156,4
DA:157,2
DA:158,2
DA:159,3
DA:160,2
DA:161,2
DA:162,2
DA:163,2
DA:164,2
DA:165,2
DA:166,4
DA:167,4
DA:171,1
DA:172,1
DA:173,1
DA:174,1
DA:175,1
DA:176,0
DA:177,0
DA:178,0
DA:181,1
DA:182,1
DA:183,1
DA:184,0
DA:186,2
DA:187,1
DA:188,2
DA:189,2
DA:190,2
DA:195,9
DA:196,4
LF:85
LH:57
end_of_record
SF:lib/features/transaction_entry/providers/input_validation_provider.dart
DA:8,2
DA:17,1
DA:22,1
DA:23,1
DA:24,0
DA:25,1
DA:31,2
DA:34,2
DA:38,1
DA:39,3
DA:42,2
DA:43,3
DA:47,0
DA:48,0
DA:49,0
DA:51,0
DA:52,0
DA:59,0
DA:62,0
DA:64,0
DA:65,0
DA:67,0
DA:68,0
DA:69,0
DA:71,0
DA:72,0
DA:75,0
DA:76,0
DA:78,0
DA:83,0
DA:84,0
DA:87,0
DA:88,0
DA:92,0
DA:93,0
DA:94,0
DA:96,0
DA:97,0
DA:104,0
DA:105,0
DA:108,0
DA:109,0
DA:112,0
DA:113,0
DA:115,0
DA:116,0
DA:117,0
DA:120,0
DA:121,0
DA:122,0
DA:130,0
DA:131,0
DA:133,0
DA:135,0
DA:136,0
DA:143,0
DA:144,0
DA:146,0
DA:148,0
DA:149,0
DA:156,0
DA:157,0
DA:161,0
DA:163,0
DA:164,0
DA:165,0
DA:170,4
DA:171,4
DA:172,4
DA:173,2
LF:70
LH:15
end_of_record
SF:lib/features/transaction_entry/services/validation_service.dart
DA:26,3
DA:28,3
DA:29,3
DA:30,3
DA:34,6
DA:35,6
DA:36,6
DA:38,6
DA:39,6
DA:43,6
DA:44,3
DA:45,2
DA:46,4
DA:48,6
DA:49,6
DA:52,6
DA:53,4
DA:54,2
DA:56,6
DA:57,6
DA:60,3
DA:62,0
DA:63,0
DA:64,0
DA:66,0
DA:67,0
DA:71,3
DA:72,6
DA:73,2
DA:74,1
DA:77,3
DA:78,6
DA:79,2
DA:80,1
DA:83,6
DA:84,2
DA:85,4
DA:86,1
DA:90,6
DA:91,0
DA:92,0
DA:95,3
DA:96,3
DA:97,6
DA:102,0
DA:104,0
DA:109,3
DA:112,3
DA:113,3
DA:114,3
DA:115,3
DA:116,3
DA:117,3
DA:118,0
DA:119,0
DA:120,0
DA:121,0
DA:122,0
DA:123,0
DA:129,0
DA:133,0
DA:135,0
DA:136,0
DA:142,3
DA:151,3
DA:159,3
DA:161,3
DA:169,3
DA:177,3
DA:178,3
DA:179,1
DA:182,3
DA:184,3
DA:188,3
DA:189,9
DA:197,6
DA:199,6
DA:207,6
DA:215,3
DA:216,3
DA:220,3
DA:229,2
DA:237,4
DA:240,0
DA:247,0
DA:256,0
DA:259,0
DA:268,0
DA:276,0
DA:279,0
DA:280,0
DA:291,0
DA:294,0
DA:295,0
DA:306,0
DA:311,6
DA:312,7
LF:97
LH:66
end_of_record
SF:lib/features/transaction_entry/providers/transaction_entry_provider.dart
DA:10,3
DA:15,3
DA:20,3
DA:21,9
DA:23,6
DA:24,6
DA:33,9
DA:36,3
DA:37,6
DA:38,9
DA:40,6
DA:42,9
DA:46,7
DA:49,3
DA:51,2
DA:52,6
DA:54,2
DA:55,2
DA:57,2
DA:58,2
DA:65,0
DA:66,0
DA:70,0
DA:71,0
DA:75,0
DA:76,0
DA:80,0
DA:81,0
DA:82,0
DA:83,0
DA:84,0
DA:86,0
DA:87,0
DA:93,0
DA:96,1
DA:99,2
DA:101,1
DA:102,1
DA:103,1
DA:104,5
DA:108,1
DA:109,5
DA:114,2
DA:115,1
DA:118,3
DA:124,3
DA:127,1
DA:131,1
DA:133,3
DA:139,2
DA:140,0
DA:142,2
DA:144,0
DA:145,0
DA:147,0
DA:153,1
DA:154,3
DA:164,1
DA:165,2
DA:167,3
DA:169,4
DA:170,1
DA:172,0
DA:173,1
DA:175,3
DA:176,1
DA:178,3
DA:179,1
DA:181,3
DA:182,1
DA:184,3
DA:187,2
DA:189,3
DA:196,1
DA:197,3
DA:206,6
DA:207,3
DA:208,3
DA:209,6
DA:210,6
DA:212,3
LF:81
LH:62
end_of_record
SF:lib/features/transaction_entry/services/transaction_parser_service.dart
DA:84,3
DA:86,3
DA:87,3
DA:88,1
DA:92,3
DA:93,3
DA:94,3
DA:97,1
DA:100,3
DA:106,3
DA:107,3
DA:109,2
DA:113,3
DA:116,3
DA:119,3
DA:122,3
DA:123,3
DA:124,4
DA:125,2
DA:127,1
DA:132,3
DA:133,3
DA:136,3
DA:139,3
DA:140,1
DA:144,6
DA:145,6
DA:146,3
DA:147,3
DA:151,3
DA:154,3
DA:158,3
DA:162,3
DA:168,6
DA:169,6
DA:170,3
DA:171,2
DA:178,3
DA:179,3
DA:181,4
DA:182,1
DA:183,1
DA:184,1
DA:186,1
DA:188,1
DA:189,3
DA:194,3
DA:195,3
DA:197,4
DA:198,1
DA:199,1
DA:201,1
DA:203,1
DA:205,2
DA:206,1
DA:207,1
DA:208,2
DA:210,1
DA:211,1
DA:212,1
DA:213,1
DA:214,1
DA:216,2
DA:220,0
DA:229,1
DA:251,1
DA:258,3
DA:259,1
DA:261,1
DA:265,2
DA:269,3
DA:271,1
DA:273,1
DA:277,1
DA:280,0
DA:283,0
DA:284,0
DA:291,1
DA:292,2
DA:294,3
DA:297,2
DA:299,0
DA:301,0
DA:305,1
DA:306,1
DA:307,1
DA:308,0
DA:311,1
DA:314,3
DA:317,9
DA:320,9
DA:323,9
DA:327,9
DA:330,9
DA:333,6
DA:334,6
DA:341,3
DA:343,3
DA:347,12
DA:354,12
DA:358,12
DA:373,3
DA:378,9
DA:379,3
DA:383,9
DA:384,3
DA:388,3
DA:389,2
DA:393,15
DA:395,3
DA:399,3
DA:400,9
DA:401,9
DA:402,3
DA:406,3
DA:407,2
DA:408,2
DA:409,2
DA:412,3
DA:417,9
DA:418,4
LF:121
LH:114
end_of_record
SF:lib/features/insights/screens/flux_insights_screen.dart
DA:24,1
DA:26,1
DA:27,1
DA:33,2
DA:34,2
DA:37,1
DA:40,1
DA:42,1
DA:43,2
DA:44,1
DA:47,1
DA:50,2
DA:51,1
DA:52,0
DA:53,0
DA:56,1
DA:61,2
DA:63,0
DA:64,0
DA:69,1
DA:71,0
DA:72,0
DA:73,0
DA:77,1
DA:79,2
DA:80,1
DA:81,2
DA:85,1
DA:86,2
DA:90,1
DA:91,2
DA:95,1
DA:96,2
DA:100,1
DA:101,2
DA:105,1
DA:106,2
DA:110,2
DA:114,2
DA:117,1
DA:121,1
DA:124,3
DA:125,2
DA:126,1
DA:129,0
DA:131,0
DA:134,0
DA:136,0
DA:137,0
DA:138,0
DA:143,1
DA:146,1
DA:148,1
DA:149,1
DA:150,1
DA:151,1
DA:153,1
DA:154,1
DA:161,1
DA:163,2
DA:164,1
DA:172,1
DA:174,1
DA:175,2
DA:177,1
DA:178,1
DA:181,1
DA:182,1
DA:183,1
DA:184,1
DA:186,1
DA:189,1
DA:190,3
DA:191,2
DA:192,1
DA:195,1
DA:196,4
DA:197,1
DA:206,1
DA:207,1
DA:210,1
DA:211,1
DA:213,1
DA:214,1
DA:216,1
DA:220,1
DA:221,1
DA:224,1
DA:234,1
DA:235,1
DA:238,1
DA:239,1
DA:241,1
DA:242,1
DA:244,1
DA:248,2
DA:256,1
DA:257,1
DA:260,1
DA:261,1
DA:263,1
DA:264,1
DA:266,1
DA:270,2
DA:284,1
LF:105
LH:92
end_of_record
SF:lib/features/insights/widgets/daily_budget_velocity.dart
DA:24,2
DA:30,2
DA:33,8
DA:34,1
DA:37,2
DA:39,4
DA:40,2
DA:42,2
DA:44,2
DA:46,2
DA:48,2
DA:49,2
DA:50,2
DA:52,2
DA:55,2
DA:56,2
DA:58,1
DA:61,2
DA:64,2
DA:72,2
DA:74,2
DA:75,2
DA:76,6
DA:77,2
DA:79,2
DA:80,2
DA:81,3
DA:82,7
DA:83,4
DA:84,2
DA:85,1
DA:86,2
DA:95,2
DA:98,1
DA:100,2
DA:101,1
LF:36
LH:36
end_of_record
SF:lib/features/insights/widgets/trend_radar_chart.dart
DA:26,2
DA:32,2
DA:33,2
DA:39,2
DA:41,5
DA:44,2
DA:45,2
DA:49,2
DA:51,2
DA:53,2
DA:54,2
DA:55,8
DA:56,2
DA:57,4
DA:58,4
DA:60,2
DA:62,2
DA:63,2
DA:66,2
DA:71,2
DA:73,2
DA:74,2
DA:75,2
DA:80,2
DA:81,2
DA:82,2
DA:83,2
DA:85,2
DA:86,6
DA:87,2
DA:88,6
DA:89,2
DA:101,2
DA:103,2
DA:104,2
DA:105,2
DA:106,0
DA:107,0
DA:108,0
DA:109,0
DA:110,0
DA:114,1
DA:115,1
DA:116,0
DA:117,0
DA:120,2
DA:121,1
DA:131,0
DA:133,0
DA:136,2
DA:137,4
DA:139,4
DA:142,1
DA:143,1
DA:145,3
DA:146,1
DA:147,1
DA:148,5
DA:150,1
DA:159,2
DA:160,12
DA:161,2
DA:162,2
DA:166,2
DA:168,0
DA:173,2
DA:174,1
DA:178,2
DA:180,10
DA:181,2
DA:184,4
DA:187,2
DA:189,4
DA:190,2
LF:74
LH:64
end_of_record
SF:lib/core/widgets/app_card.dart
DA:7,2
DA:23,2
DA:25,2
DA:26,2
DA:30,2
DA:32,0
DA:33,0
DA:34,0
DA:39,2
DA:40,2
DA:45,2
DA:51,2
DA:53,2
DA:55,2
DA:56,4
DA:58,4
DA:61,2
DA:64,2
DA:65,0
DA:66,0
DA:77,0
DA:93,0
DA:94,0
DA:95,0
DA:96,0
DA:97,0
DA:98,0
DA:100,0
DA:101,0
DA:103,0
DA:104,0
DA:105,0
DA:106,0
DA:108,0
DA:112,0
DA:120,0
DA:136,0
DA:137,0
DA:138,0
DA:139,0
DA:141,0
DA:142,0
DA:143,0
DA:144,0
DA:145,0
DA:146,0
DA:148,0
DA:152,0
DA:153,0
DA:154,0
DA:155,0
DA:163,0
DA:164,0
DA:165,0
DA:166,0
DA:169,0
DA:171,0
DA:172,0
DA:173,0
LF:59
LH:15
end_of_record
SF:lib/features/insights/widgets/insight_bubble.dart
DA:8,1
DA:23,1
DA:25,1
DA:26,1
DA:28,1
DA:30,1
DA:32,1
DA:33,5
DA:34,3
DA:35,1
DA:37,7
DA:38,2
DA:43,1
DA:44,2
DA:45,2
DA:46,1
DA:47,1
DA:48,1
DA:49,2
DA:51,1
DA:53,1
DA:54,1
DA:55,2
DA:58,1
DA:59,1
DA:66,1
DA:69,1
DA:71,1
DA:72,1
DA:73,1
DA:74,1
DA:76,1
DA:79,1
DA:80,1
DA:81,2
DA:83,1
DA:91,1
DA:92,2
DA:93,2
DA:99,4
DA:102,1
DA:105,2
DA:106,1
DA:107,2
DA:112,1
DA:113,1
DA:114,1
DA:115,1
DA:117,1
DA:120,2
DA:121,1
DA:127,1
DA:132,2
DA:134,1
DA:135,1
DA:136,1
DA:139,1
DA:142,1
DA:144,2
DA:145,1
DA:158,3
DA:159,1
DA:160,3
DA:161,3
DA:162,1
DA:163,2
DA:165,1
DA:166,1
DA:167,1
DA:168,2
DA:172,1
DA:173,1
DA:175,2
DA:176,2
DA:177,1
DA:178,1
DA:179,1
DA:180,1
DA:181,1
DA:182,3
DA:183,2
DA:195,1
DA:196,2
DA:197,1
DA:198,1
DA:199,1
DA:201,1
DA:202,1
DA:206,1
DA:207,2
DA:208,1
DA:210,1
DA:212,1
DA:217,1
DA:218,2
DA:219,1
DA:221,1
DA:223,1
DA:231,0
DA:244,0
DA:245,0
DA:246,0
DA:248,0
DA:249,0
DA:252,0
DA:253,0
DA:255,0
DA:257,0
DA:260,0
DA:264,0
DA:266,0
LF:111
LH:98
end_of_record
SF:lib/features/insights/widgets/daily_pacer_widget.dart
DA:9,1
DA:18,1
DA:19,1
DA:20,1
DA:21,1
DA:23,1
DA:24,1
DA:25,1
DA:26,1
DA:27,1
DA:30,1
DA:32,1
DA:34,1
DA:36,1
DA:37,1
DA:39,1
DA:41,1
DA:47,1
DA:51,1
DA:55,2
DA:56,3
DA:62,1
DA:63,1
DA:64,1
DA:66,1
DA:71,1
DA:72,1
DA:73,1
DA:75,1
DA:77,1
DA:78,1
DA:84,1
DA:85,1
DA:86,2
DA:96,1
DA:97,3
DA:98,1
DA:100,1
DA:102,1
DA:103,1
DA:104,1
DA:106,1
DA:107,1
DA:108,1
DA:111,1
DA:117,1
DA:118,2
DA:119,2
DA:121,1
DA:123,1
DA:124,1
DA:125,2
DA:126,4
DA:127,1
DA:128,1
DA:129,1
DA:130,1
DA:131,1
DA:134,1
DA:135,1
DA:136,1
DA:137,4
DA:138,4
DA:139,1
DA:140,1
DA:141,1
DA:149,1
DA:150,2
DA:152,1
DA:154,1
DA:155,1
DA:156,1
DA:157,1
DA:158,1
DA:161,1
DA:163,1
DA:164,1
DA:165,1
DA:166,1
DA:167,2
DA:172,1
DA:174,2
DA:182,1
DA:183,1
DA:184,1
DA:186,3
DA:188,1
DA:191,1
DA:192,1
DA:193,2
DA:198,1
DA:199,1
DA:200,1
DA:202,1
DA:204,4
DA:211,1
DA:219,1
DA:220,2
DA:221,1
DA:222,1
DA:223,1
DA:224,1
DA:225,1
DA:226,1
DA:230,1
DA:231,2
DA:232,1
DA:234,1
DA:236,1
DA:241,1
DA:242,2
DA:243,1
DA:245,1
DA:247,1
DA:252,1
DA:254,1
DA:255,1
DA:256,1
DA:257,1
DA:258,1
DA:259,1
DA:260,1
DA:261,1
DA:263,0
DA:264,0
DA:268,1
DA:270,1
DA:272,1
DA:274,0
LF:129
LH:126
end_of_record
SF:lib/features/insights/widgets/monthly_structure_card.dart
DA:9,1
DA:18,1
DA:19,1
DA:20,1
DA:21,1
DA:23,1
DA:24,1
DA:26,2
DA:28,1
DA:30,1
DA:32,1
DA:34,1
DA:35,1
DA:37,1
DA:39,1
DA:45,1
DA:46,1
DA:47,2
DA:49,1
DA:50,1
DA:56,1
DA:62,1
DA:63,1
DA:64,1
DA:66,1
DA:71,1
DA:72,1
DA:73,1
DA:74,1
DA:75,1
DA:78,1
DA:80,2
DA:88,2
DA:90,1
DA:92,1
DA:94,1
DA:98,1
DA:100,1
DA:105,2
DA:106,1
DA:107,1
DA:109,1
DA:113,1
DA:114,3
DA:116,3
DA:118,1
DA:121,1
DA:122,1
DA:124,2
DA:126,1
DA:127,1
DA:128,1
DA:130,1
DA:133,1
DA:134,1
DA:135,1
DA:138,1
DA:139,1
DA:141,1
DA:142,1
DA:144,1
DA:145,1
DA:146,3
DA:147,2
DA:148,1
DA:151,1
DA:153,1
DA:161,1
DA:163,1
DA:164,1
DA:167,1
DA:170,1
DA:173,1
DA:182,1
DA:184,1
DA:185,1
DA:186,1
DA:187,1
DA:190,1
DA:193,1
DA:194,1
DA:196,2
DA:198,1
DA:200,1
DA:201,1
DA:203,1
DA:206,1
DA:207,2
DA:209,1
DA:211,1
DA:212,1
DA:213,1
DA:214,1
DA:216,1
DA:217,3
DA:218,2
DA:231,2
DA:233,1
DA:234,2
DA:236,2
DA:238,1
DA:240,1
DA:241,1
DA:242,1
DA:243,1
DA:246,1
DA:249,1
DA:251,2
DA:252,1
DA:258,1
DA:259,2
DA:260,1
DA:262,4
DA:264,1
DA:266,2
DA:271,4
DA:272,2
DA:276,1
DA:278,1
DA:279,2
DA:280,1
DA:281,1
DA:283,1
DA:295,1
DA:296,1
DA:297,1
DA:298,1
DA:301,1
DA:307,1
DA:309,1
DA:314,1
DA:315,2
DA:316,1
DA:317,1
DA:318,1
DA:319,1
DA:320,1
DA:321,1
DA:322,1
DA:324,1
DA:325,1
DA:329,1
DA:330,2
DA:331,1
DA:333,1
DA:335,1
DA:337,1
DA:339,1
DA:346,1
DA:358,1
DA:360,5
DA:361,3
DA:364,3
DA:365,3
DA:368,1
DA:369,2
DA:370,1
DA:371,1
DA:372,1
DA:374,1
DA:375,1
DA:376,2
DA:383,1
DA:384,2
DA:385,1
DA:386,1
DA:387,1
DA:389,1
DA:390,1
DA:391,3
DA:398,1
DA:400,3
DA:401,0
DA:402,0
DA:403,0
LF:175
LH:172
end_of_record
SF:lib/features/transaction_entry/screens/transaction_entry_screen.dart
DA:10,1
DA:12,1
DA:13,1
DA:14,1
DA:16,3
DA:17,3
DA:19,1
DA:20,1
DA:22,0
DA:38,0
DA:44,0
DA:45,0
DA:46,0
DA:48,0
DA:49,0
DA:51,0
DA:52,0
DA:54,0
DA:58,0
DA:60,0
LF:20
LH:8
end_of_record
SF:lib/features/transaction_entry/widgets/transaction_entry_screen.dart
DA:27,1
DA:29,1
DA:31,1
DA:36,1
DA:38,1
DA:39,2
DA:42,3
DA:43,5
DA:47,1
DA:49,2
DA:50,1
DA:53,0
DA:55,0
DA:57,0
DA:61,0
DA:62,0
DA:63,0
DA:64,0
DA:65,0
DA:66,0
DA:70,1
DA:71,1
DA:73,2
DA:76,1
DA:77,3
DA:78,3
DA:79,3
DA:81,2
DA:82,3
DA:83,1
DA:85,1
DA:86,1
DA:91,1
DA:92,0
DA:93,1
DA:95,1
DA:98,1
DA:100,1
DA:101,1
DA:102,1
DA:104,1
DA:105,1
DA:106,1
DA:107,0
DA:108,0
DA:109,0
DA:110,0
DA:112,0
DA:113,0
DA:114,0
DA:116,0
DA:117,0
DA:118,0
DA:119,0
DA:128,1
DA:129,0
DA:133,0
DA:134,0
DA:135,0
DA:136,0
DA:141,1
DA:149,1
DA:154,1
DA:160,1
DA:161,2
DA:162,1
DA:163,0
DA:171,0
DA:172,0
DA:173,0
DA:175,0
DA:183,0
DA:184,0
DA:185,0
DA:186,0
DA:197,0
DA:198,0
DA:200,0
DA:201,0
DA:202,0
DA:204,0
DA:207,0
DA:215,0
DA:216,0
DA:218,0
DA:219,0
DA:220,0
DA:226,1
LF:88
LH:41
end_of_record
SF:lib/features/transaction_entry/widgets/draft_card/account_selector.dart
DA:5,0
DA:31,0
DA:33,0
DA:34,0
DA:36,0
DA:37,0
DA:38,0
DA:41,0
DA:42,0
DA:43,0
DA:44,0
DA:46,0
DA:47,0
DA:48,0
DA:49,0
DA:50,0
DA:52,0
DA:54,0
DA:55,0
DA:56,0
DA:57,0
DA:59,0
DA:60,0
DA:61,0
DA:64,0
DA:65,0
DA:66,0
DA:67,0
DA:69,0
DA:70,0
DA:71,0
DA:72,0
DA:76,0
DA:79,0
DA:87,0
DA:88,0
DA:90,0
DA:92,0
DA:94,0
DA:95,0
DA:96,0
DA:97,0
DA:98,0
DA:99,0
DA:101,0
DA:103,0
DA:104,0
DA:105,0
DA:108,0
LF:49
LH:0
end_of_record
SF:lib/features/transaction_entry/widgets/draft_card/amount_display.dart
DA:6,0
DA:14,0
DA:16,0
DA:17,0
DA:19,0
DA:20,0
DA:22,0
DA:23,0
DA:29,0
DA:31,0
DA:34,0
DA:36,0
DA:37,0
DA:38,0
DA:39,0
DA:47,0
DA:49,0
DA:50,0
DA:59,0
DA:60,0
DA:63,0
DA:66,0
DA:69,0
DA:70,0
DA:71,0
DA:73,0
DA:75,0
DA:77,0
DA:79,0
LF:29
LH:0
end_of_record
SF:lib/features/transaction_entry/widgets/draft_card/cancel_button.dart
DA:5,0
DA:11,0
DA:13,0
DA:14,0
DA:16,0
DA:17,0
DA:18,0
DA:19,0
DA:20,0
DA:23,0
DA:24,0
DA:25,0
DA:26,0
LF:13
LH:0
end_of_record
SF:lib/features/transaction_entry/widgets/draft_card/category_selector.dart
DA:5,0
DA:42,0
DA:44,0
DA:45,0
DA:47,0
DA:48,0
DA:49,0
DA:52,0
DA:53,0
DA:54,0
DA:55,0
DA:57,0
DA:58,0
DA:59,0
DA:60,0
DA:61,0
DA:63,0
DA:65,0
DA:66,0
DA:67,0
DA:68,0
DA:70,0
DA:71,0
DA:72,0
DA:75,0
DA:76,0
DA:77,0
DA:78,0
DA:80,0
DA:81,0
DA:82,0
DA:83,0
DA:87,0
DA:90,0
DA:98,0
DA:99,0
DA:101,0
DA:103,0
DA:105,0
DA:106,0
DA:108,0
DA:111,0
DA:114,0
DA:115,0
DA:116,0
DA:117,0
DA:118,0
DA:119,0
DA:121,0
DA:122,0
DA:125,0
DA:127,0
DA:129,0
DA:131,0
DA:132,0
DA:133,0
DA:134,0
DA:135,0
DA:137,0
DA:139,0
DA:141,0
DA:142,0
DA:143,0
DA:146,0
DA:147,0
DA:148,0
DA:149,0
DA:150,0
DA:153,0
DA:154,0
DA:155,0
DA:157,0
DA:158,0
DA:168,0
LF:74
LH:0
end_of_record
SF:lib/features/transaction_entry/widgets/draft_card/confirm_button.dart
DA:5,0
DA:15,0
DA:17,0
DA:18,0
DA:20,0
DA:22,0
DA:23,0
DA:24,0
DA:26,0
DA:27,0
DA:29,0
DA:30,0
DA:33,0
DA:34,0
DA:37,0
DA:39,0
DA:40,0
DA:41,0
LF:18
LH:0
end_of_record
SF:lib/features/transaction_entry/widgets/draft_card/date_selector.dart
DA:6,0
DA:14,0
DA:16,0
DA:17,0
DA:19,0
DA:20,0
DA:21,0
DA:22,0
DA:24,0
DA:25,0
DA:26,0
DA:27,0
DA:28,0
DA:30,0
DA:32,0
DA:33,0
DA:34,0
DA:37,0
DA:38,0
DA:39,0
DA:42,0
DA:43,0
DA:44,0
DA:45,0
DA:47,0
DA:48,0
DA:49,0
DA:50,0
DA:54,0
DA:57,0
DA:65,0
DA:66,0
DA:68,0
DA:69,0
DA:70,0
DA:74,0
LF:36
LH:0
end_of_record
SF:lib/features/transaction_entry/widgets/draft_card/draft_card.dart
DA:41,0
DA:65,0
DA:66,0
DA:75,0
DA:77,0
DA:78,0
DA:83,0
DA:86,0
DA:87,0
DA:88,0
DA:93,0
DA:96,0
DA:97,0
DA:98,0
DA:104,0
DA:107,0
DA:109,0
DA:110,0
DA:113,0
DA:115,0
DA:116,0
DA:120,0
DA:122,0
DA:125,0
DA:128,0
DA:129,0
DA:130,0
DA:131,0
DA:132,0
DA:133,0
DA:134,0
DA:136,0
DA:137,0
DA:138,0
DA:139,0
DA:143,0
DA:144,0
DA:145,0
DA:151,0
DA:153,0
DA:155,0
DA:158,0
DA:160,0
DA:162,0
DA:164,0
DA:165,0
DA:171,0
DA:172,0
DA:173,0
DA:174,0
DA:179,0
DA:182,0
DA:183,0
DA:185,0
DA:186,0
DA:187,0
DA:188,0
DA:197,0
DA:198,0
DA:199,0
DA:200,0
DA:208,0
DA:211,0
DA:212,0
DA:213,0
DA:222,0
DA:231,0
DA:233,0
DA:234,0
DA:240,0
DA:241,0
DA:243,0
DA:245,0
DA:246,0
DA:247,0
DA:249,0
DA:250,0
DA:262,0
DA:263,0
DA:268,0
DA:269,0
DA:275,0
DA:284,0
DA:285,0
DA:287,0
DA:289,0
DA:296,0
DA:298,0
DA:299,0
DA:300,0
DA:301,0
DA:302,0
DA:308,0
DA:309,0
DA:311,0
DA:312,0
DA:313,0
DA:320,0
DA:322,0
DA:323,0
DA:324,0
DA:326,0
DA:327,0
LF:103
LH:0
end_of_record
SF:lib/features/transaction_entry/widgets/input_dock/input_dock.dart
DA:30,1
DA:32,1
DA:33,1
DA:42,1
DA:44,1
DA:45,2
DA:46,2
DA:50,2
DA:53,1
DA:54,1
DA:55,1
DA:61,3
DA:64,1
DA:66,2
DA:67,2
DA:68,1
DA:71,0
DA:72,0
DA:73,0
DA:74,0
DA:76,0
DA:80,0
DA:81,0
DA:82,0
DA:83,0
DA:85,0
DA:89,1
DA:91,3
DA:93,1
DA:95,1
DA:96,2
DA:101,1
DA:102,1
DA:103,1
DA:109,1
DA:111,1
DA:113,1
DA:114,1
DA:116,1
DA:117,1
DA:118,1
DA:119,1
DA:120,1
DA:127,1
DA:128,0
DA:129,0
DA:131,1
DA:137,1
DA:138,1
DA:139,2
DA:140,2
DA:141,1
DA:142,4
DA:143,0
DA:145,1
DA:153,2
DA:154,0
DA:156,0
DA:163,0
DA:164,0
DA:165,0
DA:167,0
DA:168,0
DA:169,0
DA:170,0
DA:172,0
DA:174,0
DA:181,0
DA:182,0
DA:183,0
DA:197,0
DA:199,0
DA:200,0
DA:201,0
DA:202,0
LF:75
LH:43
end_of_record
SF:lib/features/transaction_entry/widgets/input_dock/send_button.dart
DA:5,1
DA:13,1
DA:14,1
DA:22,1
DA:24,1
DA:25,2
DA:29,2
DA:32,1
DA:33,1
DA:34,1
DA:40,1
DA:42,2
DA:43,1
DA:46,0
DA:47,0
DA:48,0
DA:52,0
DA:53,0
DA:56,0
DA:57,0
DA:60,1
DA:62,1
DA:63,1
DA:65,2
DA:67,1
DA:68,1
DA:69,2
DA:70,2
DA:71,1
DA:72,1
DA:73,1
DA:74,1
DA:75,2
DA:76,1
DA:79,1
DA:81,0
DA:82,1
DA:83,1
DA:85,0
DA:86,0
DA:87,0
DA:94,1
DA:95,2
DA:96,0
DA:99,0
DA:101,0
DA:102,0
DA:106,1
DA:109,0
DA:110,2
LF:50
LH:34
end_of_record
SF:lib/features/transaction_entry/widgets/input_dock/text_input_field.dart
DA:6,1
DA:20,1
DA:21,1
DA:32,1
DA:34,1
DA:35,2
DA:39,2
DA:42,1
DA:43,1
DA:44,1
DA:49,3
DA:52,1
DA:54,3
DA:55,2
DA:56,2
DA:57,1
DA:60,0
DA:61,0
DA:62,0
DA:65,0
DA:66,0
DA:68,0
DA:72,1
DA:74,1
DA:75,1
DA:77,1
DA:78,1
DA:79,2
DA:80,1
DA:81,1
DA:82,1
DA:83,1
DA:84,0
DA:85,2
DA:86,2
DA:88,1
DA:89,0
DA:90,0
DA:91,0
DA:98,1
DA:99,2
DA:100,1
DA:101,2
DA:105,2
DA:107,2
DA:108,3
DA:109,2
DA:110,1
DA:111,0
DA:113,1
DA:114,2
DA:115,3
DA:116,2
DA:125,1
DA:127,1
DA:129,1
DA:130,1
LF:57
LH:46
end_of_record
SF:lib/features/transaction_entry/widgets/input_dock/voice_input_button.dart
DA:6,1
DA:14,1
DA:15,1
DA:28,1
DA:30,1
DA:31,2
DA:32,2
DA:36,2
DA:39,1
DA:40,1
DA:41,1
DA:47,2
DA:50,1
DA:51,1
DA:52,1
DA:57,1
DA:60,1
DA:62,2
DA:63,2
DA:64,1
DA:67,1
DA:69,2
DA:70,1
DA:71,1
DA:75,0
DA:78,0
DA:82,0
DA:83,0
DA:84,0
DA:85,0
DA:86,0
DA:87,0
DA:88,0
DA:89,0
DA:93,0
DA:94,0
DA:95,0
DA:96,0
DA:97,0
DA:100,0
DA:101,0
DA:110,0
DA:111,0
DA:113,0
DA:114,0
DA:115,0
DA:116,0
DA:117,0
DA:120,0
DA:121,0
DA:122,0
DA:123,0
DA:131,1
DA:133,1
DA:134,1
DA:136,4
DA:138,1
DA:139,4
DA:140,1
DA:142,3
DA:144,1
DA:146,1
DA:149,1
DA:150,1
DA:151,0
DA:153,0
DA:154,1
DA:155,1
DA:156,1
DA:157,0
DA:162,1
DA:163,0
DA:164,0
DA:165,0
DA:172,1
DA:173,0
DA:174,1
DA:175,1
DA:176,1
DA:179,0
DA:180,2
DA:183,1
LF:82
LH:46
end_of_record
SF:lib/features/transaction_entry/widgets/timeline/group_card.dart
DA:8,0
DA:20,0
DA:22,0
DA:23,0
DA:26,0
DA:28,0
DA:31,0
DA:33,0
DA:35,0
DA:37,0
DA:39,0
DA:40,0
DA:46,0
DA:47,0
DA:48,0
DA:49,0
DA:50,0
DA:51,0
DA:56,0
DA:57,0
DA:58,0
DA:59,0
DA:60,0
DA:61,0
DA:70,0
DA:71,0
DA:73,0
DA:74,0
LF:28
LH:0
end_of_record
SF:lib/features/transaction_entry/widgets/timeline/transaction_row.dart
DA:6,0
DA:16,0
DA:18,0
DA:19,0
DA:21,0
DA:22,0
DA:23,0
DA:25,0
DA:26,0
DA:28,0
DA:31,0
DA:32,0
DA:33,0
DA:35,0
DA:36,0
DA:37,0
DA:45,0
DA:46,0
DA:48,0
DA:49,0
DA:50,0
DA:51,0
DA:58,0
DA:59,0
DA:60,0
DA:61,0
DA:71,0
DA:72,0
DA:73,0
DA:74,0
DA:75,0
DA:76,0
DA:77,0
DA:78,0
DA:84,0
DA:85,0
DA:86,0
DA:88,0
DA:103,0
DA:105,0
DA:107,0
DA:109,0
DA:116,0
DA:118,0
DA:120,0
DA:122,0
LF:46
LH:0
end_of_record
SF:lib/features/transaction_entry/widgets/timeline/timeline_view.dart
DA:7,1
DA:17,1
DA:18,1
DA:22,1
DA:24,3
DA:25,1
DA:29,0
DA:31,0
DA:33,0
DA:34,0
DA:35,0
DA:36,0
DA:37,0
DA:38,0
DA:39,0
DA:40,0
DA:46,2
DA:47,1
DA:49,1
DA:50,1
DA:53,2
DA:54,1
DA:55,1
DA:56,1
DA:59,1
DA:61,5
DA:62,2
DA:63,1
DA:64,1
DA:65,1
DA:69,1
DA:71,5
DA:72,2
DA:73,1
DA:74,1
DA:75,1
DA:82,0
DA:85,0
DA:87,0
DA:88,0
DA:89,0
DA:90,0
DA:91,0
DA:94,0
DA:95,0
DA:97,0
DA:102,0
DA:103,0
DA:105,0
DA:106,0
LF:50
LH:26
end_of_record
SF:lib/core/models/insights_drawer_state.dart
DA:13,2
DA:19,4
DA:21,0
DA:22,0
DA:23,0
DA:24,0
DA:25,0
DA:27,0
DA:28,0
DA:29,0
DA:30,0
DA:34,2
DA:48,1
DA:56,1
DA:57,1
DA:59,0
DA:60,1
DA:61,1
DA:62,1
DA:66,0
DA:67,0
DA:68,0
DA:69,0
DA:70,0
DA:71,0
DA:74,0
DA:76,0
DA:77,0
DA:78,0
DA:79,0
DA:80,0
DA:81,0
DA:82,0
DA:87,2
DA:88,1
DA:89,2
DA:94,2
DA:96,4
DA:102,1
DA:108,1
DA:110,1
DA:112,1
DA:113,3
DA:118,5
DA:123,3
DA:124,3
DA:125,1
DA:129,3
DA:132,3
DA:133,1
DA:140,1
DA:144,1
DA:145,3
DA:148,0
DA:152,1
DA:153,1
DA:156,0
DA:157,0
DA:160,0
DA:163,2
DA:164,2
DA:165,4
DA:166,4
DA:168,1
DA:172,0
DA:173,0
DA:176,0
DA:178,0
DA:180,0
DA:186,1
DA:187,3
DA:190,2
DA:191,3
DA:192,2
DA:193,3
DA:194,2
DA:197,1
DA:201,1
DA:205,0
DA:206,0
DA:207,0
DA:209,0
DA:210,0
DA:212,0
DA:216,1
DA:218,1
DA:219,1
LF:87
LH:48
end_of_record
SF:lib/core/database/app_database.g.dart
DA:10,0
DA:94,0
DA:95,0
DA:96,0
DA:97,0
DA:98,0
DA:99,0
DA:100,0
DA:101,0
DA:102,0
DA:103,0
DA:104,0
DA:105,0
DA:106,0
DA:107,0
DA:108,0
DA:109,0
DA:111,0
DA:112,0
DA:113,0
DA:116,0
DA:119,0
DA:120,0
DA:121,0
DA:122,0
DA:124,0
DA:126,0
DA:127,0
DA:128,0
DA:130,0
DA:132,0
DA:133,0
DA:134,0
DA:136,0
DA:138,0
DA:139,0
DA:140,0
DA:142,0
DA:144,0
DA:145,0
DA:147,0
DA:148,0
DA:150,0
DA:152,0
DA:153,0
DA:155,0
DA:156,0
DA:158,0
DA:160,0
DA:161,0
DA:163,0
DA:164,0
DA:166,0
DA:168,0
DA:169,0
DA:171,0
DA:172,0
DA:174,0
DA:175,0
DA:177,0
DA:178,0
DA:180,0
DA:181,0
DA:183,0
DA:184,0
DA:186,0
DA:187,0
DA:189,0
DA:190,0
DA:192,0
DA:193,0
DA:194,0
DA:196,0
DA:197,0
DA:198,0
DA:200,0
DA:201,0
DA:202,0
DA:207,0
DA:208,0
DA:209,0
DA:211,0
DA:212,0
DA:213,0
DA:214,0
DA:215,0
DA:216,0
DA:217,0
DA:218,0
DA:219,0
DA:220,0
DA:221,0
DA:222,0
DA:223,0
DA:224,0
DA:225,0
DA:226,0
DA:227,0
DA:228,0
DA:229,0
DA:230,0
DA:231,0
DA:232,0
DA:233,0
DA:234,0
DA:235,0
DA:236,0
DA:237,0
DA:238,0
DA:239,0
DA:240,0
DA:244,0
DA:246,0
DA:265,0
DA:280,0
DA:282,0
DA:283,0
DA:284,0
DA:285,0
DA:286,0
DA:287,0
DA:288,0
DA:289,0
DA:290,0
DA:291,0
DA:293,0
DA:294,0
DA:296,0
DA:297,0
DA:299,0
DA:300,0
DA:302,0
DA:303,0
DA:304,0
DA:306,0
DA:307,0
DA:312,0
DA:313,0
DA:314,0
DA:315,0
DA:316,0
DA:317,0
DA:318,0
DA:319,0
DA:320,0
DA:321,0
DA:323,0
DA:324,0
DA:326,0
DA:327,0
DA:329,0
DA:330,0
DA:332,0
DA:333,0
DA:334,0
DA:336,0
DA:338,0
DA:342,0
DA:344,0
DA:345,0
DA:346,0
DA:347,0
DA:348,0
DA:349,0
DA:350,0
DA:351,0
DA:352,0
DA:353,0
DA:355,0
DA:356,0
DA:357,0
DA:358,0
DA:359,0
DA:360,0
DA:363,0
DA:365,0
DA:366,0
DA:367,0
DA:368,0
DA:369,0
DA:370,0
DA:371,0
DA:372,0
DA:373,0
DA:374,0
DA:375,0
DA:376,0
DA:377,0
DA:378,0
DA:379,0
DA:380,0
DA:384,0
DA:399,0
DA:400,0
DA:401,0
DA:402,0
DA:403,0
DA:404,0
DA:405,0
DA:406,0
DA:408,0
DA:409,0
DA:410,0
DA:411,0
DA:412,0
DA:413,0
DA:414,0
DA:416,0
DA:417,0
DA:418,0
DA:419,0
DA:421,0
DA:422,0
DA:423,0
DA:424,0
DA:425,0
DA:426,0
DA:428,0
DA:429,0
DA:430,0
DA:431,0
DA:433,0
DA:434,0
DA:435,0
DA:436,0
DA:437,0
DA:438,0
DA:439,0
DA:440,0
DA:441,0
DA:442,0
DA:443,0
DA:444,0
DA:445,0
DA:446,0
DA:447,0
DA:448,0
DA:452,0
DA:454,0
DA:455,0
DA:456,0
DA:457,0
DA:458,0
DA:459,0
DA:460,0
DA:461,0
DA:462,0
DA:463,0
DA:464,0
DA:465,0
DA:466,0
DA:467,0
DA:468,0
DA:469,0
DA:470,0
DA:473,0
DA:474,0
DA:475,0
DA:476,0
DA:477,0
DA:478,0
DA:479,0
DA:480,0
DA:481,0
DA:482,0
DA:483,0
DA:484,0
DA:485,0
DA:486,0
DA:487,0
DA:488,0
DA:489,0
DA:492,0
DA:493,0
DA:494,0
DA:495,0
DA:496,0
DA:497,0
DA:498,0
DA:499,0
DA:500,0
DA:501,0
DA:502,0
DA:503,0
DA:504,0
DA:505,0
DA:506,0
DA:525,0
DA:542,0
DA:558,0
DA:559,0
DA:560,0
DA:561,0
DA:562,0
DA:563,0
DA:564,0
DA:565,0
DA:582,0
DA:583,0
DA:584,0
DA:585,0
DA:586,0
DA:587,0
DA:588,0
DA:589,0
DA:590,0
DA:591,0
DA:592,0
DA:593,0
DA:594,0
DA:595,0
DA:596,0
DA:597,0
DA:601,0
DA:617,0
DA:618,0
DA:619,0
DA:620,0
DA:621,0
DA:622,0
DA:623,0
DA:624,0
DA:625,0
DA:626,0
DA:627,0
DA:628,0
DA:629,0
DA:630,0
DA:631,0
DA:632,0
DA:636,0
DA:638,0
DA:639,0
DA:640,0
DA:642,0
DA:643,0
DA:645,0
DA:646,0
DA:648,0
DA:649,0
DA:651,0
DA:652,0
DA:654,0
DA:655,0
DA:657,0
DA:658,0
DA:660,0
DA:661,0
DA:663,0
DA:664,0
DA:666,0
DA:667,0
DA:669,0
DA:670,0
DA:672,0
DA:673,0
DA:675,0
DA:676,0
DA:678,0
DA:679,0
DA:681,0
DA:682,0
DA:687,0
DA:689,0
DA:690,0
DA:691,0
DA:692,0
DA:693,0
DA:694,0
DA:695,0
DA:696,0
DA:697,0
DA:698,0
DA:699,0
DA:700,0
DA:701,0
DA:702,0
DA:703,0
DA:704,0
DA:705,0
DA:706,0
DA:715,0
DA:866,0
DA:867,0
DA:868,0
DA:869,0
DA:870,0
DA:871,0
DA:872,0
DA:873,0
DA:874,0
DA:875,0
DA:876,0
DA:877,0
DA:878,0
DA:879,0
DA:880,0
DA:881,0
DA:882,0
DA:883,0
DA:884,0
DA:885,0
DA:886,0
DA:887,0
DA:888,0
DA:889,0
DA:890,0
DA:891,0
DA:892,0
DA:894,0
DA:895,0
DA:896,0
DA:899,0
DA:902,0
DA:903,0
DA:904,0
DA:905,0
DA:907,0
DA:909,0
DA:910,0
DA:912,0
DA:913,0
DA:915,0
DA:917,0
DA:918,0
DA:919,0
DA:921,0
DA:923,0
DA:924,0
DA:925,0
DA:927,0
DA:928,0
DA:929,0
DA:931,0
DA:932,0
DA:933,0
DA:935,0
DA:937,0
DA:938,0
DA:940,0
DA:941,0
DA:943,0
DA:944,0
DA:946,0
DA:947,0
DA:949,0
DA:950,0
DA:952,0
DA:953,0
DA:955,0
DA:956,0
DA:958,0
DA:959,0
DA:961,0
DA:962,0
DA:964,0
DA:965,0
DA:967,0
DA:968,0
DA:970,0
DA:971,0
DA:973,0
DA:974,0
DA:976,0
DA:977,0
DA:979,0
DA:980,0
DA:982,0
DA:983,0
DA:985,0
DA:986,0
DA:987,0
DA:989,0
DA:991,0
DA:992,0
DA:993,0
DA:995,0
DA:996,0
DA:997,0
DA:999,0
DA:1001,0
DA:1002,0
DA:1003,0
DA:1005,0
DA:1007,0
DA:1008,0
DA:1010,0
DA:1011,0
DA:1013,0
DA:1014,0
DA:1016,0
DA:1017,0
DA:1019,0
DA:1020,0
DA:1022,0
DA:1023,0
DA:1025,0
DA:1026,0
DA:1028,0
DA:1029,0
DA:1031,0
DA:1033,0
DA:1034,0
DA:1036,0
DA:1037,0
DA:1039,0
DA:1041,0
DA:1042,0
DA:1043,0
DA:1045,0
DA:1046,0
DA:1048,0
DA:1049,0
DA:1054,0
DA:1055,0
DA:1056,0
DA:1058,0
DA:1059,0
DA:1060,0
DA:1061,0
DA:1062,0
DA:1063,0
DA:1064,0
DA:1065,0
DA:1066,0
DA:1067,0
DA:1068,0
DA:1069,0
DA:1070,0
DA:1071,0
DA:1072,0
DA:1073,0
DA:1074,0
DA:1075,0
DA:1076,0
DA:1077,0
DA:1078,0
DA:1079,0
DA:1080,0
DA:1081,0
DA:1082,0
DA:1083,0
DA:1084,0
DA:1085,0
DA:1086,0
DA:1087,0
DA:1088,0
DA:1089,0
DA:1090,0
DA:1091,0
DA:1092,0
DA:1093,0
DA:1094,0
DA:1095,0
DA:1096,0
DA:1097,0
DA:1098,0
DA:1099,0
DA:1100,0
DA:1101,0
DA:1102,0
DA:1103,0
DA:1104,0
DA:1105,0
DA:1106,0
DA:1107,0
DA:1108,0
DA:1109,0
DA:1113,0
DA:1115,0
DA:1145,0
DA:1171,0
DA:1173,0
DA:1174,0
DA:1175,0
DA:1176,0
DA:1177,0
DA:1178,0
DA:1180,0
DA:1181,0
DA:1183,0
DA:1184,0
DA:1185,0
DA:1187,0
DA:1188,0
DA:1190,0
DA:1191,0
DA:1193,0
DA:1194,0
DA:1196,0
DA:1197,0
DA:1199,0
DA:1200,0
DA:1202,0
DA:1203,0
DA:1205,0
DA:1206,0
DA:1208,0
DA:1209,0
DA:1210,0
DA:1212,0
DA:1213,0
DA:1214,0
DA:1215,0
DA:1216,0
DA:1218,0
DA:1219,0
DA:1221,0
DA:1222,0
DA:1223,0
DA:1224,0
DA:1226,0
DA:1230,0
DA:1231,0
DA:1232,0
DA:1233,0
DA:1234,0
DA:1235,0
DA:1236,0
DA:1237,0
DA:1238,0
DA:1240,0
DA:1241,0
DA:1243,0
DA:1244,0
DA:1246,0
DA:1247,0
DA:1249,0
DA:1250,0
DA:1252,0
DA:1253,0
DA:1255,0
DA:1256,0
DA:1258,0
DA:1259,0
DA:1261,0
DA:1262,0
DA:1264,0
DA:1265,0
DA:1266,0
DA:1267,0
DA:1268,0
DA:1270,0
DA:1271,0
DA:1273,0
DA:1274,0
DA:1275,0
DA:1276,0
DA:1278,0
DA:1279,0
DA:1283,0
DA:1285,0
DA:1286,0
DA:1287,0
DA:1288,0
DA:1289,0
DA:1290,0
DA:1291,0
DA:1292,0
DA:1293,0
DA:1294,0
DA:1295,0
DA:1296,0
DA:1297,0
DA:1298,0
DA:1299,0
DA:1300,0
DA:1301,0
DA:1302,0
DA:1303,0
DA:1304,0
DA:1305,0
DA:1306,0
DA:1308,0
DA:1309,0
DA:1310,0
DA:1311,0
DA:1312,0
DA:1315,0
DA:1317,0
DA:1318,0
DA:1319,0
DA:1320,0
DA:1321,0
DA:1322,0
DA:1323,0
DA:1324,0
DA:1325,0
DA:1326,0
DA:1327,0
DA:1328,0
DA:1329,0
DA:1330,0
DA:1331,0
DA:1332,0
DA:1333,0
DA:1334,0
DA:1335,0
DA:1336,0
DA:1337,0
DA:1338,0
DA:1339,0
DA:1340,0
DA:1341,0
DA:1342,0
DA:1343,0
DA:1347,0
DA:1373,0
DA:1374,0
DA:1375,0
DA:1376,0
DA:1377,0
DA:1378,0
DA:1379,0
DA:1380,0
DA:1382,0
DA:1383,0
DA:1384,0
DA:1385,0
DA:1387,0
DA:1388,0
DA:1389,0
DA:1390,0
DA:1391,0
DA:1392,0
DA:1393,0
DA:1394,0
DA:1395,0
DA:1396,0
DA:1398,0
DA:1399,0
DA:1400,0
DA:1401,0
DA:1402,0
DA:1403,0
DA:1404,0
DA:1405,0
DA:1407,0
DA:1408,0
DA:1409,0
DA:1411,0
DA:1412,0
DA:1413,0
DA:1414,0
DA:1415,0
DA:1417,0
DA:1418,0
DA:1419,0
DA:1420,0
DA:1422,0
DA:1424,0
DA:1425,0
DA:1426,0
DA:1427,0
DA:1428,0
DA:1430,0
DA:1431,0
DA:1432,0
DA:1433,0
DA:1434,0
DA:1435,0
DA:1436,0
DA:1437,0
DA:1439,0
DA:1440,0
DA:1441,0
DA:1442,0
DA:1443,0
DA:1444,0
DA:1445,0
DA:1446,0
DA:1447,0
DA:1448,0
DA:1450,0
DA:1451,0
DA:1452,0
DA:1453,0
DA:1454,0
DA:1458,0
DA:1460,0
DA:1461,0
DA:1462,0
DA:1463,0
DA:1464,0
DA:1465,0
DA:1466,0
DA:1467,0
DA:1468,0
DA:1469,0
DA:1470,0
DA:1471,0
DA:1472,0
DA:1473,0
DA:1474,0
DA:1475,0
DA:1476,0
DA:1477,0
DA:1478,0
DA:1479,0
DA:1480,0
DA:1481,0
DA:1482,0
DA:1483,0
DA:1484,0
DA:1485,0
DA:1486,0
DA:1487,0
DA:1490,0
DA:1491,0
DA:1492,0
DA:1493,0
DA:1494,0
DA:1495,0
DA:1496,0
DA:1497,0
DA:1498,0
DA:1499,0
DA:1500,0
DA:1501,0
DA:1502,0
DA:1503,0
DA:1504,0
DA:1505,0
DA:1506,0
DA:1507,0
DA:1508,0
DA:1509,0
DA:1510,0
DA:1511,0
DA:1512,0
DA:1513,0
DA:1514,0
DA:1515,0
DA:1516,0
DA:1518,0
DA:1521,0
DA:1522,0
DA:1523,0
DA:1524,0
DA:1525,0
DA:1526,0
DA:1527,0
DA:1528,0
DA:1529,0
DA:1530,0
DA:1531,0
DA:1532,0
DA:1533,0
DA:1534,0
DA:1535,0
DA:1536,0
DA:1537,0
DA:1538,0
DA:1539,0
DA:1540,0
DA:1541,0
DA:1542,0
DA:1543,0
DA:1544,0
DA:1545,0
DA:1546,0
DA:1576,0
DA:1604,0
DA:1631,0
DA:1632,0
DA:1633,0
DA:1634,0
DA:1635,0
DA:1636,0
DA:1637,0
DA:1638,0
DA:1639,0
DA:1640,0
DA:1668,0
DA:1669,0
DA:1670,0
DA:1671,0
DA:1672,0
DA:1673,0
DA:1674,0
DA:1675,0
DA:1676,0
DA:1677,0
DA:1678,0
DA:1679,0
DA:1680,0
DA:1681,0
DA:1682,0
DA:1683,0
DA:1684,0
DA:1685,0
DA:1686,0
DA:1687,0
DA:1688,0
DA:1690,0
DA:1691,0
DA:1692,0
DA:1693,0
DA:1694,0
DA:1695,0
DA:1699,0
DA:1726,0
DA:1727,0
DA:1728,0
DA:1729,0
DA:1730,0
DA:1731,0
DA:1732,0
DA:1733,0
DA:1734,0
DA:1735,0
DA:1736,0
DA:1737,0
DA:1738,0
DA:1739,0
DA:1740,0
DA:1741,0
DA:1742,0
DA:1743,0
DA:1744,0
DA:1745,0
DA:1746,0
DA:1747,0
DA:1748,0
DA:1749,0
DA:1750,0
DA:1751,0
DA:1752,0
DA:1756,0
DA:1758,0
DA:1759,0
DA:1760,0
DA:1762,0
DA:1763,0
DA:1765,0
DA:1766,0
DA:1768,0
DA:1769,0
DA:1771,0
DA:1772,0
DA:1774,0
DA:1775,0
DA:1777,0
DA:1778,0
DA:1780,0
DA:1781,0
DA:1783,0
DA:1784,0
DA:1786,0
DA:1787,0
DA:1789,0
DA:1790,0
DA:1792,0
DA:1793,0
DA:1795,0
DA:1796,0
DA:1798,0
DA:1799,0
DA:1801,0
DA:1802,0
DA:1804,0
DA:1805,0
DA:1807,0
DA:1808,0
DA:1810,0
DA:1811,0
DA:1813,0
DA:1814,0
DA:1816,0
DA:1817,0
DA:1819,0
DA:1820,0
DA:1821,0
DA:1823,0
DA:1824,0
DA:1826,0
DA:1827,0
DA:1829,0
DA:1830,0
DA:1832,0
DA:1833,0
DA:1835,0
DA:1836,0
DA:1841,0
DA:1843,0
DA:1844,0
DA:1845,0
DA:1846,0
DA:1847,0
DA:1848,0
DA:1849,0
DA:1850,0
DA:1851,0
DA:1852,0
DA:1853,0
DA:1854,0
DA:1855,0
DA:1856,0
DA:1857,0
DA:1858,0
DA:1859,0
DA:1860,0
DA:1861,0
DA:1862,0
DA:1863,0
DA:1864,0
DA:1865,0
DA:1866,0
DA:1867,0
DA:1868,0
DA:1869,0
DA:1870,0
DA:1871,0
DA:1879,0
DA:2094,0
DA:2095,0
DA:2096,0
DA:2097,0
DA:2098,0
DA:2099,0
DA:2100,0
DA:2101,0
DA:2102,0
DA:2103,0
DA:2104,0
DA:2105,0
DA:2106,0
DA:2107,0
DA:2108,0
DA:2109,0
DA:2110,0
DA:2111,0
DA:2112,0
DA:2113,0
DA:2114,0
DA:2115,0
DA:2116,0
DA:2117,0
DA:2118,0
DA:2119,0
DA:2120,0
DA:2121,0
DA:2122,0
DA:2123,0
DA:2124,0
DA:2125,0
DA:2126,0
DA:2127,0
DA:2128,0
DA:2129,0
DA:2131,0
DA:2132,0
DA:2133,0
DA:2136,0
DA:2139,0
DA:2140,0
DA:2141,0
DA:2142,0
DA:2144,0
DA:2146,0
DA:2147,0
DA:2148,0
DA:2150,0
DA:2152,0
DA:2153,0
DA:2155,0
DA:2156,0
DA:2158,0
DA:2159,0
DA:2160,0
DA:2162,0
DA:2164,0
DA:2165,0
DA:2166,0
DA:2168,0
DA:2170,0
DA:2171,0
DA:2172,0
DA:2174,0
DA:2176,0
DA:2177,0
DA:2179,0
DA:2180,0
DA:2182,0
DA:2183,0
DA:2184,0
DA:2186,0
DA:2187,0
DA:2188,0
DA:2190,0
DA:2191,0
DA:2193,0
DA:2194,0
DA:2196,0
DA:2197,0
DA:2199,0
DA:2200,0
DA:2202,0
DA:2203,0
DA:2205,0
DA:2206,0
DA:2208,0
DA:2209,0
DA:2211,0
DA:2212,0
DA:2214,0
DA:2215,0
DA:2216,0
DA:2218,0
DA:2219,0
DA:2220,0
DA:2222,0
DA:2223,0
DA:2224,0
DA:2226,0
DA:2227,0
DA:2229,0
DA:2230,0
DA:2232,0
DA:2233,0
DA:2235,0
DA:2236,0
DA:2238,0
DA:2239,0
DA:2240,0
DA:2242,0
DA:2243,0
DA:2245,0
DA:2246,0
DA:2248,0
DA:2249,0
DA:2251,0
DA:2252,0
DA:2254,0
DA:2255,0
DA:2257,0
DA:2258,0
DA:2260,0
DA:2261,0
DA:2263,0
DA:2264,0
DA:2266,0
DA:2267,0
DA:2269,0
DA:2270,0
DA:2272,0
DA:2273,0
DA:2274,0
DA:2276,0
DA:2277,0
DA:2278,0
DA:2280,0
DA:2281,0
DA:2282,0
DA:2284,0
DA:2285,0
DA:2286,0
DA:2288,0
DA:2289,0
DA:2290,0
DA:2292,0
DA:2294,0
DA:2295,0
DA:2297,0
DA:2298,0
DA:2300,0
DA:2302,0
DA:2303,0
DA:2305,0
DA:2306,0
DA:2308,0
DA:2310,0
DA:2311,0
DA:2313,0
DA:2314,0
DA:2316,0
DA:2317,0
DA:2319,0
DA:2320,0
DA:2322,0
DA:2323,0
DA:2325,0
DA:2326,0
DA:2331,0
DA:2332,0
DA:2333,0
DA:2335,0
DA:2336,0
DA:2337,0
DA:2338,0
DA:2339,0
DA:2340,0
DA:2341,0
DA:2342,0
DA:2343,0
DA:2344,0
DA:2345,0
DA:2346,0
DA:2347,0
DA:2348,0
DA:2349,0
DA:2350,0
DA:2351,0
DA:2352,0
DA:2353,0
DA:2354,0
DA:2355,0
DA:2356,0
DA:2357,0
DA:2358,0
DA:2359,0
DA:2360,0
DA:2361,0
DA:2362,0
DA:2363,0
DA:2364,0
DA:2365,0
DA:2366,0
DA:2367,0
DA:2368,0
DA:2369,0
DA:2370,0
DA:2371,0
DA:2372,0
DA:2373,0
DA:2374,0
DA:2375,0
DA:2376,0
DA:2377,0
DA:2378,0
DA:2379,0
DA:2380,0
DA:2381,0
DA:2382,0
DA:2383,0
DA:2384,0
DA:2385,0
DA:2386,0
DA:2387,0
DA:2388,0
DA:2389,0
DA:2390,0
DA:2391,0
DA:2392,0
DA:2393,0
DA:2394,0
DA:2395,0
DA:2396,0
DA:2397,0
DA:2398,0
DA:2399,0
DA:2400,0
DA:2401,0
DA:2402,0
DA:2403,0
DA:2404,0
DA:2408,0
DA:2410,0
DA:2449,0
DA:2484,0
DA:2486,0
DA:2487,0
DA:2488,0
DA:2489,0
DA:2490,0
DA:2492,0
DA:2493,0
DA:2494,0
DA:2495,0
DA:2496,0
DA:2497,0
DA:2498,0
DA:2500,0
DA:2501,0
DA:2503,0
DA:2504,0
DA:2506,0
DA:2507,0
DA:2509,0
DA:2510,0
DA:2512,0
DA:2513,0
DA:2515,0
DA:2516,0
DA:2518,0
DA:2519,0
DA:2521,0
DA:2522,0
DA:2524,0
DA:2525,0
DA:2527,0
DA:2528,0
DA:2530,0
DA:2531,0
DA:2533,0
DA:2534,0
DA:2536,0
DA:2537,0
DA:2539,0
DA:2540,0
DA:2542,0
DA:2543,0
DA:2544,0
DA:2546,0
DA:2547,0
DA:2549,0
DA:2550,0
DA:2551,0
DA:2552,0
DA:2553,0
DA:2554,0
DA:2555,0
DA:2557,0
DA:2558,0
DA:2560,0
DA:2561,0
DA:2566,0
DA:2567,0
DA:2568,0
DA:2569,0
DA:2570,0
DA:2572,0
DA:2573,0
DA:2574,0
DA:2575,0
DA:2576,0
DA:2577,0
DA:2578,0
DA:2580,0
DA:2581,0
DA:2583,0
DA:2584,0
DA:2586,0
DA:2587,0
DA:2589,0
DA:2590,0
DA:2592,0
DA:2593,0
DA:2595,0
DA:2596,0
DA:2598,0
DA:2599,0
DA:2601,0
DA:2602,0
DA:2604,0
DA:2605,0
DA:2607,0
DA:2608,0
DA:2610,0
DA:2611,0
DA:2613,0
DA:2614,0
DA:2616,0
DA:2617,0
DA:2619,0
DA:2620,0
DA:2622,0
DA:2623,0
DA:2624,0
DA:2626,0
DA:2628,0
DA:2629,0
DA:2630,0
DA:2631,0
DA:2632,0
DA:2633,0
DA:2634,0
DA:2636,0
DA:2637,0
DA:2639,0
DA:2640,0
DA:2642,0
DA:2646,0
DA:2648,0
DA:2649,0
DA:2650,0
DA:2651,0
DA:2652,0
DA:2653,0
DA:2654,0
DA:2655,0
DA:2656,0
DA:2657,0
DA:2658,0
DA:2659,0
DA:2660,0
DA:2661,0
DA:2662,0
DA:2663,0
DA:2664,0
DA:2665,0
DA:2666,0
DA:2668,0
DA:2669,0
DA:2670,0
DA:2672,0
DA:2674,0
DA:2675,0
DA:2676,0
DA:2677,0
DA:2678,0
DA:2679,0
DA:2680,0
DA:2681,0
DA:2682,0
DA:2683,0
DA:2684,0
DA:2685,0
DA:2686,0
DA:2689,0
DA:2691,0
DA:2692,0
DA:2693,0
DA:2694,0
DA:2695,0
DA:2696,0
DA:2697,0
DA:2698,0
DA:2699,0
DA:2700,0
DA:2701,0
DA:2702,0
DA:2703,0
DA:2704,0
DA:2705,0
DA:2706,0
DA:2707,0
DA:2708,0
DA:2709,0
DA:2710,0
DA:2711,0
DA:2712,0
DA:2713,0
DA:2714,0
DA:2715,0
DA:2716,0
DA:2717,0
DA:2718,0
DA:2719,0
DA:2720,0
DA:2721,0
DA:2722,0
DA:2723,0
DA:2724,0
DA:2725,0
DA:2726,0
DA:2730,0
DA:2765,0
DA:2766,0
DA:2767,0
DA:2768,0
DA:2769,0
DA:2770,0
DA:2771,0
DA:2772,0
DA:2773,0
DA:2774,0
DA:2776,0
DA:2777,0
DA:2778,0
DA:2780,0
DA:2781,0
DA:2782,0
DA:2783,0
DA:2784,0
DA:2785,0
DA:2786,0
DA:2787,0
DA:2788,0
DA:2789,0
DA:2790,0
DA:2791,0
DA:2792,0
DA:2793,0
DA:2794,0
DA:2795,0
DA:2796,0
DA:2797,0
DA:2799,0
DA:2800,0
DA:2801,0
DA:2802,0
DA:2803,0
DA:2804,0
DA:2805,0
DA:2806,0
DA:2807,0
DA:2809,0
DA:2811,0
DA:2813,0
DA:2815,0
DA:2816,0
DA:2817,0
DA:2818,0
DA:2820,0
DA:2821,0
DA:2822,0
DA:2823,0
DA:2824,0
DA:2825,0
DA:2826,0
DA:2827,0
DA:2828,0
DA:2829,0
DA:2830,0
DA:2831,0
DA:2833,0
DA:2835,0
DA:2836,0
DA:2837,0
DA:2838,0
DA:2839,0
DA:2840,0
DA:2841,0
DA:2843,0
DA:2844,0
DA:2845,0
DA:2846,0
DA:2847,0
DA:2848,0
DA:2849,0
DA:2850,0
DA:2851,0
DA:2852,0
DA:2853,0
DA:2854,0
DA:2855,0
DA:2856,0
DA:2857,0
DA:2858,0
DA:2859,0
DA:2860,0
DA:2861,0
DA:2862,0
DA:2863,0
DA:2864,0
DA:2865,0
DA:2866,0
DA:2867,0
DA:2868,0
DA:2869,0
DA:2870,0
DA:2872,0
DA:2873,0
DA:2874,0
DA:2875,0
DA:2876,0
DA:2877,0
DA:2878,0
DA:2879,0
DA:2880,0
DA:2881,0
DA:2885,0
DA:2887,0
DA:2888,0
DA:2889,0
DA:2890,0
DA:2891,0
DA:2892,0
DA:2893,0
DA:2894,0
DA:2895,0
DA:2896,0
DA:2897,0
DA:2898,0
DA:2899,0
DA:2900,0
DA:2901,0
DA:2902,0
DA:2903,0
DA:2904,0
DA:2905,0
DA:2906,0
DA:2907,0
DA:2908,0
DA:2909,0
DA:2910,0
DA:2911,0
DA:2912,0
DA:2913,0
DA:2914,0
DA:2915,0
DA:2916,0
DA:2917,0
DA:2918,0
DA:2919,0
DA:2920,0
DA:2921,0
DA:2922,0
DA:2923,0
DA:2926,0
DA:2927,0
DA:2928,0
DA:2929,0
DA:2930,0
DA:2931,0
DA:2932,0
DA:2933,0
DA:2934,0
DA:2935,0
DA:2936,0
DA:2937,0
DA:2938,0
DA:2939,0
DA:2940,0
DA:2941,0
DA:2942,0
DA:2943,0
DA:2944,0
DA:2945,0
DA:2946,0
DA:2947,0
DA:2948,0
DA:2949,0
DA:2950,0
DA:2951,0
DA:2952,0
DA:2953,0
DA:2954,0
DA:2955,0
DA:2956,0
DA:2957,0
DA:2958,0
DA:2959,0
DA:2960,0
DA:2961,0
DA:2963,0
DA:2966,0
DA:2967,0
DA:2968,0
DA:2969,0
DA:2970,0
DA:2971,0
DA:2972,0
DA:2973,0
DA:2974,0
DA:2975,0
DA:2976,0
DA:2977,0
DA:2978,0
DA:2979,0
DA:2980,0
DA:2981,0
DA:2982,0
DA:2983,0
DA:2984,0
DA:2985,0
DA:2986,0
DA:2987,0
DA:2988,0
DA:2989,0
DA:2990,0
DA:2991,0
DA:2992,0
DA:2993,0
DA:2994,0
DA:2995,0
DA:2996,0
DA:2997,0
DA:2998,0
DA:2999,0
DA:3000,0
DA:3039,0
DA:3076,0
DA:3112,0
DA:3113,0
DA:3114,0
DA:3115,0
DA:3116,0
DA:3117,0
DA:3118,0
DA:3119,0
DA:3120,0
DA:3157,0
DA:3158,0
DA:3159,0
DA:3160,0
DA:3161,0
DA:3162,0
DA:3163,0
DA:3164,0
DA:3165,0
DA:3166,0
DA:3167,0
DA:3168,0
DA:3169,0
DA:3170,0
DA:3171,0
DA:3172,0
DA:3173,0
DA:3174,0
DA:3176,0
DA:3177,0
DA:3178,0
DA:3179,0
DA:3180,0
DA:3181,0
DA:3183,0
DA:3184,0
DA:3185,0
DA:3186,0
DA:3187,0
DA:3188,0
DA:3189,0
DA:3190,0
DA:3191,0
DA:3192,0
DA:3193,0
DA:3194,0
DA:3198,0
DA:3234,0
DA:3235,0
DA:3236,0
DA:3237,0
DA:3238,0
DA:3239,0
DA:3240,0
DA:3241,0
DA:3242,0
DA:3243,0
DA:3244,0
DA:3245,0
DA:3246,0
DA:3247,0
DA:3248,0
DA:3249,0
DA:3250,0
DA:3251,0
DA:3252,0
DA:3253,0
DA:3254,0
DA:3255,0
DA:3256,0
DA:3257,0
DA:3258,0
DA:3259,0
DA:3260,0
DA:3261,0
DA:3262,0
DA:3263,0
DA:3264,0
DA:3265,0
DA:3266,0
DA:3267,0
DA:3268,0
DA:3269,0
DA:3273,0
DA:3275,0
DA:3276,0
DA:3277,0
DA:3279,0
DA:3280,0
DA:3282,0
DA:3283,0
DA:3285,0
DA:3286,0
DA:3288,0
DA:3289,0
DA:3291,0
DA:3292,0
DA:3294,0
DA:3295,0
DA:3297,0
DA:3298,0
DA:3300,0
DA:3301,0
DA:3303,0
DA:3304,0
DA:3306,0
DA:3307,0
DA:3309,0
DA:3310,0
DA:3312,0
DA:3313,0
DA:3315,0
DA:3316,0
DA:3318,0
DA:3319,0
DA:3321,0
DA:3322,0
DA:3324,0
DA:3325,0
DA:3327,0
DA:3328,0
DA:3330,0
DA:3331,0
DA:3333,0
DA:3334,0
DA:3336,0
DA:3337,0
DA:3339,0
DA:3340,0
DA:3342,0
DA:3343,0
DA:3345,0
DA:3346,0
DA:3348,0
DA:3349,0
DA:3351,0
DA:3352,0
DA:3354,0
DA:3355,0
DA:3357,0
DA:3358,0
DA:3360,0
DA:3361,0
DA:3363,0
DA:3364,0
DA:3366,0
DA:3367,0
DA:3369,0
DA:3370,0
DA:3372,0
DA:3373,0
DA:3375,0
DA:3376,0
DA:3378,0
DA:3379,0
DA:3384,0
DA:3386,0
DA:3387,0
DA:3388,0
DA:3389,0
DA:3390,0
DA:3391,0
DA:3392,0
DA:3393,0
DA:3394,0
DA:3395,0
DA:3396,0
DA:3397,0
DA:3398,0
DA:3399,0
DA:3400,0
DA:3401,0
DA:3402,0
DA:3403,0
DA:3404,0
DA:3405,0
DA:3406,0
DA:3407,0
DA:3408,0
DA:3409,0
DA:3410,0
DA:3411,0
DA:3412,0
DA:3413,0
DA:3414,0
DA:3415,0
DA:3416,0
DA:3417,0
DA:3418,0
DA:3419,0
DA:3420,0
DA:3421,0
DA:3422,0
DA:3423,0
DA:3432,0
DA:3541,0
DA:3542,0
DA:3543,0
DA:3544,0
DA:3545,0
DA:3546,0
DA:3547,0
DA:3548,0
DA:3549,0
DA:3550,0
DA:3551,0
DA:3552,0
DA:3553,0
DA:3554,0
DA:3555,0
DA:3556,0
DA:3557,0
DA:3558,0
DA:3559,0
DA:3560,0
DA:3562,0
DA:3563,0
DA:3564,0
DA:3567,0
DA:3570,0
DA:3571,0
DA:3572,0
DA:3573,0
DA:3575,0
DA:3577,0
DA:3578,0
DA:3579,0
DA:3581,0
DA:3583,0
DA:3584,0
DA:3586,0
DA:3587,0
DA:3589,0
DA:3590,0
DA:3591,0
DA:3593,0
DA:3595,0
DA:3596,0
DA:3598,0
DA:3599,0
DA:3601,0
DA:3603,0
DA:3604,0
DA:3606,0
DA:3607,0
DA:3609,0
DA:3610,0
DA:3611,0
DA:3613,0
DA:3615,0
DA:3616,0
DA:3617,0
DA:3619,0
DA:3621,0
DA:3622,0
DA:3623,0
DA:3625,0
DA:3627,0
DA:3628,0
DA:3629,0
DA:3631,0
DA:3633,0
DA:3634,0
DA:3635,0
DA:3637,0
DA:3638,0
DA:3639,0
DA:3641,0
DA:3642,0
DA:3644,0
DA:3645,0
DA:3647,0
DA:3648,0
DA:3650,0
DA:3651,0
DA:3653,0
DA:3654,0
DA:3656,0
DA:3657,0
DA:3659,0
DA:3660,0
DA:3661,0
DA:3663,0
DA:3665,0
DA:3666,0
DA:3668,0
DA:3669,0
DA:3671,0
DA:3673,0
DA:3674,0
DA:3676,0
DA:3677,0
DA:3679,0
DA:3684,0
DA:3685,0
DA:3686,0
DA:3688,0
DA:3689,0
DA:3690,0
DA:3691,0
DA:3692,0
DA:3693,0
DA:3694,0
DA:3695,0
DA:3696,0
DA:3697,0
DA:3698,0
DA:3699,0
DA:3700,0
DA:3701,0
DA:3702,0
DA:3703,0
DA:3704,0
DA:3705,0
DA:3706,0
DA:3707,0
DA:3708,0
DA:3709,0
DA:3710,0
DA:3711,0
DA:3712,0
DA:3713,0
DA:3714,0
DA:3715,0
DA:3716,0
DA:3717,0
DA:3718,0
DA:3719,0
DA:3720,0
DA:3721,0
DA:3722,0
DA:3723,0
DA:3724,0
DA:3725,0
DA:3729,0
DA:3731,0
DA:3754,0
DA:3773,0
DA:3775,0
DA:3776,0
DA:3777,0
DA:3778,0
DA:3779,0
DA:3781,0
DA:3782,0
DA:3783,0
DA:3784,0
DA:3785,0
DA:3786,0
DA:3787,0
DA:3788,0
DA:3789,0
DA:3791,0
DA:3792,0
DA:3794,0
DA:3795,0
DA:3796,0
DA:3798,0
DA:3799,0
DA:3801,0
DA:3802,0
DA:3803,0
DA:3807,0
DA:3808,0
DA:3809,0
DA:3810,0
DA:3811,0
DA:3813,0
DA:3814,0
DA:3815,0
DA:3816,0
DA:3817,0
DA:3818,0
DA:3819,0
DA:3820,0
DA:3822,0
DA:3823,0
DA:3825,0
DA:3826,0
DA:3827,0
DA:3829,0
DA:3830,0
DA:3832,0
DA:3833,0
DA:3834,0
DA:3835,0
DA:3839,0
DA:3841,0
DA:3842,0
DA:3843,0
DA:3844,0
DA:3845,0
DA:3846,0
DA:3847,0
DA:3848,0
DA:3849,0
DA:3850,0
DA:3851,0
DA:3852,0
DA:3853,0
DA:3854,0
DA:3855,0
DA:3856,0
DA:3857,0
DA:3858,0
DA:3859,0
DA:3860,0
DA:3863,0
DA:3865,0
DA:3866,0
DA:3867,0
DA:3868,0
DA:3869,0
DA:3870,0
DA:3871,0
DA:3872,0
DA:3873,0
DA:3874,0
DA:3875,0
DA:3876,0
DA:3877,0
DA:3878,0
DA:3879,0
DA:3880,0
DA:3881,0
DA:3882,0
DA:3883,0
DA:3884,0
DA:3888,0
DA:3907,0
DA:3908,0
DA:3909,0
DA:3910,0
DA:3911,0
DA:3912,0
DA:3913,0
DA:3914,0
DA:3915,0
DA:3916,0
DA:3917,0
DA:3918,0
DA:3919,0
DA:3920,0
DA:3921,0
DA:3922,0
DA:3923,0
DA:3925,0
DA:3926,0
DA:3927,0
DA:3928,0
DA:3930,0
DA:3931,0
DA:3932,0
DA:3933,0
DA:3935,0
DA:3936,0
DA:3937,0
DA:3938,0
DA:3939,0
DA:3941,0
DA:3942,0
DA:3943,0
DA:3944,0
DA:3945,0
DA:3946,0
DA:3947,0
DA:3949,0
DA:3950,0
DA:3951,0
DA:3952,0
DA:3953,0
DA:3954,0
DA:3955,0
DA:3956,0
DA:3957,0
DA:3958,0
DA:3959,0
DA:3961,0
DA:3965,0
DA:3967,0
DA:3968,0
DA:3969,0
DA:3970,0
DA:3971,0
DA:3972,0
DA:3973,0
DA:3974,0
DA:3975,0
DA:3976,0
DA:3977,0
DA:3978,0
DA:3979,0
DA:3980,0
DA:3981,0
DA:3982,0
DA:3983,0
DA:3984,0
DA:3985,0
DA:3986,0
DA:3987,0
DA:3990,0
DA:3991,0
DA:3992,0
DA:3993,0
DA:3994,0
DA:3995,0
DA:3996,0
DA:3997,0
DA:3998,0
DA:3999,0
DA:4000,0
DA:4001,0
DA:4002,0
DA:4003,0
DA:4004,0
DA:4005,0
DA:4006,0
DA:4007,0
DA:4008,0
DA:4009,0
DA:4010,0
DA:4013,0
DA:4014,0
DA:4015,0
DA:4016,0
DA:4017,0
DA:4018,0
DA:4019,0
DA:4020,0
DA:4021,0
DA:4022,0
DA:4023,0
DA:4024,0
DA:4025,0
DA:4026,0
DA:4027,0
DA:4028,0
DA:4029,0
DA:4030,0
DA:4031,0
DA:4054,0
DA:4075,0
DA:4095,0
DA:4096,0
DA:4097,0
DA:4098,0
DA:4099,0
DA:4100,0
DA:4101,0
DA:4102,0
DA:4103,0
DA:4104,0
DA:4105,0
DA:4106,0
DA:4127,0
DA:4128,0
DA:4129,0
DA:4130,0
DA:4131,0
DA:4132,0
DA:4133,0
DA:4134,0
DA:4135,0
DA:4136,0
DA:4137,0
DA:4138,0
DA:4139,0
DA:4140,0
DA:4141,0
DA:4142,0
DA:4143,0
DA:4144,0
DA:4145,0
DA:4146,0
DA:4150,0
DA:4170,0
DA:4171,0
DA:4172,0
DA:4173,0
DA:4174,0
DA:4175,0
DA:4176,0
DA:4177,0
DA:4178,0
DA:4179,0
DA:4180,0
DA:4181,0
DA:4182,0
DA:4183,0
DA:4184,0
DA:4185,0
DA:4186,0
DA:4187,0
DA:4188,0
DA:4189,0
DA:4193,0
DA:4195,0
DA:4196,0
DA:4197,0
DA:4199,0
DA:4200,0
DA:4202,0
DA:4203,0
DA:4205,0
DA:4206,0
DA:4208,0
DA:4209,0
DA:4211,0
DA:4212,0
DA:4214,0
DA:4215,0
DA:4217,0
DA:4218,0
DA:4220,0
DA:4221,0
DA:4223,0
DA:4224,0
DA:4226,0
DA:4227,0
DA:4229,0
DA:4230,0
DA:4232,0
DA:4233,0
DA:4235,0
DA:4236,0
DA:4238,0
DA:4239,0
DA:4241,0
DA:4242,0
DA:4244,0
DA:4245,0
DA:4247,0
DA:4248,0
DA:4250,0
DA:4251,0
DA:4256,0
DA:4258,0
DA:4259,0
DA:4260,0
DA:4261,0
DA:4262,0
DA:4263,0
DA:4264,0
DA:4265,0
DA:4266,0
DA:4267,0
DA:4268,0
DA:4269,0
DA:4270,0
DA:4271,0
DA:4272,0
DA:4273,0
DA:4274,0
DA:4275,0
DA:4276,0
DA:4277,0
DA:4278,0
DA:4279,0
DA:4288,0
DA:4359,0
DA:4360,0
DA:4361,0
DA:4362,0
DA:4363,0
DA:4364,0
DA:4365,0
DA:4366,0
DA:4367,0
DA:4368,0
DA:4369,0
DA:4370,0
DA:4371,0
DA:4372,0
DA:4374,0
DA:4375,0
DA:4376,0
DA:4379,0
DA:4382,0
DA:4383,0
DA:4384,0
DA:4385,0
DA:4387,0
DA:4389,0
DA:4390,0
DA:4391,0
DA:4393,0
DA:4395,0
DA:4396,0
DA:4398,0
DA:4399,0
DA:4401,0
DA:4402,0
DA:4404,0
DA:4405,0
DA:4407,0
DA:4409,0
DA:4410,0
DA:4412,0
DA:4413,0
DA:4415,0
DA:4416,0
DA:4417,0
DA:4419,0
DA:4421,0
DA:4422,0
DA:4423,0
DA:4425,0
DA:4427,0
DA:4428,0
DA:4429,0
DA:4431,0
DA:4433,0
DA:4434,0
DA:4435,0
DA:4437,0
DA:4439,0
DA:4440,0
DA:4441,0
DA:4443,0
DA:4445,0
DA:4446,0
DA:4448,0
DA:4449,0
DA:4451,0
DA:4453,0
DA:4454,0
DA:4456,0
DA:4457,0
DA:4459,0
DA:4464,0
DA:4465,0
DA:4466,0
DA:4468,0
DA:4469,0
DA:4470,0
DA:4471,0
DA:4472,0
DA:4473,0
DA:4474,0
DA:4475,0
DA:4476,0
DA:4477,0
DA:4478,0
DA:4479,0
DA:4480,0
DA:4481,0
DA:4482,0
DA:4483,0
DA:4484,0
DA:4485,0
DA:4486,0
DA:4487,0
DA:4488,0
DA:4489,0
DA:4490,0
DA:4491,0
DA:4492,0
DA:4493,0
DA:4497,0
DA:4499,0
DA:4516,0
DA:4529,0
DA:4531,0
DA:4532,0
DA:4533,0
DA:4534,0
DA:4535,0
DA:4537,0
DA:4538,0
DA:4539,0
DA:4540,0
DA:4541,0
DA:4542,0
DA:4543,0
DA:4544,0
DA:4545,0
DA:4549,0
DA:4550,0
DA:4551,0
DA:4552,0
DA:4553,0
DA:4555,0
DA:4556,0
DA:4557,0
DA:4558,0
DA:4559,0
DA:4560,0
DA:4561,0
DA:4562,0
DA:4563,0
DA:4564,0
DA:4568,0
DA:4570,0
DA:4571,0
DA:4572,0
DA:4573,0
DA:4574,0
DA:4575,0
DA:4576,0
DA:4577,0
DA:4578,0
DA:4579,0
DA:4580,0
DA:4581,0
DA:4582,0
DA:4583,0
DA:4586,0
DA:4588,0
DA:4589,0
DA:4590,0
DA:4591,0
DA:4592,0
DA:4593,0
DA:4594,0
DA:4595,0
DA:4596,0
DA:4597,0
DA:4598,0
DA:4599,0
DA:4600,0
DA:4601,0
DA:4605,0
DA:4618,0
DA:4619,0
DA:4620,0
DA:4621,0
DA:4622,0
DA:4623,0
DA:4624,0
DA:4625,0
DA:4626,0
DA:4627,0
DA:4628,0
DA:4629,0
DA:4630,0
DA:4632,0
DA:4633,0
DA:4634,0
DA:4635,0
DA:4637,0
DA:4639,0
DA:4640,0
DA:4641,0
DA:4642,0
DA:4643,0
DA:4644,0
DA:4645,0
DA:4646,0
DA:4647,0
DA:4648,0
DA:4649,0
DA:4650,0
DA:4652,0
DA:4656,0
DA:4658,0
DA:4659,0
DA:4660,0
DA:4661,0
DA:4662,0
DA:4663,0
DA:4664,0
DA:4665,0
DA:4666,0
DA:4667,0
DA:4668,0
DA:4669,0
DA:4670,0
DA:4671,0
DA:4672,0
DA:4675,0
DA:4676,0
DA:4677,0
DA:4678,0
DA:4679,0
DA:4680,0
DA:4681,0
DA:4682,0
DA:4683,0
DA:4684,0
DA:4685,0
DA:4686,0
DA:4687,0
DA:4688,0
DA:4689,0
DA:4692,0
DA:4693,0
DA:4694,0
DA:4695,0
DA:4696,0
DA:4697,0
DA:4698,0
DA:4699,0
DA:4700,0
DA:4701,0
DA:4702,0
DA:4703,0
DA:4704,0
DA:4721,0
DA:4736,0
DA:4750,0
DA:4751,0
DA:4752,0
DA:4753,0
DA:4754,0
DA:4755,0
DA:4756,0
DA:4757,0
DA:4758,0
DA:4759,0
DA:4760,0
DA:4775,0
DA:4776,0
DA:4777,0
DA:4778,0
DA:4779,0
DA:4780,0
DA:4781,0
DA:4782,0
DA:4783,0
DA:4784,0
DA:4785,0
DA:4786,0
DA:4787,0
DA:4788,0
DA:4792,0
DA:4806,0
DA:4807,0
DA:4808,0
DA:4809,0
DA:4810,0
DA:4811,0
DA:4812,0
DA:4813,0
DA:4814,0
DA:4815,0
DA:4816,0
DA:4817,0
DA:4818,0
DA:4819,0
DA:4823,0
DA:4825,0
DA:4826,0
DA:4827,0
DA:4829,0
DA:4830,0
DA:4832,0
DA:4833,0
DA:4835,0
DA:4836,0
DA:4838,0
DA:4839,0
DA:4841,0
DA:4842,0
DA:4844,0
DA:4845,0
DA:4847,0
DA:4848,0
DA:4850,0
DA:4851,0
DA:4853,0
DA:4854,0
DA:4856,0
DA:4857,0
DA:4859,0
DA:4860,0
DA:4862,0
DA:4863,0
DA:4868,0
DA:4870,0
DA:4871,0
DA:4872,0
DA:4873,0
DA:4874,0
DA:4875,0
DA:4876,0
DA:4877,0
DA:4878,0
DA:4879,0
DA:4880,0
DA:4881,0
DA:4882,0
DA:4883,0
DA:4884,0
DA:4885,0
DA:4894,0
DA:5056,0
DA:5057,0
DA:5058,0
DA:5059,0
DA:5060,0
DA:5061,0
DA:5062,0
DA:5063,0
DA:5064,0
DA:5065,0
DA:5066,0
DA:5067,0
DA:5068,0
DA:5069,0
DA:5070,0
DA:5071,0
DA:5072,0
DA:5073,0
DA:5074,0
DA:5075,0
DA:5076,0
DA:5077,0
DA:5078,0
DA:5079,0
DA:5080,0
DA:5081,0
DA:5083,0
DA:5084,0
DA:5085,0
DA:5088,0
DA:5091,0
DA:5092,0
DA:5093,0
DA:5094,0
DA:5096,0
DA:5098,0
DA:5099,0
DA:5100,0
DA:5102,0
DA:5104,0
DA:5105,0
DA:5107,0
DA:5108,0
DA:5110,0
DA:5111,0
DA:5113,0
DA:5114,0
DA:5116,0
DA:5118,0
DA:5119,0
DA:5121,0
DA:5122,0
DA:5124,0
DA:5125,0
DA:5127,0
DA:5128,0
DA:5130,0
DA:5131,0
DA:5133,0
DA:5134,0
DA:5136,0
DA:5137,0
DA:5139,0
DA:5140,0
DA:5142,0
DA:5143,0
DA:5145,0
DA:5146,0
DA:5148,0
DA:5149,0
DA:5151,0
DA:5152,0
DA:5154,0
DA:5155,0
DA:5156,0
DA:5158,0
DA:5160,0
DA:5161,0
DA:5163,0
DA:5164,0
DA:5166,0
DA:5167,0
DA:5169,0
DA:5170,0
DA:5172,0
DA:5173,0
DA:5175,0
DA:5176,0
DA:5178,0
DA:5179,0
DA:5181,0
DA:5182,0
DA:5184,0
DA:5185,0
DA:5187,0
DA:5188,0
DA:5191,0
DA:5192,0
DA:5194,0
DA:5195,0
DA:5197,0
DA:5198,0
DA:5199,0
DA:5201,0
DA:5203,0
DA:5204,0
DA:5205,0
DA:5207,0
DA:5209,0
DA:5210,0
DA:5212,0
DA:5213,0
DA:5215,0
DA:5216,0
DA:5218,0
DA:5219,0
DA:5221,0
DA:5222,0
DA:5224,0
DA:5225,0
DA:5227,0
DA:5229,0
DA:5230,0
DA:5232,0
DA:5233,0
DA:5235,0
DA:5237,0
DA:5238,0
DA:5240,0
DA:5241,0
DA:5243,0
DA:5248,0
DA:5249,0
DA:5250,0
DA:5252,0
DA:5253,0
DA:5254,0
DA:5255,0
DA:5256,0
DA:5257,0
DA:5258,0
DA:5259,0
DA:5260,0
DA:5261,0
DA:5262,0
DA:5263,0
DA:5264,0
DA:5265,0
DA:5266,0
DA:5267,0
DA:5268,0
DA:5270,0
DA:5271,0
DA:5272,0
DA:5273,0
DA:5274,0
DA:5275,0
DA:5276,0
DA:5277,0
DA:5278,0
DA:5279,0
DA:5280,0
DA:5281,0
DA:5282,0
DA:5283,0
DA:5284,0
DA:5285,0
DA:5287,0
DA:5288,0
DA:5289,0
DA:5290,0
DA:5291,0
DA:5292,0
DA:5293,0
DA:5294,0
DA:5295,0
DA:5296,0
DA:5297,0
DA:5298,0
DA:5299,0
DA:5300,0
DA:5301,0
DA:5302,0
DA:5303,0
DA:5307,0
DA:5309,0
DA:5338,0
DA:5363,0
DA:5365,0
DA:5366,0
DA:5367,0
DA:5368,0
DA:5369,0
DA:5371,0
DA:5372,0
DA:5373,0
DA:5375,0
DA:5376,0
DA:5377,0
DA:5378,0
DA:5379,0
DA:5380,0
DA:5382,0
DA:5383,0
DA:5384,0
DA:5385,0
DA:5386,0
DA:5387,0
DA:5388,0
DA:5389,0
DA:5390,0
DA:5391,0
DA:5392,0
DA:5393,0
DA:5395,0
DA:5396,0
DA:5398,0
DA:5399,0
DA:5400,0
DA:5404,0
DA:5405,0
DA:5406,0
DA:5407,0
DA:5408,0
DA:5410,0
DA:5411,0
DA:5412,0
DA:5414,0
DA:5415,0
DA:5416,0
DA:5417,0
DA:5418,0
DA:5419,0
DA:5421,0
DA:5422,0
DA:5423,0
DA:5424,0
DA:5425,0
DA:5426,0
DA:5427,0
DA:5428,0
DA:5429,0
DA:5430,0
DA:5431,0
DA:5433,0
DA:5434,0
DA:5436,0
DA:5437,0
DA:5438,0
DA:5439,0
DA:5443,0
DA:5445,0
DA:5446,0
DA:5447,0
DA:5448,0
DA:5449,0
DA:5450,0
DA:5451,0
DA:5452,0
DA:5453,0
DA:5455,0
DA:5456,0
DA:5458,0
DA:5459,0
DA:5460,0
DA:5461,0
DA:5462,0
DA:5463,0
DA:5465,0
DA:5467,0
DA:5468,0
DA:5469,0
DA:5470,0
DA:5471,0
DA:5472,0
DA:5473,0
DA:5474,0
DA:5477,0
DA:5479,0
DA:5480,0
DA:5481,0
DA:5482,0
DA:5483,0
DA:5484,0
DA:5485,0
DA:5486,0
DA:5487,0
DA:5489,0
DA:5490,0
DA:5491,0
DA:5492,0
DA:5493,0
DA:5494,0
DA:5495,0
DA:5496,0
DA:5498,0
DA:5499,0
DA:5500,0
DA:5501,0
DA:5502,0
DA:5503,0
DA:5504,0
DA:5505,0
DA:5506,0
DA:5510,0
DA:5535,0
DA:5536,0
DA:5537,0
DA:5538,0
DA:5539,0
DA:5541,0
DA:5542,0
DA:5543,0
DA:5545,0
DA:5546,0
DA:5547,0
DA:5548,0
DA:5549,0
DA:5550,0
DA:5551,0
DA:5552,0
DA:5553,0
DA:5554,0
DA:5556,0
DA:5557,0
DA:5558,0
DA:5559,0
DA:5561,0
DA:5563,0
DA:5564,0
DA:5565,0
DA:5566,0
DA:5568,0
DA:5569,0
DA:5570,0
DA:5571,0
DA:5573,0
DA:5575,0
DA:5576,0
DA:5577,0
DA:5578,0
DA:5579,0
DA:5580,0
DA:5581,0
DA:5582,0
DA:5583,0
DA:5584,0
DA:5585,0
DA:5586,0
DA:5587,0
DA:5588,0
DA:5589,0
DA:5590,0
DA:5591,0
DA:5592,0
DA:5593,0
DA:5594,0
DA:5595,0
DA:5596,0
DA:5597,0
DA:5598,0
DA:5599,0
DA:5600,0
DA:5602,0
DA:5603,0
DA:5604,0
DA:5605,0
DA:5606,0
DA:5607,0
DA:5608,0
DA:5609,0
DA:5610,0
DA:5611,0
DA:5612,0
DA:5613,0
DA:5614,0
DA:5615,0
DA:5616,0
DA:5617,0
DA:5618,0
DA:5619,0
DA:5621,0
DA:5622,0
DA:5623,0
DA:5624,0
DA:5626,0
DA:5630,0
DA:5632,0
DA:5633,0
DA:5634,0
DA:5635,0
DA:5636,0
DA:5637,0
DA:5638,0
DA:5639,0
DA:5640,0
DA:5641,0
DA:5642,0
DA:5643,0
DA:5644,0
DA:5645,0
DA:5646,0
DA:5647,0
DA:5648,0
DA:5649,0
DA:5650,0
DA:5651,0
DA:5652,0
DA:5653,0
DA:5654,0
DA:5655,0
DA:5656,0
DA:5657,0
DA:5658,0
DA:5661,0
DA:5662,0
DA:5663,0
DA:5664,0
DA:5665,0
DA:5666,0
DA:5667,0
DA:5668,0
DA:5669,0
DA:5670,0
DA:5671,0
DA:5672,0
DA:5673,0
DA:5674,0
DA:5675,0
DA:5676,0
DA:5677,0
DA:5678,0
DA:5679,0
DA:5680,0
DA:5681,0
DA:5682,0
DA:5683,0
DA:5684,0
DA:5685,0
DA:5686,0
DA:5688,0
DA:5691,0
DA:5692,0
DA:5693,0
DA:5694,0
DA:5695,0
DA:5696,0
DA:5697,0
DA:5698,0
DA:5699,0
DA:5700,0
DA:5701,0
DA:5702,0
DA:5703,0
DA:5704,0
DA:5705,0
DA:5706,0
DA:5707,0
DA:5708,0
DA:5709,0
DA:5710,0
DA:5711,0
DA:5712,0
DA:5713,0
DA:5714,0
DA:5715,0
DA:5744,0
DA:5771,0
DA:5797,0
DA:5798,0
DA:5799,0
DA:5800,0
DA:5801,0
DA:5802,0
DA:5803,0
DA:5804,0
DA:5805,0
DA:5806,0
DA:5833,0
DA:5834,0
DA:5835,0
DA:5836,0
DA:5837,0
DA:5838,0
DA:5839,0
DA:5840,0
DA:5842,0
DA:5843,0
DA:5844,0
DA:5845,0
DA:5846,0
DA:5847,0
DA:5848,0
DA:5849,0
DA:5851,0
DA:5853,0
DA:5854,0
DA:5855,0
DA:5856,0
DA:5857,0
DA:5858,0
DA:5859,0
DA:5860,0
DA:5861,0
DA:5865,0
DA:5891,0
DA:5892,0
DA:5893,0
DA:5894,0
DA:5895,0
DA:5896,0
DA:5897,0
DA:5898,0
DA:5900,0
DA:5901,0
DA:5902,0
DA:5903,0
DA:5904,0
DA:5905,0
DA:5906,0
DA:5907,0
DA:5909,0
DA:5910,0
DA:5911,0
DA:5912,0
DA:5913,0
DA:5914,0
DA:5915,0
DA:5916,0
DA:5917,0
DA:5918,0
DA:5922,0
DA:5924,0
DA:5925,0
DA:5926,0
DA:5928,0
DA:5929,0
DA:5931,0
DA:5932,0
DA:5934,0
DA:5935,0
DA:5937,0
DA:5938,0
DA:5940,0
DA:5941,0
DA:5943,0
DA:5944,0
DA:5946,0
DA:5947,0
DA:5948,0
DA:5950,0
DA:5951,0
DA:5953,0
DA:5954,0
DA:5956,0
DA:5957,0
DA:5959,0
DA:5960,0
DA:5962,0
DA:5963,0
DA:5965,0
DA:5966,0
DA:5968,0
DA:5969,0
DA:5971,0
DA:5972,0
DA:5973,0
DA:5975,0
DA:5976,0
DA:5978,0
DA:5979,0
DA:5981,0
DA:5982,0
DA:5984,0
DA:5985,0
DA:5987,0
DA:5988,0
DA:5990,0
DA:5991,0
DA:5993,0
DA:5994,0
DA:5996,0
DA:5997,0
DA:5999,0
DA:6000,0
DA:6005,0
DA:6007,0
DA:6008,0
DA:6009,0
DA:6010,0
DA:6011,0
DA:6012,0
DA:6013,0
DA:6014,0
DA:6015,0
DA:6016,0
DA:6017,0
DA:6018,0
DA:6019,0
DA:6020,0
DA:6021,0
DA:6022,0
DA:6023,0
DA:6024,0
DA:6025,0
DA:6026,0
DA:6027,0
DA:6028,0
DA:6029,0
DA:6030,0
DA:6031,0
DA:6032,0
DA:6033,0
DA:6034,0
DA:6043,0
DA:6089,0
DA:6090,0
DA:6091,0
DA:6092,0
DA:6093,0
DA:6094,0
DA:6095,0
DA:6096,0
DA:6097,0
DA:6098,0
DA:6100,0
DA:6101,0
DA:6102,0
DA:6105,0
DA:6108,0
DA:6109,0
DA:6110,0
DA:6111,0
DA:6113,0
DA:6115,0
DA:6116,0
DA:6117,0
DA:6119,0
DA:6121,0
DA:6122,0
DA:6123,0
DA:6125,0
DA:6127,0
DA:6128,0
DA:6130,0
DA:6131,0
DA:6133,0
DA:6135,0
DA:6136,0
DA:6138,0
DA:6139,0
DA:6141,0
DA:6142,0
DA:6143,0
DA:6145,0
DA:6146,0
DA:6147,0
DA:6149,0
DA:6151,0
DA:6152,0
DA:6153,0
DA:6158,0
DA:6159,0
DA:6160,0
DA:6162,0
DA:6163,0
DA:6164,0
DA:6165,0
DA:6166,0
DA:6167,0
DA:6168,0
DA:6169,0
DA:6170,0
DA:6171,0
DA:6172,0
DA:6173,0
DA:6174,0
DA:6175,0
DA:6176,0
DA:6177,0
DA:6178,0
DA:6179,0
DA:6183,0
DA:6185,0
DA:6198,0
DA:6207,0
DA:6209,0
DA:6210,0
DA:6211,0
DA:6212,0
DA:6213,0
DA:6214,0
DA:6215,0
DA:6217,0
DA:6218,0
DA:6220,0
DA:6221,0
DA:6222,0
DA:6227,0
DA:6228,0
DA:6229,0
DA:6230,0
DA:6231,0
DA:6232,0
DA:6233,0
DA:6235,0
DA:6236,0
DA:6238,0
DA:6239,0
DA:6241,0
DA:6245,0
DA:6247,0
DA:6248,0
DA:6249,0
DA:6250,0
DA:6251,0
DA:6252,0
DA:6253,0
DA:6254,0
DA:6255,0
DA:6256,0
DA:6259,0
DA:6261,0
DA:6262,0
DA:6263,0
DA:6264,0
DA:6265,0
DA:6266,0
DA:6267,0
DA:6268,0
DA:6269,0
DA:6270,0
DA:6274,0
DA:6283,0
DA:6284,0
DA:6285,0
DA:6286,0
DA:6287,0
DA:6289,0
DA:6290,0
DA:6291,0
DA:6292,0
DA:6294,0
DA:6295,0
DA:6296,0
DA:6297,0
DA:6298,0
DA:6300,0
DA:6301,0
DA:6302,0
DA:6303,0
DA:6304,0
DA:6305,0
DA:6306,0
DA:6310,0
DA:6312,0
DA:6313,0
DA:6314,0
DA:6315,0
DA:6316,0
DA:6317,0
DA:6318,0
DA:6319,0
DA:6320,0
DA:6321,0
DA:6322,0
DA:6325,0
DA:6326,0
DA:6327,0
DA:6328,0
DA:6331,0
DA:6332,0
DA:6333,0
DA:6334,0
DA:6335,0
DA:6336,0
DA:6337,0
DA:6338,0
DA:6339,0
DA:6352,0
DA:6363,0
DA:6373,0
DA:6374,0
DA:6375,0
DA:6376,0
DA:6377,0
DA:6378,0
DA:6389,0
DA:6390,0
DA:6391,0
DA:6392,0
DA:6393,0
DA:6394,0
DA:6395,0
DA:6396,0
DA:6397,0
DA:6398,0
DA:6402,0
DA:6412,0
DA:6413,0
DA:6414,0
DA:6415,0
DA:6416,0
DA:6417,0
DA:6418,0
DA:6419,0
DA:6420,0
DA:6421,0
DA:6425,0
DA:6427,0
DA:6428,0
DA:6429,0
DA:6431,0
DA:6432,0
DA:6434,0
DA:6435,0
DA:6437,0
DA:6438,0
DA:6440,0
DA:6441,0
DA:6443,0
DA:6444,0
DA:6446,0
DA:6447,0
DA:6449,0
DA:6450,0
DA:6452,0
DA:6453,0
DA:6458,0
DA:6460,0
DA:6461,0
DA:6462,0
DA:6463,0
DA:6464,0
DA:6465,0
DA:6466,0
DA:6467,0
DA:6468,0
DA:6469,0
DA:6470,0
DA:6471,0
DA:6480,0
DA:6551,0
DA:6552,0
DA:6553,0
DA:6554,0
DA:6555,0
DA:6556,0
DA:6557,0
DA:6558,0
DA:6559,0
DA:6560,0
DA:6561,0
DA:6562,0
DA:6563,0
DA:6564,0
DA:6566,0
DA:6567,0
DA:6568,0
DA:6571,0
DA:6574,0
DA:6575,0
DA:6576,0
DA:6577,0
DA:6579,0
DA:6581,0
DA:6582,0
DA:6583,0
DA:6585,0
DA:6587,0
DA:6588,0
DA:6590,0
DA:6591,0
DA:6593,0
DA:6594,0
DA:6595,0
DA:6597,0
DA:6599,0
DA:6600,0
DA:6602,0
DA:6603,0
DA:6605,0
DA:6607,0
DA:6608,0
DA:6610,0
DA:6611,0
DA:6613,0
DA:6614,0
DA:6615,0
DA:6617,0
DA:6619,0
DA:6620,0
DA:6621,0
DA:6623,0
DA:6625,0
DA:6626,0
DA:6627,0
DA:6629,0
DA:6631,0
DA:6632,0
DA:6633,0
DA:6635,0
DA:6637,0
DA:6638,0
DA:6640,0
DA:6641,0
DA:6643,0
DA:6645,0
DA:6646,0
DA:6648,0
DA:6649,0
DA:6651,0
DA:6656,0
DA:6657,0
DA:6658,0
DA:6660,0
DA:6661,0
DA:6662,0
DA:6663,0
DA:6664,0
DA:6665,0
DA:6666,0
DA:6667,0
DA:6668,0
DA:6669,0
DA:6670,0
DA:6671,0
DA:6672,0
DA:6673,0
DA:6674,0
DA:6675,0
DA:6676,0
DA:6677,0
DA:6678,0
DA:6679,0
DA:6680,0
DA:6681,0
DA:6682,0
DA:6683,0
DA:6684,0
DA:6685,0
DA:6689,0
DA:6691,0
DA:6708,0
DA:6721,0
DA:6723,0
DA:6724,0
DA:6725,0
DA:6726,0
DA:6727,0
DA:6729,0
DA:6730,0
DA:6731,0
DA:6732,0
DA:6733,0
DA:6734,0
DA:6735,0
DA:6736,0
DA:6737,0
DA:6741,0
DA:6742,0
DA:6743,0
DA:6744,0
DA:6745,0
DA:6747,0
DA:6748,0
DA:6749,0
DA:6750,0
DA:6751,0
DA:6752,0
DA:6753,0
[...]
DA:2481,3
DA:2482,2
DA:2484,1
DA:2487,1
DA:2491,1
DA:2492,1
DA:2493,1
DA:2494,1
DA:2495,1
DA:2496,1
DA:2502,1
DA:2504,1
DA:2505,1
DA:2507,1
DA:2508,1
DA:2510,1
DA:2511,1
DA:2513,3
DA:2515,1
DA:2519,1
DA:2520,3
DA:2521,2
DA:2522,1
DA:2527,1
DA:2529,1
DA:2530,1
DA:2532,2
DA:2533,1
DA:2536,1
DA:2537,1
DA:2538,3
DA:2548,1
DA:2549,1
DA:2550,1
DA:2553,1
DA:2557,1
DA:2560,1
DA:2567,1
DA:2568,1
DA:2569,0
DA:2571,0
DA:2579,1
DA:2581,2
DA:2584,2
DA:2587,1
DA:2588,1
DA:2589,2
DA:2592,2
DA:2595,2
DA:2605,1
DA:2611,1
DA:2612,1
DA:2614,1
DA:2615,1
DA:2617,3
DA:2619,1
DA:2621,1
DA:2623,1
DA:2624,1
DA:2626,3
DA:2627,1
DA:2628,3
DA:2635,1
DA:2636,2
DA:2637,3
DA:2647,1
DA:2655,3
DA:2656,2
DA:2659,1
DA:2661,1
DA:2662,1
DA:2664,1
DA:2665,0
DA:2667,0
DA:2668,0
DA:2672,1
DA:2673,2
DA:2684,1
DA:2691,4
DA:2692,3
DA:2693,1
DA:2694,1
DA:2696,1
DA:2698,1
DA:2699,1
DA:2700,1
DA:2701,1
DA:2704,1
DA:2708,1
DA:2709,1
DA:2710,2
DA:2717,1
DA:2718,1
DA:2719,1
DA:2720,1
DA:2721,1
DA:2722,2
DA:2723,3
DA:2725,1
DA:2732,1
DA:2733,3
DA:2734,3
DA:2745,1
DA:2746,1
DA:2747,1
DA:2751,0
DA:2752,2
DA:2753,1
DA:2761,1
DA:2762,3
DA:2763,1
DA:2764,3
DA:2767,1
DA:2768,1
DA:2769,5
DA:2772,1
DA:2776,3
DA:2777,2
DA:2780,1
DA:2784,5
DA:2785,4
DA:2786,1
DA:2788,1
DA:2790,1
DA:2794,0
DA:2795,0
DA:2797,0
DA:2798,0
DA:2799,0
DA:2800,0
DA:2805,0
DA:2806,0
DA:2807,0
DA:2808,0
DA:2813,0
DA:2815,0
DA:2816,0
DA:2819,0
DA:2820,0
DA:2822,0
DA:2824,0
DA:2825,0
DA:2826,0
DA:2827,0
DA:2832,0
DA:2833,0
DA:2837,0
DA:2838,0
DA:2839,0
DA:2842,0
DA:2843,0
DA:2845,0
DA:2847,0
DA:2848,0
DA:2849,0
DA:2854,0
DA:2861,0
DA:2862,0
DA:2863,0
DA:2864,0
DA:2865,0
DA:2866,0
DA:2867,0
DA:2869,0
DA:2873,0
DA:2874,0
DA:2875,0
DA:2876,0
DA:2877,0
DA:2882,0
DA:2884,0
DA:2885,0
DA:2886,0
DA:2887,0
DA:2888,0
DA:2891,0
DA:2894,0
DA:2895,0
DA:2899,1
DA:2904,3
DA:2906,0
DA:2907,2
DA:2908,1
DA:2909,1
DA:2910,1
DA:2912,1
DA:2914,1
DA:2915,0
DA:2921,4
DA:2922,2
DA:2923,1
DA:2924,0
DA:2925,1
DA:2927,1
DA:2929,1
DA:2930,1
DA:2931,1
DA:2934,1
DA:2938,1
DA:2939,1
DA:2940,2
DA:2947,1
DA:2948,1
DA:2951,1
DA:2952,1
DA:2956,3
DA:2958,1
DA:2962,1
DA:2967,3
DA:2968,1
DA:2975,1
DA:2976,1
DA:2977,1
DA:2978,3
DA:2990,1
DA:2991,2
DA:2992,1
DA:2995,1
DA:2996,1
DA:2997,0
DA:2999,1
DA:3000,1
DA:3001,1
DA:3006,1
DA:3009,1
DA:3010,1
DA:3011,0
DA:3013,1
DA:3014,1
DA:3015,1
DA:3027,0
DA:3028,0
DA:3029,0
DA:3032,0
DA:3033,0
DA:3034,0
DA:3038,0
DA:3039,0
DA:3041,0
DA:3043,0
DA:3045,0
DA:3052,0
DA:3053,0
DA:3055,0
DA:3056,0
DA:3058,0
DA:3061,0
DA:3062,0
DA:3068,0
DA:3069,0
DA:3070,0
DA:3071,0
DA:3072,0
DA:3075,0
DA:3076,0
DA:3078,0
DA:3081,0
DA:3083,0
DA:3093,0
DA:3096,0
DA:3098,0
DA:3101,1
DA:3105,1
DA:3108,1
DA:3111,1
DA:3112,1
DA:3113,1
DA:3119,1
DA:3120,1
DA:3128,0
DA:3130,0
DA:3131,0
DA:3132,0
DA:3133,0
DA:3134,0
DA:3135,0
DA:3141,0
DA:3142,0
DA:3143,0
DA:3146,0
DA:3149,0
DA:3151,0
DA:3156,0
DA:3158,0
DA:3165,1
DA:3169,1
DA:3170,3
DA:3172,1
DA:3173,5
DA:3175,1
DA:3176,1
DA:3177,8
DA:3180,2
DA:3181,1
DA:3182,2
DA:3183,2
DA:3184,2
DA:3186,4
DA:3189,1
DA:3190,1
DA:3191,2
DA:3192,1
DA:3193,1
DA:3196,1
DA:3199,1
DA:3203,1
DA:3204,3
DA:3206,1
DA:3207,5
DA:3209,1
DA:3210,1
DA:3211,9
DA:3212,8
DA:3214,1
DA:3216,2
DA:3217,2
DA:3218,4
DA:3219,1
DA:3220,1
DA:3221,2
DA:3223,2
DA:3227,1
DA:3228,2
DA:3230,1
DA:3231,1
DA:3234,1
DA:3237,1
DA:3241,1
DA:3242,3
DA:3244,1
DA:3245,5
DA:3247,1
DA:3248,7
DA:3249,5
DA:3251,1
DA:3253,2
DA:3255,5
DA:3256,1
DA:3257,1
DA:3258,2
DA:3260,2
DA:3263,2
DA:3264,1
DA:3267,1
DA:3268,1
DA:3270,2
DA:3271,2
DA:3272,1
DA:3273,1
DA:3274,1
DA:3275,1
DA:3276,0
DA:3277,1
DA:3279,1
DA:3280,1
DA:3281,1
DA:3282,1
DA:3283,0
DA:3284,1
DA:3289,1
DA:3290,1
DA:3291,2
DA:3292,1
DA:3293,1
DA:3297,1
DA:3298,2
DA:3299,2
DA:3300,1
DA:3301,1
DA:3306,1
DA:3307,5
DA:3310,4
DA:3312,1
DA:3320,1
DA:3323,1
DA:3330,3
DA:3333,0
DA:3334,0
DA:3335,0
DA:3342,1
DA:3343,4
DA:3344,2
DA:3345,2
DA:3348,1
DA:3349,4
DA:3350,2
DA:3351,2
DA:3354,0
DA:3358,0
DA:3359,0
DA:3363,0
DA:3366,1
DA:3367,1
DA:3370,0
DA:3371,0
DA:3372,0
DA:3373,0
DA:3376,0
DA:3377,0
DA:3379,0
DA:3382,0
DA:3383,0
DA:3385,0
DA:3386,0
DA:3389,0
DA:3390,0
DA:3391,0
DA:3394,0
DA:3399,0
DA:3400,0
DA:3401,0
DA:3402,0
DA:3406,1
DA:3407,8
DA:3409,1
DA:3410,1
DA:3411,4
DA:3412,1
DA:3414,1
DA:3417,1
DA:3421,2
DA:3424,1
DA:3425,5
DA:3427,1
DA:3428,2
DA:3430,1
DA:3431,1
DA:3432,1
DA:3434,1
DA:3436,1
DA:3438,1
DA:3440,1
DA:3442,1
DA:3444,1
DA:3451,1
DA:3453,1
DA:3455,0
DA:3457,0
DA:3462,0
DA:3464,0
DA:3466,0
DA:3468,0
DA:3473,0
DA:3474,0
DA:3475,0
DA:3476,0
DA:3479,1
DA:3481,1
DA:3482,1
DA:3483,0
DA:3484,0
DA:3485,0
DA:3486,0
DA:3490,1
DA:3491,9
DA:3493,1
DA:3494,1
DA:3495,2
DA:3497,0
DA:3498,0
DA:3499,0
DA:3504,1
DA:3505,1
DA:3506,2
DA:3508,0
DA:3509,0
DA:3510,0
DA:3515,1
DA:3517,1
DA:3518,1
DA:3519,1
DA:3520,0
DA:3521,1
DA:3522,0
DA:3523,1
DA:3524,0
DA:3525,1
DA:3526,0
DA:3527,1
DA:3528,0
DA:3529,1
DA:3530,0
DA:3531,1
DA:3532,0
DA:3533,1
DA:3534,0
DA:3535,1
DA:3536,1
DA:3537,1
DA:3538,0
DA:3539,1
DA:3540,0
DA:3541,1
DA:3542,0
DA:3543,1
DA:3544,0
DA:3545,1
DA:3546,0
DA:3547,1
DA:3548,1
DA:3552,1
DA:3553,1
DA:3555,2
DA:3558,1
DA:3559,1
DA:3560,1
DA:3561,2
DA:3562,1
DA:3563,3
DA:3564,4
DA:3565,1
DA:3566,1
DA:3567,2
DA:3568,3
DA:3569,1
DA:3570,1
DA:3573,1
DA:3577,1
DA:3581,1
DA:3592,1
DA:3593,1
DA:3598,1
DA:3599,0
DA:3600,1
DA:3602,1
DA:3605,1
DA:3606,1
DA:3607,1
DA:3611,1
DA:3612,1
DA:3617,1
DA:3621,1
DA:3626,1
DA:3627,1
DA:3628,1
DA:3634,1
DA:3635,1
DA:3636,1
DA:3640,1
DA:3642,1
DA:3645,1
DA:3646,1
DA:3654,1
DA:3663,1
DA:3664,1
DA:3669,1
DA:3670,0
DA:3671,1
DA:3673,1
DA:3676,1
DA:3677,1
DA:3678,1
DA:3684,1
DA:3688,1
DA:3690,1
DA:3693,1
DA:3694,1
DA:3701,0
DA:3702,0
DA:3703,0
DA:3704,0
DA:3705,0
DA:3707,0
DA:3708,0
DA:3709,0
DA:3710,0
DA:3711,0
DA:3716,0
DA:3720,0
DA:3721,0
DA:3724,0
DA:3725,0
DA:3731,0
DA:3732,0
DA:3733,0
DA:3734,0
DA:3735,0
DA:3736,0
DA:3737,0
DA:3738,0
DA:3739,0
DA:3740,0
DA:3741,0
DA:3742,0
DA:3743,0
DA:3744,0
DA:3745,0
DA:3747,0
DA:3748,0
DA:3750,0
DA:3751,0
DA:3752,0
DA:3759,0
DA:3763,0
DA:3764,0
DA:3766,0
DA:3767,0
DA:3768,0
DA:3770,0
DA:3771,0
DA:3772,0
DA:3785,1
DA:3799,1
DA:3800,7
DA:3802,0
DA:3803,0
DA:3807,1
DA:3810,1
DA:3815,1
DA:3818,1
DA:3819,2
DA:3823,1
DA:3829,1
DA:3832,1
DA:3834,4
DA:3835,1
DA:3836,1
DA:3837,4
DA:3843,1
DA:3856,1
DA:3859,1
DA:3860,2
DA:3864,1
DA:3878,1
DA:3896,0
DA:3908,0
DA:3910,0
DA:3911,0
DA:3915,0
DA:3916,0
DA:3917,0
DA:3919,0
DA:3923,0
DA:3924,0
DA:3925,0
DA:3927,0
DA:3928,0
DA:3930,0
DA:3931,0
DA:3932,0
DA:3933,0
DA:3934,0
DA:3937,0
DA:3939,0
DA:3940,0
DA:3941,0
DA:3942,0
DA:3946,0
DA:3948,0
DA:3949,0
DA:3953,0
DA:3955,0
DA:3957,0
DA:3959,0
DA:3960,0
DA:3962,0
DA:3963,0
DA:3964,0
DA:3965,0
DA:3977,0
DA:3978,0
DA:3979,0
DA:3983,0
DA:3986,0
DA:3987,0
DA:3988,0
DA:3989,0
DA:3990,0
DA:3992,0
DA:3993,0
DA:3996,0
DA:3999,0
DA:4000,0
DA:4001,0
DA:4002,0
DA:4005,0
DA:4007,0
DA:4008,0
DA:4010,0
DA:4011,0
DA:4012,0
DA:4016,0
DA:4017,0
DA:4019,0
DA:4024,0
DA:4027,0
DA:4029,0
DA:4032,0
DA:4037,0
DA:4038,0
DA:4039,0
DA:4041,0
DA:4045,0
DA:4046,0
DA:4050,0
DA:4052,0
DA:4054,0
DA:4064,1
DA:4077,1
DA:4079,2
DA:4082,4
DA:4083,1
DA:4084,3
DA:4085,1
DA:4089,3
DA:4090,1
DA:4091,1
DA:4092,1
DA:4094,1
DA:4099,1
DA:4100,1
DA:4120,1
DA:4134,1
DA:4136,4
DA:4137,1
DA:4139,1
DA:4140,1
DA:4141,1
DA:4142,1
DA:4143,1
DA:4144,1
DA:4146,1
DA:4152,1
DA:4164,0
DA:4166,0
DA:4167,0
DA:4170,0
DA:4171,0
DA:4172,0
DA:4173,0
DA:4179,0
DA:4181,0
DA:4183,0
DA:4184,0
DA:4185,0
DA:4186,0
DA:4187,0
DA:4188,0
DA:4189,0
DA:4190,0
DA:4191,0
DA:4192,0
DA:4194,0
DA:4197,0
DA:4199,0
DA:4200,0
DA:4201,0
DA:4202,0
DA:4206,2
DA:4207,2
DA:4208,2
DA:4209,2
DA:4210,2
DA:4211,2
DA:4212,2
LF:1868
LH:1104
end_of_record
SF:lib/core/services/ai/ai_tuning_config_service.dart
DA:9,0
DA:12,0
DA:14,0
DA:15,0
DA:23,0
DA:24,0
DA:27,0
DA:28,0
DA:29,0
DA:35,0
DA:36,0
DA:38,0
DA:40,0
DA:46,0
DA:47,0
DA:48,0
DA:49,0
DA:52,0
DA:56,0
DA:57,0
DA:58,0
DA:59,0
LF:22
LH:0
end_of_record
SF:lib/core/services/ai/natural_language_transaction_service.dart
DA:23,1
DA:28,1
DA:29,1
DA:41,0
DA:47,0
DA:48,0
DA:53,0
DA:54,0
DA:57,0
DA:58,0
DA:60,0
DA:61,0
DA:65,0
DA:68,0
DA:74,0
DA:77,0
DA:78,0
DA:80,0
DA:81,0
DA:83,0
DA:84,0
DA:88,0
DA:89,0
DA:90,0
DA:91,0
DA:93,0
DA:94,0
DA:95,0
DA:98,0
DA:105,0
DA:106,0
DA:110,0
DA:111,0
DA:114,0
DA:116,0
DA:117,0
DA:119,0
DA:120,0
DA:125,0
DA:126,0
DA:128,0
DA:129,0
DA:136,0
DA:144,0
DA:146,0
DA:147,0
DA:148,0
DA:149,0
DA:150,0
DA:153,0
DA:155,0
DA:156,0
DA:159,0
DA:166,0
DA:168,0
DA:169,0
DA:170,0
DA:171,0
DA:174,0
DA:179,0
DA:180,0
DA:181,0
DA:182,0
DA:184,0
DA:185,0
DA:186,0
DA:189,0
DA:190,0
DA:191,0
DA:192,0
DA:193,0
DA:194,0
DA:196,0
DA:198,0
DA:202,0
DA:204,0
DA:206,0
DA:212,0
DA:217,0
DA:220,0
DA:228,0
DA:229,0
DA:230,0
DA:231,0
DA:232,0
DA:233,0
DA:238,0
DA:239,0
DA:240,0
DA:244,0
DA:245,0
DA:249,0
DA:251,0
DA:252,0
DA:254,0
DA:255,0
DA:257,0
DA:258,0
DA:260,0
DA:261,0
DA:269,0
DA:271,0
DA:272,0
DA:273,0
DA:274,0
DA:280,0
DA:281,0
DA:282,0
DA:283,0
DA:284,0
DA:287,0
DA:288,0
DA:290,0
DA:291,0
DA:296,0
DA:298,0
DA:299,0
DA:300,0
DA:301,0
DA:307,0
DA:308,0
DA:309,0
DA:310,0
DA:311,0
DA:314,0
DA:315,0
DA:317,0
DA:318,0
DA:325,0
DA:326,0
DA:327,0
DA:328,0
DA:329,0
DA:330,0
DA:331,0
DA:333,0
DA:339,0
DA:342,0
DA:344,0
DA:348,0
DA:349,0
DA:350,0
DA:351,0
DA:352,0
DA:353,0
DA:354,0
DA:357,0
DA:358,0
DA:359,0
DA:360,0
DA:363,0
DA:368,0
DA:369,0
DA:370,0
DA:371,0
DA:376,0
DA:377,0
DA:379,0
DA:380,0
DA:383,0
DA:385,0
DA:387,0
DA:392,0
DA:398,0
DA:399,0
DA:404,0
DA:407,0
DA:408,0
DA:411,0
DA:414,0
DA:417,0
DA:418,0
DA:419,0
DA:420,0
DA:421,0
DA:422,0
DA:423,0
DA:424,0
DA:425,0
DA:426,0
DA:427,0
DA:428,0
DA:429,0
DA:430,0
DA:431,0
DA:432,0
DA:435,0
DA:436,0
DA:440,0
DA:441,0
DA:445,0
DA:447,0
DA:450,0
DA:451,0
DA:453,0
DA:458,0
DA:459,0
DA:462,0
DA:463,0
DA:464,0
DA:465,0
DA:467,0
DA:468,0
DA:470,0
DA:471,0
DA:474,0
DA:475,0
DA:476,0
DA:477,0
DA:478,0
DA:479,0
DA:480,0
DA:484,0
DA:487,0
DA:488,0
DA:489,0
DA:491,0
DA:493,0
DA:494,0
DA:499,0
DA:500,0
DA:501,0
DA:503,0
DA:506,0
DA:507,0
DA:514,0
DA:521,0
DA:522,0
DA:523,0
DA:525,0
DA:528,0
DA:529,0
DA:530,0
DA:531,0
DA:532,0
DA:533,0
DA:534,0
DA:536,0
DA:549,0
DA:555,0
DA:556,0
DA:561,0
DA:562,0
DA:565,0
DA:573,0
DA:574,0
DA:575,0
DA:576,0
DA:577,0
DA:578,0
DA:581,0
DA:584,0
DA:588,0
DA:590,0
DA:597,0
DA:601,0
DA:602,0
DA:605,0
DA:611,0
DA:612,0
DA:614,0
DA:615,0
DA:624,0
LF:263
LH:3
end_of_record
SF:lib/core/services/user_income_profile_service.dart
DA:9,0
DA:15,0
DA:16,0
DA:17,0
DA:22,0
DA:23,0
DA:29,0
DA:30,0
DA:32,0
DA:33,0
DA:40,0
DA:42,0
DA:43,0
DA:44,0
DA:48,0
DA:49,0
DA:55,0
DA:56,0
DA:57,0
DA:60,0
DA:61,0
DA:62,0
DA:64,0
DA:65,0
DA:70,0
DA:71,0
DA:72,0
DA:75,0
DA:76,0
DA:77,0
DA:81,0
DA:82,0
DA:84,0
DA:102,2
LF:34
LH:1
end_of_record
SF:lib/core/utils/ai_date_parser.dart
DA:6,0
DA:16,0
DA:22,0
DA:23,0
DA:27,0
DA:36,0
DA:39,0
DA:50,0
DA:52,0
DA:62,0
DA:70,0
DA:76,0
DA:79,0
DA:82,0
DA:83,0
DA:84,0
DA:90,0
DA:91,0
DA:92,0
DA:97,0
DA:98,0
DA:102,0
DA:109,0
DA:113,0
DA:114,0
DA:115,0
DA:116,0
DA:119,0
DA:120,0
DA:121,0
DA:122,0
DA:123,0
DA:124,0
DA:125,0
DA:126,0
DA:127,0
DA:128,0
DA:129,0
DA:130,0
DA:135,0
DA:136,0
DA:137,0
DA:138,0
DA:141,0
DA:153,0
DA:158,0
DA:159,0
DA:160,0
DA:161,0
DA:163,0
DA:167,0
DA:168,0
LF:52
LH:0
end_of_record
SF:lib/core/services/persistent_storage_service.dart
DA:13,1
DA:22,0
DA:23,0
DA:25,0
DA:26,0
DA:28,0
DA:29,0
DA:31,0
DA:34,1
DA:35,1
DA:36,1
DA:41,0
DA:42,0
DA:45,0
DA:49,0
DA:50,0
DA:51,0
DA:55,0
DA:57,0
DA:58,0
DA:60,0
DA:61,0
DA:65,0
DA:66,0
DA:67,0
DA:77,0
DA:78,0
DA:79,0
DA:80,0
DA:83,0
DA:87,0
DA:88,0
DA:89,0
DA:90,0
DA:93,0
DA:95,0
DA:96,0
DA:102,0
DA:103,0
DA:104,0
DA:105,0
DA:107,0
DA:111,0
DA:112,0
DA:113,0
DA:115,0
DA:117,0
DA:118,0
DA:122,0
DA:123,0
DA:124,0
DA:125,0
DA:127,0
DA:131,0
DA:132,0
DA:133,0
DA:135,0
DA:137,0
DA:138,0
DA:142,0
DA:143,0
DA:144,0
DA:145,0
DA:147,0
DA:151,0
DA:152,0
DA:153,0
DA:155,0
DA:157,0
DA:158,0
DA:162,0
DA:163,0
DA:164,0
DA:165,0
DA:167,0
DA:171,0
DA:172,0
DA:173,0
DA:175,0
DA:177,0
DA:178,0
DA:185,0
DA:186,0
DA:187,0
DA:190,0
DA:191,0
DA:192,0
DA:194,0
DA:195,0
DA:196,0
DA:203,0
DA:204,0
DA:205,0
DA:208,0
DA:209,0
DA:210,0
DA:212,0
DA:213,0
DA:214,0
DA:218,0
DA:219,0
DA:220,0
DA:221,0
DA:222,0
DA:223,0
DA:225,0
DA:226,0
DA:227,0
DA:228,0
DA:229,0
DA:230,0
DA:231,0
DA:235,0
DA:238,0
DA:239,0
DA:241,0
DA:243,0
DA:247,0
DA:248,0
DA:249,0
DA:251,0
DA:252,0
DA:255,0
DA:256,0
DA:257,0
DA:258,0
DA:259,0
DA:263,0
DA:264,0
DA:265,0
DA:266,0
DA:267,0
DA:271,0
DA:272,0
DA:273,0
DA:274,0
DA:275,0
DA:279,0
DA:280,0
DA:281,0
DA:282,0
DA:283,0
DA:286,0
DA:287,0
DA:288,0
DA:289,0
DA:290,0
DA:295,0
DA:296,0
DA:304,0
DA:305,0
DA:306,0
DA:308,0
DA:314,0
DA:315,0
DA:323,0
DA:326,0
DA:327,0
DA:328,0
DA:329,0
DA:330,0
DA:331,0
DA:332,0
DA:334,0
DA:338,0
DA:339,0
DA:344,0
DA:346,0
DA:348,0
DA:351,0
DA:352,0
DA:354,0
DA:357,0
DA:361,0
DA:363,0
DA:366,0
DA:378,0
DA:379,0
DA:380,0
DA:381,0
DA:384,0
DA:386,0
DA:389,0
DA:393,0
DA:397,0
DA:400,0
DA:405,0
DA:407,0
DA:412,0
DA:413,0
DA:414,0
DA:415,0
DA:416,0
DA:417,0
DA:418,0
LF:195
LH:4
end_of_record
SF:lib/core/services/total_assets_service.dart
DA:11,1
DA:19,1
DA:22,1
DA:24,1
DA:29,1
DA:36,1
DA:37,0
DA:39,0
DA:40,0
DA:42,0
DA:43,0
DA:45,0
DA:55,1
DA:59,1
DA:60,1
DA:64,0
DA:70,0
DA:78,0
DA:80,0
DA:84,0
DA:90,0
DA:91,0
DA:92,0
DA:93,0
DA:95,0
DA:97,0
DA:98,0
DA:99,0
DA:103,0
DA:109,0
DA:116,0
DA:119,0
DA:120,0
DA:124,0
DA:128,0
DA:131,0
DA:132,0
DA:133,0
DA:134,0
DA:135,0
DA:136,0
DA:137,0
DA:143,0
DA:144,0
DA:145,0
DA:146,0
DA:154,0
DA:157,0
DA:159,0
DA:160,0
DA:161,0
DA:162,0
DA:163,0
DA:164,0
DA:165,0
DA:174,0
DA:177,0
DA:182,0
DA:184,0
DA:188,0
DA:190,0
DA:191,0
DA:193,0
DA:195,0
DA:203,0
DA:206,0
DA:208,0
DA:211,0
DA:213,0
DA:214,0
DA:215,0
DA:216,0
DA:217,0
DA:219,0
DA:221,0
DA:222,0
DA:223,0
DA:224,0
DA:225,0
DA:227,0
DA:228,0
DA:230,0
DA:231,0
DA:233,0
DA:234,0
LF:85
LH:9
end_of_record
SF:lib/core/theme/app_theme.dart
DA:29,0
DA:30,0
DA:36,0
DA:40,0
DA:41,0
DA:42,0
DA:51,0
DA:54,0
DA:57,0
DA:63,0
DA:64,0
DA:67,0
DA:72,0
DA:73,0
DA:74,0
DA:80,0
DA:81,0
DA:82,0
DA:83,0
DA:90,0
DA:118,0
DA:121,0
DA:122,0
DA:124,0
DA:128,0
DA:129,0
DA:133,0
DA:134,0
DA:149,0
DA:150,0
DA:152,0
DA:153,0
DA:164,0
DA:167,0
DA:168,0
DA:171,0
DA:172,0
DA:175,0
DA:176,0
DA:253,0
DA:281,0
DA:284,0
DA:285,0
DA:287,0
DA:291,0
DA:292,0
DA:296,0
DA:297,0
DA:312,0
DA:313,0
DA:315,0
DA:316,0
DA:327,0
DA:330,0
DA:331,0
DA:334,0
DA:335,0
DA:338,0
DA:339,0
DA:413,0
DA:414,0
DA:415,0
DA:416,0
DA:417,0
DA:418,0
DA:419,0
DA:420,0
DA:421,0
DA:422,0
DA:423,0
DA:424,0
DA:425,0
DA:428,0
DA:429,0
DA:430,0
DA:431,0
DA:434,0
DA:437,0
DA:438,0
DA:439,0
DA:440,0
DA:441,0
DA:442,0
DA:443,0
DA:446,0
DA:447,0
DA:448,0
DA:449,0
DA:450,0
DA:451,0
DA:452,0
DA:453,0
DA:454,0
DA:455,0
DA:458,0
DA:459,0
DA:462,0
DA:465,0
DA:468,1
DA:469,1
DA:470,2
DA:472,0
DA:476,0
DA:477,0
DA:480,3
DA:483,0
DA:484,0
DA:487,0
DA:488,0
DA:491,0
DA:492,0
DA:495,0
LF:112
LH:4
end_of_record
SF:lib/core/theme/flux_theme.dart
DA:79,0
DA:80,0
DA:81,0
DA:88,0
DA:89,0
DA:90,0
DA:97,0
DA:98,0
DA:99,0
DA:108,0
DA:109,0
DA:116,0
DA:117,0
DA:123,0
DA:124,0
DA:130,0
DA:131,0
DA:134,0
DA:138,0
DA:139,0
DA:142,0
DA:146,0
DA:147,0
DA:150,0
DA:156,0
DA:167,0
DA:177,0
DA:187,0
DA:199,0
DA:205,0
DA:213,0
DA:220,0
DA:227,0
DA:228,0
DA:231,0
DA:232,0
DA:235,0
DA:236,0
DA:251,3
DA:256,1
DA:257,1
DA:270,0
DA:273,0
DA:274,0
DA:289,0
DA:291,0
DA:292,0
DA:296,0
DA:298,0
DA:299,0
DA:317,0
DA:320,0
DA:323,0
DA:328,2
DA:330,0
DA:331,0
DA:332,0
DA:333,0
DA:334,0
DA:335,0
DA:336,0
DA:337,0
DA:338,0
DA:343,2
DA:345,0
DA:346,0
DA:347,0
DA:348,0
DA:349,0
DA:350,0
DA:355,0
DA:358,0
DA:359,0
DA:360,0
DA:361,0
DA:362,0
DA:363,0
LF:77
LH:5
end_of_record
SF:lib/core/utils/flux_logger.dart
DA:6,0
DA:8,0
DA:9,0
DA:12,0
DA:18,0
DA:20,0
DA:24,0
LF:7
LH:0
end_of_record
SF:lib/core/widgets/app_empty_state.dart
DA:8,1
DA:23,1
DA:24,1
DA:25,1
DA:26,1
DA:28,1
DA:31,1
DA:32,1
DA:35,1
DA:36,1
DA:39,1
DA:40,1
DA:42,1
DA:46,1
DA:47,1
DA:48,1
DA:51,2
DA:53,1
DA:54,1
DA:55,1
DA:59,3
DA:61,1
DA:62,1
DA:63,1
DA:75,0
DA:78,1
DA:82,1
DA:91,0
DA:94,0
DA:103,0
DA:106,0
DA:109,0
DA:113,0
DA:116,0
DA:125,0
DA:128,0
LF:36
LH:26
end_of_record
SF:lib/core/widgets/app_primary_button.dart
DA:8,1
DA:22,1
DA:23,1
DA:31,1
DA:33,1
DA:34,2
DA:38,3
DA:39,2
DA:43,1
DA:45,2
DA:46,1
DA:50,1
DA:51,1
DA:52,1
DA:56,0
DA:57,0
DA:58,0
DA:65,1
DA:66,1
DA:67,2
DA:76,1
DA:78,4
DA:79,1
DA:81,1
DA:82,0
DA:83,0
DA:84,0
DA:85,2
DA:86,1
DA:87,1
DA:88,1
DA:93,1
DA:94,1
DA:99,1
DA:100,0
DA:101,1
DA:102,1
DA:104,1
DA:107,2
DA:109,1
DA:111,1
DA:112,2
DA:113,0
DA:116,1
DA:117,2
DA:137,0
DA:150,0
DA:151,0
DA:152,0
DA:153,0
DA:154,0
DA:159,0
DA:161,0
DA:164,0
DA:166,0
DA:167,0
DA:168,0
DA:171,0
DA:172,0
DA:173,0
DA:174,0
LF:61
LH:37
end_of_record
SF:lib/core/widgets/app_selection_controls.dart
DA:8,0
DA:16,0
DA:17,0
DA:18,0
DA:19,0
DA:20,0
DA:28,0
DA:38,0
DA:40,0
DA:41,0
DA:44,0
DA:45,0
DA:46,0
DA:51,0
DA:53,0
DA:54,0
DA:55,0
DA:59,0
DA:69,0
DA:70,0
DA:71,0
DA:72,0
DA:74,0
DA:77,0
DA:78,0
DA:79,0
DA:93,1
DA:103,1
DA:105,3
DA:107,1
DA:108,1
DA:109,2
DA:110,2
DA:112,1
DA:114,1
DA:115,2
DA:117,2
DA:126,1
DA:127,1
DA:129,0
LF:40
LH:13
end_of_record
SF:lib/core/widgets/app_shimmer.dart
DA:7,0
DA:15,0
DA:16,0
DA:19,0
DA:23,0
DA:28,0
DA:29,0
DA:36,0
DA:38,0
DA:39,0
DA:42,0
DA:45,0
DA:47,0
DA:48,0
DA:51,0
DA:53,0
DA:60,0
DA:61,0
DA:62,0
DA:63,0
DA:64,0
DA:65,0
DA:66,0
DA:67,0
DA:68,0
DA:71,0
DA:80,0
DA:83,0
DA:85,0
DA:86,0
DA:94,0
DA:97,0
DA:100,0
DA:104,0
DA:106,0
DA:107,0
DA:108,0
DA:110,0
DA:111,0
DA:113,0
DA:114,0
DA:116,0
DA:125,0
DA:130,0
DA:133,0
DA:136,0
LF:46
LH:0
end_of_record
SF:lib/core/widgets/composite/navigable_list_item.dart
DA:13,0
DA:33,0
DA:34,0
DA:36,0
DA:37,0
DA:38,0
DA:41,0
DA:42,0
DA:45,0
DA:50,0
DA:52,0
DA:54,0
DA:58,0
DA:59,0
LF:14
LH:0
end_of_record
SF:lib/core/widgets/composite/standard_list_item.dart
DA:13,0
DA:34,0
DA:35,0
DA:36,0
DA:37,0
DA:38,0
DA:40,0
DA:41,0
DA:42,0
DA:43,0
DA:49,0
DA:50,0
DA:51,0
DA:58,0
DA:59,0
DA:65,0
DA:67,0
DA:68,0
DA:69,0
DA:72,0
LF:20
LH:0
end_of_record
SF:lib/core/widgets/composite/switch_control_list_item.dart
DA:13,0
DA:33,0
DA:37,0
DA:39,0
DA:40,0
DA:41,0
DA:42,0
DA:44,0
DA:45,0
DA:46,0
DA:53,0
DA:54,0
DA:59,0
DA:60,0
DA:61,0
DA:62,0
LF:16
LH:0
end_of_record
SF:lib/main_flux.dart
DA:25,0
DA:27,0
DA:30,0
DA:31,0
DA:32,0
DA:33,0
DA:34,0
DA:35,0
DA:36,0
DA:37,0
DA:39,0
DA:40,0
DA:41,0
DA:45,0
DA:46,0
DA:47,0
DA:52,0
DA:53,0
DA:55,0
DA:56,0
DA:59,0
DA:62,0
DA:64,0
DA:65,0
DA:66,0
DA:67,0
DA:69,0
DA:70,0
DA:72,0
DA:73,0
DA:75,0
DA:76,0
DA:78,0
DA:79,0
DA:81,0
DA:82,0
DA:86,0
DA:87,0
DA:89,0
DA:90,0
DA:94,0
DA:95,0
DA:97,0
DA:98,0
DA:102,0
DA:103,0
DA:105,0
DA:106,0
DA:108,0
DA:109,0
DA:111,0
DA:112,0
DA:122,0
DA:124,0
DA:127,0
DA:129,0
DA:131,0
DA:143,2
DA:145,1
DA:147,1
DA:149,1
DA:151,1
DA:152,1
DA:153,1
DA:154,1
DA:170,2
DA:171,2
DA:172,1
DA:181,1
DA:182,1
DA:184,1
DA:191,1
DA:204,1
DA:216,1
DA:219,1
DA:220,1
DA:226,1
DA:229,1
DA:230,1
DA:233,1
DA:234,1
DA:237,1
DA:238,1
DA:249,1
DA:250,1
DA:319,1
DA:358,2
DA:367,0
DA:373,0
DA:374,0
DA:375,0
DA:376,0
DA:379,0
DA:384,0
DA:385,0
DA:386,0
DA:387,0
DA:388,0
DA:395,0
DA:396,0
LF:100
LH:30
end_of_record
SF:lib/screens/ai_config_screen.dart
DA:11,2
DA:13,0
DA:14,0
DA:33,0
DA:35,0
DA:36,0
DA:39,0
DA:40,0
DA:41,0
DA:44,0
DA:45,0
DA:46,0
DA:47,0
DA:52,0
DA:53,0
DA:55,0
DA:58,0
DA:61,0
DA:65,0
DA:67,0
DA:68,0
DA:69,0
DA:70,0
DA:73,0
DA:75,0
DA:76,0
DA:79,0
DA:82,0
DA:83,0
DA:84,0
DA:88,0
DA:89,0
DA:94,0
DA:95,0
DA:96,0
DA:98,0
DA:100,0
DA:102,0
DA:105,0
DA:106,0
DA:107,0
DA:108,0
DA:114,0
DA:116,0
DA:117,0
DA:124,0
DA:125,0
DA:126,0
DA:127,0
DA:128,0
DA:129,0
DA:130,0
DA:131,0
DA:133,0
DA:134,0
DA:137,0
DA:138,0
DA:140,0
DA:147,0
DA:152,0
DA:154,0
DA:155,0
DA:160,0
DA:162,0
DA:165,0
DA:166,0
DA:167,0
DA:173,0
DA:174,0
DA:175,0
DA:179,0
DA:180,0
DA:181,0
DA:182,0
DA:183,0
DA:184,0
DA:185,0
DA:186,0
DA:190,0
DA:191,0
DA:192,0
DA:201,0
DA:203,0
DA:207,0
DA:208,0
DA:209,0
DA:210,0
DA:213,0
DA:215,0
DA:221,0
DA:222,0
DA:223,0
DA:231,0
DA:233,0
DA:235,0
DA:236,0
DA:238,0
DA:241,0
DA:243,0
DA:246,0
DA:247,0
DA:248,0
DA:249,0
DA:250,0
DA:255,0
DA:256,0
DA:257,0
DA:267,0
DA:269,0
DA:270,0
LF:110
LH:1
end_of_record
