SF:lib/features/insights/models/monthly_health.dart
DA:5,3
DA:25,1
DA:26,1
DA:27,1
DA:28,1
DA:29,1
DA:30,1
DA:31,1
DA:32,1
DA:33,1
DA:34,1
DA:49,3
DA:59,1
DA:60,4
LF:14
LH:14
end_of_record
SF:lib/features/insights/models/budget_data.dart
DA:9,2
DA:16,8
DA:17,12
DA:18,8
DA:21,5
DA:23,0
DA:24,0
LF:7
LH:5
end_of_record
SF:lib/features/insights/models/allocation_data.dart
DA:9,2
DA:16,8
DA:17,12
DA:20,5
DA:22,0
DA:23,0
LF:6
LH:4
end_of_record
SF:lib/features/insights/models/health_score.dart
DA:12,2
DA:19,2
DA:20,2
DA:21,4
DA:22,2
DA:24,2
DA:26,2
DA:29,2
DA:33,2
DA:34,2
DA:35,2
DA:36,2
DA:37,2
DA:42,10
DA:44,0
DA:45,0
LF:16
LH:14
end_of_record
SF:lib/features/insights/models/trend_data.dart
DA:9,0
DA:16,0
DA:18,0
DA:19,0
LF:4
LH:0
end_of_record
SF:lib/features/insights/services/financial_calculation_service.dart
DA:10,1
DA:11,1
DA:13,1
DA:14,1
DA:17,1
DA:19,2
DA:20,3
DA:24,2
DA:30,0
DA:31,0
DA:33,0
DA:34,0
DA:37,0
DA:38,0
DA:39,0
DA:40,0
DA:43,0
DA:44,0
DA:48,0
DA:54,0
DA:55,0
DA:57,0
DA:60,0
DA:63,0
DA:64,0
DA:67,0
DA:68,0
DA:72,0
LF:28
LH:8
end_of_record
SF:lib/core/theme/app_design_tokens.dart
DA:29,0
DA:33,10
DA:34,8
DA:35,6
DA:37,0
DA:39,0
DA:44,2
DA:47,1
DA:52,2
DA:55,1
DA:60,0
DA:61,0
DA:146,4
DA:147,12
DA:148,4
DA:152,4
DA:153,8
DA:158,0
DA:159,0
DA:163,5
DA:164,5
DA:165,5
DA:166,5
DA:170,3
DA:172,3
DA:173,3
DA:175,3
DA:176,3
DA:178,0
DA:179,0
DA:181,2
DA:182,6
DA:185,4
DA:186,12
DA:192,3
DA:193,9
DA:201,2
DA:202,6
DA:203,2
DA:205,2
DA:207,0
DA:208,0
DA:215,2
DA:216,2
DA:218,0
DA:219,2
DA:228,0
DA:229,0
DA:233,0
DA:234,0
DA:235,0
DA:237,0
DA:238,0
DA:245,0
DA:254,2
DA:258,1
DA:259,1
DA:262,2
DA:266,1
DA:267,1
DA:270,8
DA:274,4
DA:275,4
DA:278,8
DA:282,4
DA:283,4
DA:286,10
DA:288,10
DA:291,0
DA:293,0
DA:302,0
DA:306,0
DA:307,0
DA:313,0
DA:317,0
DA:318,0
DA:324,0
DA:326,0
DA:327,0
DA:333,0
DA:337,0
DA:340,6
DA:341,18
DA:349,0
DA:350,0
DA:351,0
DA:355,1
DA:356,1
DA:357,1
DA:363,0
DA:364,0
DA:365,0
DA:414,0
DA:415,0
DA:416,0
DA:417,2
DA:418,2
DA:419,4
DA:420,0
DA:421,0
DA:422,1
DA:423,2
DA:424,0
DA:425,0
DA:426,0
DA:427,0
DA:430,3
DA:431,3
DA:432,9
DA:433,3
DA:436,3
DA:437,3
DA:438,9
DA:439,3
DA:442,0
DA:443,0
DA:444,0
DA:445,0
DA:448,3
DA:449,6
DA:452,0
DA:453,0
DA:454,0
DA:496,1
DA:515,0
DA:517,0
DA:518,0
DA:519,0
DA:520,0
DA:521,0
DA:522,0
DA:523,0
DA:524,0
DA:525,0
DA:526,0
DA:527,0
DA:528,0
DA:529,0
DA:530,0
DA:531,0
DA:532,0
DA:537,0
DA:538,0
DA:539,0
DA:540,0
DA:541,0
DA:542,0
DA:543,0
DA:548,0
DA:549,0
DA:550,0
DA:551,0
DA:552,0
DA:553,0
DA:554,0
DA:555,0
DA:556,0
DA:557,0
DA:558,0
DA:559,0
LF:160
LH:69
end_of_record
SF:lib/features/insights/widgets/daily_budget_velocity.dart
DA:15,1
DA:20,1
DA:23,4
DA:24,1
DA:27,1
DA:28,2
DA:29,1
DA:31,1
DA:33,1
DA:35,1
DA:37,1
DA:38,1
DA:39,1
DA:41,1
DA:44,1
DA:45,1
DA:47,1
DA:48,1
DA:49,1
DA:57,1
DA:59,1
DA:60,1
DA:61,3
DA:62,1
DA:64,1
DA:65,1
DA:66,3
DA:67,4
DA:68,2
DA:69,1
DA:70,1
DA:71,1
DA:80,1
DA:81,1
DA:84,1
DA:86,2
DA:87,1
LF:37
LH:37
end_of_record
SF:lib/features/insights/models/micro_insight.dart
DA:5,2
DA:24,3
DA:25,3
DA:27,1
DA:36,1
DA:37,1
DA:38,1
DA:39,1
DA:40,1
DA:41,1
DA:42,1
DA:43,1
DA:47,1
DA:48,1
DA:49,1
DA:50,1
DA:51,1
DA:52,1
DA:53,1
DA:54,1
DA:55,1
LF:21
LH:21
end_of_record
SF:lib/features/insights/models/weekly_anomaly.dart
DA:5,3
DA:27,1
DA:38,1
DA:39,1
DA:40,1
DA:41,1
DA:42,1
DA:43,1
DA:44,1
DA:45,1
DA:46,1
DA:47,1
DA:51,1
DA:52,1
DA:53,1
DA:54,1
DA:55,1
DA:56,1
DA:57,1
DA:58,1
DA:59,1
DA:60,1
DA:61,1
LF:23
LH:23
end_of_record
SF:lib/features/insights/models/daily_cap.dart
DA:6,3
DA:25,12
DA:26,4
DA:28,1
DA:37,1
DA:38,1
DA:39,1
DA:40,1
DA:41,1
DA:42,1
DA:43,1
DA:44,1
DA:48,1
DA:49,1
DA:50,1
DA:51,1
DA:52,1
DA:53,1
DA:54,1
DA:55,1
DA:56,1
LF:21
LH:21
end_of_record
SF:lib/features/insights/services/pattern_detection_service.dart
DA:7,1
DA:9,3
DA:11,2
DA:14,1
DA:19,2
DA:20,1
DA:23,1
DA:26,2
DA:27,6
DA:28,4
DA:31,3
DA:32,1
DA:33,2
DA:34,1
DA:36,1
DA:37,1
DA:38,1
DA:39,1
DA:43,2
DA:47,2
DA:48,2
DA:50,2
DA:56,1
DA:65,1
DA:66,1
DA:67,1
DA:72,1
DA:79,3
DA:80,2
DA:83,1
DA:84,2
DA:86,0
DA:89,2
DA:94,1
DA:95,3
DA:96,1
DA:100,1
DA:101,1
DA:102,4
DA:103,3
DA:104,1
DA:106,1
DA:110,1
DA:111,1
DA:113,3
DA:114,2
DA:115,3
DA:116,3
DA:119,9
DA:121,1
DA:127,1
DA:132,1
DA:133,1
DA:135,2
DA:138,6
DA:139,4
DA:140,4
DA:142,2
DA:145,2
DA:146,1
DA:149,1
DA:150,1
DA:156,1
DA:157,2
DA:159,1
DA:160,3
DA:161,3
DA:162,10
DA:163,10
DA:165,7
LF:70
LH:69
end_of_record
SF:lib/core/models/ai_config.dart
DA:23,0
DA:36,0
DA:38,0
DA:39,0
DA:40,0
DA:41,0
DA:42,0
DA:46,0
DA:47,0
DA:48,0
DA:49,0
DA:50,0
DA:51,0
DA:52,0
DA:53,0
DA:54,0
DA:59,0
DA:60,0
DA:61,0
DA:62,0
DA:64,0
DA:65,0
DA:66,0
DA:67,0
DA:68,0
DA:70,0
DA:71,0
DA:99,0
DA:100,0
DA:101,0
DA:105,0
DA:106,0
DA:107,0
DA:117,0
DA:118,0
DA:119,0
DA:120,0
DA:121,0
DA:122,0
DA:123,0
DA:124,0
DA:125,0
DA:127,0
DA:128,0
DA:132,0
DA:143,0
DA:144,0
DA:145,0
DA:146,0
DA:147,0
DA:148,0
DA:149,0
DA:150,0
DA:151,0
DA:152,0
DA:155,0
DA:156,0
DA:157,0
DA:158,0
DA:159,0
DA:160,0
DA:161,0
DA:162,0
DA:163,0
DA:164,0
DA:165,0
DA:171,1
DA:186,0
DA:187,0
DA:188,0
DA:189,0
DA:195,0
DA:202,0
DA:203,0
DA:204,0
DA:205,0
DA:206,0
DA:208,0
DA:226,0
DA:232,0
DA:233,0
DA:234,0
DA:235,0
LF:83
LH:1
end_of_record
SF:lib/core/services/ai/ai_service.dart
DA:5,1
DA:14,0
DA:15,0
DA:20,0
LF:4
LH:1
end_of_record
SF:lib/core/services/ai/ai_service_factory.dart
DA:9,0
DA:10,0
DA:11,0
DA:12,0
DA:13,0
DA:14,0
DA:19,0
DA:24,0
DA:28,0
DA:29,0
DA:32,0
LF:11
LH:0
end_of_record
SF:lib/core/services/ai/dashscope_ai_service.dart
DA:8,0
DA:13,0
DA:17,0
DA:18,0
DA:19,0
DA:20,0
DA:21,0
DA:22,0
DA:23,0
DA:31,0
DA:34,0
DA:36,0
DA:44,0
DA:46,0
DA:52,0
DA:60,0
DA:61,0
DA:63,0
DA:64,0
DA:66,0
DA:67,0
DA:68,0
DA:69,0
DA:74,0
DA:76,0
DA:79,0
DA:84,0
DA:88,0
DA:90,0
DA:91,0
DA:92,0
DA:93,0
DA:94,0
DA:95,0
DA:96,0
DA:97,0
DA:100,0
DA:104,0
DA:105,0
DA:106,0
DA:107,0
DA:111,0
DA:115,0
DA:123,0
DA:126,0
DA:127,0
DA:130,0
DA:131,0
DA:134,0
DA:135,0
DA:139,0
DA:140,0
DA:142,0
DA:146,0
DA:148,0
DA:152,0
DA:154,0
DA:156,0
DA:159,0
DA:160,0
DA:161,0
DA:162,0
DA:168,0
DA:169,0
DA:170,0
DA:171,0
DA:175,0
DA:177,0
DA:179,0
DA:182,0
DA:187,0
DA:191,0
DA:193,0
DA:194,0
DA:195,0
DA:196,0
DA:197,0
DA:198,0
DA:199,0
DA:200,0
DA:203,0
DA:207,0
DA:208,0
DA:209,0
DA:210,0
DA:214,0
DA:219,0
DA:221,0
DA:226,0
DA:227,0
DA:231,0
DA:232,0
DA:233,0
DA:235,0
DA:237,0
DA:238,0
DA:239,0
DA:240,0
DA:241,0
DA:245,0
DA:249,0
DA:252,0
DA:256,0
DA:260,0
DA:266,0
DA:268,0
LF:106
LH:0
end_of_record
SF:lib/core/services/ai/siliconflow_ai_service.dart
DA:8,0
DA:13,0
DA:17,0
DA:18,0
DA:19,0
DA:20,0
DA:21,0
DA:22,0
DA:23,0
DA:31,0
DA:34,0
DA:36,0
DA:46,0
DA:48,0
DA:54,0
DA:62,0
DA:63,0
DA:64,0
DA:65,0
DA:66,0
DA:67,0
DA:68,0
DA:72,0
DA:74,0
DA:77,0
DA:82,0
DA:86,0
DA:88,0
DA:89,0
DA:90,0
DA:91,0
DA:92,0
DA:93,0
DA:94,0
DA:95,0
DA:98,0
DA:102,0
DA:103,0
DA:104,0
DA:105,0
DA:109,0
DA:113,0
DA:121,0
DA:124,0
DA:125,0
DA:128,0
DA:129,0
DA:132,0
DA:133,0
DA:137,0
DA:138,0
DA:140,0
DA:144,0
DA:146,0
DA:150,0
DA:152,0
DA:153,0
DA:154,0
DA:155,0
DA:156,0
DA:157,0
DA:162,0
DA:163,0
DA:164,0
DA:165,0
DA:169,0
DA:171,0
DA:173,0
DA:176,0
DA:181,0
DA:185,0
DA:187,0
DA:188,0
DA:189,0
DA:190,0
DA:191,0
DA:192,0
DA:193,0
DA:194,0
DA:197,0
DA:201,0
DA:202,0
DA:203,0
DA:204,0
DA:208,0
DA:213,0
DA:215,0
DA:216,0
DA:220,0
DA:221,0
DA:222,0
DA:224,0
DA:226,0
DA:227,0
DA:228,0
DA:229,0
DA:233,0
DA:237,0
DA:240,0
DA:244,0
DA:248,0
DA:254,0
DA:256,0
LF:103
LH:0
end_of_record
SF:lib/core/utils/logger.dart
DA:21,0
DA:25,0
DA:28,0
DA:36,0
DA:39,0
DA:40,0
DA:44,0
DA:46,0
DA:47,0
DA:48,0
DA:49,0
DA:52,0
DA:53,0
DA:57,0
DA:62,0
DA:66,0
DA:69,0
DA:70,0
DA:73,0
DA:78,0
DA:79,0
DA:82,0
DA:83,0
DA:84,0
DA:86,0
DA:91,0
DA:92,0
DA:96,0
DA:97,0
DA:102,0
DA:105,0
DA:106,0
DA:111,0
DA:116,0
DA:117,0
DA:118,0
DA:120,0
DA:124,0
DA:125,0
DA:130,0
DA:131,0
DA:132,0
DA:139,0
DA:140,0
DA:143,0
DA:145,0
DA:148,0
DA:151,0
DA:155,0
DA:156,0
DA:159,0
DA:160,0
DA:163,0
DA:164,0
DA:167,0
DA:168,0
DA:171,0
DA:174,0
DA:177,0
DA:179,0
DA:183,0
DA:186,0
DA:188,0
DA:195,0
DA:197,0
DA:198,0
DA:202,0
DA:203,0
DA:204,0
DA:208,0
DA:210,0
DA:212,0
DA:213,0
DA:217,0
DA:218,0
DA:222,0
DA:224,0
DA:225,0
DA:229,0
DA:232,0
DA:233,0
DA:237,0
DA:238,0
DA:239,0
DA:245,0
DA:248,0
DA:249,0
DA:253,0
DA:254,0
DA:255,0
DA:259,0
DA:260,0
DA:261,0
DA:265,0
DA:266,0
DA:270,0
DA:271,0
DA:277,0
DA:281,0
DA:282,0
DA:283,0
DA:284,0
DA:288,0
DA:290,0
DA:292,0
DA:293,0
DA:294,0
DA:295,0
DA:301,0
DA:303,0
DA:305,0
DA:306,0
DA:309,0
LF:113
LH:0
end_of_record
SF:lib/core/services/insight_service.dart
DA:21,0
DA:22,0
DA:25,0
DA:29,0
DA:31,0
DA:35,0
DA:36,0
DA:39,0
DA:40,0
DA:43,0
DA:49,0
DA:50,0
DA:54,0
DA:55,0
DA:60,0
DA:61,0
DA:62,0
DA:65,0
DA:68,0
DA:71,0
DA:73,0
DA:77,0
DA:78,0
DA:82,0
DA:84,0
DA:85,0
DA:88,0
DA:89,0
DA:94,0
DA:95,0
DA:96,0
DA:98,0
DA:100,0
DA:102,0
DA:108,0
DA:109,0
DA:110,0
DA:111,0
DA:112,0
DA:113,0
DA:114,0
DA:115,0
DA:117,0
DA:118,0
DA:119,0
DA:120,0
DA:127,1
DA:139,0
DA:141,0
DA:142,0
DA:147,0
DA:155,0
DA:156,0
DA:161,0
DA:187,0
DA:188,0
DA:189,0
DA:190,0
DA:191,0
DA:192,0
DA:193,0
DA:194,0
DA:195,0
DA:196,0
DA:197,0
DA:198,0
DA:204,0
DA:216,0
DA:217,0
DA:219,0
DA:220,0
DA:225,1
DA:235,0
DA:236,0
DA:238,1
DA:242,1
DA:248,1
DA:252,1
DA:254,0
DA:258,0
DA:259,0
DA:277,0
DA:304,0
DA:306,0
DA:307,0
DA:308,0
DA:309,0
DA:310,0
DA:311,0
DA:315,0
DA:317,0
DA:320,0
DA:322,0
DA:323,0
DA:324,0
DA:325,0
DA:326,0
DA:327,0
DA:331,0
DA:333,0
DA:336,0
DA:338,0
DA:339,0
DA:340,0
DA:341,0
DA:342,0
DA:343,0
DA:347,0
DA:349,0
DA:352,0
DA:354,0
DA:355,0
DA:356,0
DA:357,0
DA:360,0
DA:361,0
DA:362,0
DA:363,0
DA:364,0
DA:365,0
DA:366,0
DA:371,0
DA:373,0
DA:374,0
DA:375,0
DA:376,0
DA:379,0
DA:380,0
DA:381,0
DA:382,0
DA:383,0
DA:384,0
DA:385,0
DA:390,0
DA:392,0
DA:393,0
DA:394,0
DA:395,0
DA:398,0
DA:399,0
DA:400,0
DA:401,0
DA:402,0
DA:403,0
DA:404,0
DA:409,0
DA:411,0
DA:414,0
DA:415,0
DA:416,0
DA:417,0
DA:418,0
DA:422,0
DA:424,0
DA:425,0
DA:426,0
DA:429,0
DA:430,0
DA:431,0
DA:435,0
DA:436,0
DA:437,0
DA:438,0
DA:440,0
DA:441,0
DA:444,0
DA:445,0
DA:448,0
DA:450,0
DA:451,0
DA:452,0
DA:455,0
DA:456,0
DA:463,0
DA:464,0
DA:465,0
DA:466,0
DA:468,0
DA:474,0
DA:475,0
DA:477,0
DA:481,0
DA:482,0
DA:483,0
DA:484,0
DA:485,0
DA:486,0
DA:487,0
DA:491,0
DA:492,0
DA:493,0
DA:494,0
DA:496,0
DA:497,0
DA:498,0
DA:499,0
DA:507,0
DA:511,0
DA:518,0
DA:523,0
DA:526,0
DA:528,0
DA:529,0
DA:530,0
DA:534,0
DA:536,0
DA:541,0
DA:542,0
LF:208
LH:6
end_of_record
SF:lib/features/insights/models/flux_loop_job.dart
DA:5,0
DA:26,0
DA:27,0
DA:28,0
DA:29,0
DA:30,0
DA:32,0
DA:42,0
DA:43,0
DA:44,0
DA:45,0
DA:46,0
DA:47,0
DA:48,0
DA:49,0
DA:50,0
DA:54,0
DA:55,0
DA:56,0
DA:57,0
DA:58,0
DA:59,0
DA:60,0
DA:61,0
DA:62,0
DA:63,0
LF:26
LH:0
end_of_record
SF:lib/features/insights/services/ai_analysis_service.dart
DA:12,0
DA:17,0
DA:18,0
DA:25,0
DA:31,0
DA:35,0
DA:37,0
DA:38,0
DA:39,0
DA:46,0
DA:48,0
DA:53,0
DA:61,0
DA:65,0
DA:67,0
DA:68,0
DA:69,0
DA:76,0
DA:77,0
DA:83,0
DA:87,0
DA:92,0
DA:93,0
DA:94,0
DA:100,0
DA:101,0
DA:104,0
DA:106,0
DA:121,0
DA:124,0
DA:131,0
DA:132,0
DA:133,0
DA:134,0
DA:137,0
DA:138,0
DA:140,0
DA:141,0
DA:143,0
DA:144,0
DA:145,0
DA:146,0
DA:151,0
DA:153,0
DA:162,0
DA:163,0
DA:164,0
DA:166,0
DA:174,0
DA:175,0
DA:176,0
DA:177,0
DA:183,0
DA:184,0
DA:185,0
DA:189,0
DA:199,0
DA:202,0
DA:204,0
DA:207,0
DA:208,0
DA:209,0
DA:210,0
DA:213,0
DA:215,0
DA:219,0
DA:221,0
DA:223,0
DA:225,0
DA:227,0
DA:232,0
DA:237,0
DA:238,0
DA:244,0
DA:246,0
DA:247,0
DA:248,0
DA:250,0
DA:251,0
DA:254,0
DA:255,0
DA:258,0
DA:259,0
DA:261,0
LF:84
LH:0
end_of_record
SF:lib/core/theme/app_theme.dart
DA:29,0
DA:30,0
DA:36,0
DA:40,0
DA:41,0
DA:42,0
DA:51,0
DA:54,0
DA:57,0
DA:63,0
DA:64,0
DA:67,0
DA:72,0
DA:73,0
DA:74,0
DA:80,0
DA:81,0
DA:82,0
DA:83,0
DA:90,0
DA:118,0
DA:121,0
DA:122,0
DA:124,0
DA:128,0
DA:129,0
DA:133,0
DA:134,0
DA:149,0
DA:150,0
DA:152,0
DA:153,0
DA:164,0
DA:167,0
DA:168,0
DA:171,0
DA:172,0
DA:175,0
DA:176,0
DA:253,0
DA:281,0
DA:284,0
DA:285,0
DA:287,0
DA:291,0
DA:292,0
DA:296,0
DA:297,0
DA:312,0
DA:313,0
DA:315,0
DA:316,0
DA:327,0
DA:330,0
DA:331,0
DA:334,0
DA:335,0
DA:338,0
DA:339,0
DA:413,2
DA:414,0
DA:415,0
DA:416,0
DA:417,0
DA:418,2
DA:419,0
DA:420,0
DA:421,0
DA:422,2
DA:423,0
DA:424,0
DA:425,0
DA:428,0
DA:429,0
DA:430,0
DA:431,0
DA:434,0
DA:437,0
DA:438,0
DA:439,0
DA:440,0
DA:441,0
DA:442,0
DA:443,0
DA:446,0
DA:447,0
DA:448,0
DA:449,0
DA:450,0
DA:451,0
DA:452,0
DA:453,0
DA:454,0
DA:455,0
DA:458,0
DA:459,0
DA:462,0
DA:465,0
DA:468,0
DA:469,0
DA:470,0
DA:472,0
DA:476,0
DA:477,0
DA:480,0
DA:483,0
DA:484,0
DA:487,0
DA:488,0
DA:491,0
DA:492,0
DA:495,0
LF:112
LH:3
end_of_record
SF:lib/core/widgets/app_card.dart
DA:15,0
DA:25,0
DA:27,0
DA:28,0
DA:32,0
DA:34,0
DA:35,0
DA:36,0
DA:42,0
DA:43,0
DA:48,0
DA:53,0
DA:55,0
DA:57,0
DA:58,0
DA:59,0
DA:62,0
DA:65,0
DA:66,0
DA:67,0
DA:85,0
DA:95,0
DA:97,0
DA:98,0
DA:99,0
DA:100,0
DA:101,0
DA:103,0
DA:104,0
DA:106,0
DA:107,0
DA:108,0
DA:109,0
DA:111,0
DA:114,0
DA:115,0
DA:131,0
DA:141,0
DA:143,0
DA:144,0
DA:145,0
DA:147,0
DA:148,0
DA:149,0
DA:150,0
DA:151,0
DA:152,0
DA:154,0
DA:156,0
DA:158,0
DA:159,0
DA:160,0
DA:161,0
DA:168,0
DA:169,0
DA:170,0
DA:171,0
DA:172,0
DA:175,0
DA:176,0
DA:177,0
DA:178,0
DA:179,0
LF:63
LH:0
end_of_record
SF:lib/core/widgets/app_selection_controls.dart
DA:11,0
DA:17,0
DA:19,0
DA:20,0
DA:21,0
DA:22,0
DA:35,0
DA:42,0
DA:44,0
DA:45,0
DA:48,0
DA:49,0
DA:50,0
DA:55,0
DA:57,0
DA:58,0
DA:59,0
DA:63,0
DA:73,0
DA:74,0
DA:75,0
DA:76,0
DA:78,0
DA:81,0
DA:82,0
DA:83,0
DA:101,1
DA:108,1
DA:110,3
DA:112,1
DA:113,1
DA:114,4
DA:116,1
DA:118,1
DA:119,2
DA:121,2
DA:129,1
DA:130,1
DA:131,0
LF:39
LH:12
end_of_record
SF:lib/core/widgets/app_shimmer.dart
DA:11,2
DA:19,0
DA:20,0
DA:24,1
DA:25,1
DA:28,1
DA:29,1
DA:35,1
DA:37,1
DA:38,2
DA:41,1
DA:44,1
DA:46,2
DA:47,1
DA:50,1
DA:52,3
DA:57,1
DA:58,1
DA:59,1
DA:60,1
DA:61,2
DA:62,2
DA:63,1
DA:64,3
DA:65,1
DA:68,1
DA:71,3
DA:82,1
DA:84,1
DA:86,7
DA:92,0
DA:95,0
DA:98,0
DA:102,0
DA:104,0
DA:105,0
DA:106,0
DA:108,0
DA:109,0
DA:111,0
DA:112,0
DA:114,0
DA:123,0
DA:128,0
DA:131,0
DA:134,0
LF:46
LH:28
end_of_record
SF:lib/features/insights/widgets/daily_pacer_widget.dart
DA:9,2
DA:18,2
DA:20,2
DA:21,2
DA:22,2
DA:23,2
DA:24,2
DA:25,2
DA:26,2
DA:27,2
DA:28,2
DA:31,2
DA:33,2
DA:35,2
DA:37,2
DA:38,2
DA:40,2
DA:42,2
DA:45,2
DA:48,2
DA:52,2
DA:56,4
DA:57,3
DA:64,2
DA:65,2
DA:66,2
DA:68,2
DA:73,2
DA:74,2
DA:75,2
DA:77,2
DA:79,2
DA:80,2
DA:85,2
DA:86,2
DA:87,2
DA:88,4
DA:98,2
DA:99,6
DA:100,2
DA:102,2
DA:104,2
DA:105,2
DA:106,2
DA:108,2
DA:109,2
DA:110,2
DA:113,2
DA:119,2
DA:120,4
DA:121,4
DA:123,2
DA:125,2
DA:126,2
DA:127,4
DA:128,8
DA:129,10
DA:132,2
DA:133,2
DA:134,2
DA:135,5
DA:136,8
DA:137,2
DA:138,2
DA:139,1
DA:147,1
DA:148,2
DA:150,1
DA:152,1
DA:153,1
DA:154,1
DA:155,1
DA:156,1
DA:160,1
DA:162,1
DA:163,1
DA:164,1
DA:165,1
DA:166,2
DA:170,1
DA:171,1
DA:173,2
DA:180,1
DA:181,1
DA:182,1
DA:183,1
DA:185,3
DA:187,1
DA:190,3
DA:191,1
DA:196,1
DA:197,1
DA:198,1
DA:200,1
DA:202,4
DA:208,1
DA:216,2
DA:217,4
DA:218,2
DA:219,2
DA:220,1
DA:221,1
DA:222,1
DA:223,1
DA:227,2
DA:228,4
DA:229,2
DA:231,1
DA:233,1
DA:238,2
DA:239,4
DA:240,2
DA:242,1
DA:244,1
DA:249,1
DA:251,1
DA:252,1
DA:253,1
DA:254,5
DA:255,0
DA:256,0
DA:260,1
DA:262,1
DA:264,1
DA:266,0
LF:125
LH:122
end_of_record
SF:lib/features/insights/widgets/insight_bubble.dart
DA:8,1
DA:23,1
DA:25,3
DA:26,1
DA:27,1
DA:29,1
DA:31,1
DA:33,1
DA:34,5
DA:35,3
DA:36,1
DA:38,7
DA:39,2
DA:44,1
DA:45,2
DA:46,2
DA:47,1
DA:48,1
DA:49,1
DA:50,2
DA:52,1
DA:54,1
DA:55,1
DA:56,2
DA:59,1
DA:60,1
DA:67,1
DA:70,1
DA:72,1
DA:73,1
DA:74,1
DA:75,1
DA:77,1
DA:80,1
DA:81,1
DA:82,2
DA:84,1
DA:92,1
DA:93,2
DA:94,2
DA:100,4
DA:103,1
DA:106,4
DA:107,1
DA:112,1
DA:113,2
DA:114,1
DA:116,1
DA:118,2
DA:119,1
DA:124,1
DA:129,2
DA:131,1
DA:132,1
DA:133,1
DA:136,1
DA:139,1
DA:141,2
DA:142,1
DA:155,3
DA:156,1
DA:157,3
DA:158,3
DA:159,1
DA:160,2
DA:162,1
DA:163,1
DA:164,1
DA:165,2
DA:169,1
DA:170,1
DA:172,1
DA:173,1
DA:174,2
DA:175,1
DA:176,1
DA:177,1
DA:178,1
DA:179,4
DA:180,2
DA:193,1
DA:194,2
DA:195,1
DA:196,1
DA:197,1
DA:199,1
DA:200,1
DA:204,1
DA:205,2
DA:206,1
DA:208,1
DA:210,1
DA:215,1
DA:216,2
DA:217,1
DA:219,1
DA:221,1
DA:229,0
DA:242,0
DA:244,0
DA:245,0
DA:246,0
DA:247,0
DA:250,0
DA:251,0
DA:252,0
DA:255,0
DA:259,0
DA:261,0
LF:109
LH:97
end_of_record
SF:lib/features/insights/widgets/monthly_structure_card.dart
DA:9,1
DA:18,1
DA:20,1
DA:21,1
DA:22,1
DA:24,1
DA:25,1
DA:26,2
DA:28,1
DA:30,1
DA:32,1
DA:34,1
DA:35,1
DA:37,1
DA:39,1
DA:45,1
DA:46,1
DA:47,2
DA:48,2
DA:54,1
DA:61,1
DA:62,1
DA:63,1
DA:65,1
DA:70,1
DA:71,1
DA:72,1
DA:73,1
DA:74,1
DA:78,1
DA:80,2
DA:88,1
DA:89,1
DA:91,1
DA:93,1
DA:95,1
DA:99,1
DA:101,1
DA:107,1
DA:108,1
DA:109,1
DA:110,1
DA:112,1
DA:117,1
DA:118,3
DA:119,3
DA:121,1
DA:124,1
DA:125,1
DA:126,2
DA:128,1
DA:129,1
DA:130,1
DA:132,1
DA:135,1
DA:136,1
DA:137,1
DA:140,1
DA:141,1
DA:143,1
DA:144,1
DA:146,1
DA:147,1
DA:148,3
DA:149,2
DA:150,1
DA:153,1
DA:155,1
DA:163,1
DA:165,1
DA:166,2
DA:168,2
DA:176,1
DA:178,1
DA:179,1
DA:180,1
DA:181,1
DA:184,1
DA:187,1
DA:188,1
DA:189,2
DA:191,1
DA:193,1
DA:194,1
DA:196,1
DA:199,3
DA:201,1
DA:203,1
DA:204,1
DA:205,1
DA:206,1
DA:208,1
DA:209,3
DA:210,2
DA:222,1
DA:223,1
DA:225,1
DA:226,2
DA:227,2
DA:229,1
DA:231,1
DA:232,1
DA:233,1
DA:234,1
DA:237,1
DA:240,1
DA:242,2
DA:243,1
DA:249,1
DA:250,2
DA:251,1
DA:253,4
DA:255,1
DA:257,2
DA:262,6
DA:264,1
DA:266,1
DA:267,2
DA:268,1
DA:269,1
DA:271,1
DA:283,1
DA:284,1
DA:285,1
DA:286,1
DA:289,1
DA:295,1
DA:297,1
DA:303,1
DA:304,2
DA:305,1
DA:306,1
DA:307,1
DA:308,1
DA:309,1
DA:310,1
DA:311,1
DA:313,1
DA:314,1
DA:318,1
DA:319,2
DA:320,1
DA:322,1
DA:324,1
DA:326,1
DA:328,1
DA:335,1
DA:347,1
DA:349,5
DA:350,3
DA:353,3
DA:354,3
DA:357,1
DA:358,2
DA:359,1
DA:360,1
DA:361,1
DA:363,1
DA:364,1
DA:365,2
DA:372,1
DA:373,2
DA:374,1
DA:375,1
DA:376,1
DA:378,1
DA:379,1
DA:380,3
DA:387,1
DA:389,3
DA:390,0
DA:391,0
DA:392,0
LF:173
LH:170
end_of_record
SF:lib/features/insights/widgets/weekly_trend_chart.dart
DA:8,0
DA:19,0
DA:21,0
DA:22,0
DA:23,0
DA:24,0
DA:25,0
DA:26,0
DA:27,0
DA:28,0
DA:31,0
DA:33,0
DA:34,0
DA:36,0
DA:37,0
DA:39,0
DA:41,0
DA:43,0
DA:45,0
DA:47,0
DA:50,0
DA:52,0
DA:57,0
DA:58,0
DA:60,0
DA:61,0
DA:71,0
DA:73,0
DA:75,0
DA:76,0
DA:77,0
DA:78,0
DA:79,0
DA:80,0
DA:81,0
DA:82,0
DA:88,0
DA:90,0
DA:92,0
DA:93,0
DA:94,0
DA:95,0
DA:97,0
DA:98,0
DA:99,0
DA:100,0
DA:112,0
DA:117,0
DA:119,0
DA:128,0
DA:129,0
DA:130,0
DA:131,0
DA:135,0
DA:137,0
DA:139,0
DA:140,0
DA:143,0
DA:144,0
DA:148,0
DA:149,0
DA:151,0
DA:153,0
DA:155,0
DA:156,0
DA:157,0
DA:168,0
DA:169,0
DA:171,0
DA:174,0
DA:175,0
DA:176,0
DA:177,0
DA:180,0
DA:181,0
DA:182,0
DA:184,0
DA:185,0
DA:198,0
DA:199,0
DA:200,0
DA:201,0
DA:204,0
DA:205,0
DA:206,0
DA:210,0
DA:212,0
LF:87
LH:0
end_of_record
SF:lib/screens/insights_screen.dart
DA:25,1
DA:30,1
DA:31,1
DA:43,1
DA:45,1
DA:46,3
DA:47,2
DA:48,1
DA:51,1
DA:53,1
DA:57,1
DA:58,1
DA:59,2
DA:61,0
DA:62,0
DA:64,0
DA:65,0
DA:69,2
DA:70,1
DA:71,1
DA:72,2
DA:73,2
DA:76,0
DA:77,0
DA:78,0
DA:84,1
DA:86,2
DA:87,2
DA:88,2
DA:89,1
DA:92,1
DA:93,1
DA:94,1
DA:95,2
DA:96,0
DA:97,0
DA:98,0
DA:99,0
DA:103,1
DA:105,1
DA:106,1
DA:107,1
DA:108,1
DA:112,1
DA:113,1
DA:116,1
DA:120,1
DA:121,1
DA:126,1
DA:128,1
DA:129,1
DA:131,1
DA:135,1
DA:144,1
DA:145,1
DA:147,1
DA:148,1
DA:149,1
DA:150,1
DA:151,0
DA:152,0
DA:154,1
DA:156,1
DA:157,1
DA:158,0
DA:159,0
DA:160,0
DA:161,0
DA:162,0
DA:176,1
DA:177,1
DA:178,2
DA:179,2
DA:180,1
DA:181,2
DA:183,1
DA:184,2
DA:185,1
DA:188,0
DA:189,0
DA:192,0
DA:193,0
DA:203,1
DA:211,1
DA:213,2
DA:214,3
DA:217,1
DA:218,5
DA:219,1
DA:221,1
DA:222,2
DA:223,2
DA:227,1
DA:228,1
DA:230,1
DA:232,1
DA:233,1
DA:238,1
DA:240,1
DA:241,4
DA:242,1
DA:249,1
DA:251,1
DA:253,0
DA:255,0
DA:260,1
DA:262,3
DA:263,3
DA:264,1
DA:269,0
DA:273,0
DA:275,0
DA:276,0
DA:277,0
DA:278,0
DA:282,0
DA:284,0
DA:285,0
DA:287,0
DA:288,0
DA:290,0
DA:292,0
DA:293,0
DA:299,0
DA:301,0
DA:302,0
DA:303,0
DA:304,0
DA:306,0
DA:307,0
DA:308,0
DA:318,0
DA:326,0
DA:328,0
DA:329,0
DA:330,0
DA:331,0
DA:334,0
DA:336,0
DA:337,0
DA:339,0
DA:341,0
DA:343,0
DA:344,0
DA:347,0
DA:348,0
DA:351,0
DA:352,0
DA:353,0
DA:360,0
DA:361,0
DA:363,0
DA:364,0
DA:366,0
DA:369,0
DA:370,0
DA:371,0
DA:383,0
DA:391,0
DA:392,0
DA:396,0
DA:398,0
DA:399,0
DA:401,0
DA:402,0
DA:403,0
DA:404,0
DA:406,0
DA:407,0
DA:409,0
DA:410,0
DA:412,0
DA:415,0
DA:416,0
DA:417,0
DA:420,0
DA:423,0
DA:425,0
DA:433,0
DA:435,0
DA:439,0
DA:448,0
DA:456,0
DA:457,0
DA:459,0
DA:460,0
DA:461,0
DA:465,0
DA:467,0
DA:469,0
DA:476,0
DA:478,0
DA:479,0
DA:480,0
DA:598,0
DA:606,0
DA:608,0
DA:609,0
DA:610,0
DA:611,0
DA:612,0
DA:613,0
DA:614,0
DA:617,0
DA:618,0
DA:628,0
DA:632,0
DA:637,0
DA:638,0
DA:639,0
DA:640,0
DA:642,0
DA:643,0
DA:644,0
DA:648,0
DA:653,0
DA:661,0
DA:663,0
DA:664,0
DA:665,0
DA:667,0
DA:668,0
DA:669,0
DA:670,0
DA:671,0
DA:672,0
DA:678,0
DA:680,0
DA:681,0
DA:682,0
DA:683,0
DA:684,0
DA:685,0
DA:688,0
DA:690,0
DA:695,0
DA:696,0
DA:698,0
DA:699,0
DA:700,0
DA:705,0
DA:706,0
DA:715,0
DA:718,0
DA:720,0
DA:721,0
DA:722,0
DA:723,0
DA:724,0
DA:725,0
DA:727,0
DA:728,0
DA:729,0
DA:733,0
DA:738,0
DA:746,0
DA:748,0
DA:749,0
DA:751,0
DA:752,0
DA:753,0
DA:754,0
DA:755,0
DA:758,0
DA:760,0
DA:763,0
DA:766,0
DA:779,0
DA:782,0
DA:784,0
DA:785,0
DA:786,0
DA:787,0
DA:789,0
DA:790,0
DA:791,0
DA:793,0
DA:797,0
DA:799,0
DA:800,0
DA:802,0
DA:811,0
DA:819,0
DA:821,0
DA:822,0
DA:824,0
DA:826,0
DA:827,0
DA:829,0
DA:832,0
DA:834,0
DA:836,0
DA:837,0
DA:840,0
DA:841,0
DA:844,0
DA:845,0
DA:849,0
DA:851,0
DA:856,0
DA:858,0
DA:859,0
DA:860,0
DA:861,0
DA:871,0
DA:873,0
DA:874,0
DA:875,0
DA:878,0
DA:880,0
DA:881,0
DA:882,0
DA:885,0
DA:886,0
DA:887,0
DA:895,0
DA:907,0
DA:909,0
DA:910,0
DA:911,0
DA:914,0
DA:915,0
DA:916,0
DA:920,0
DA:921,0
DA:922,0
DA:923,0
DA:927,0
DA:928,0
DA:930,0
DA:931,0
DA:932,0
DA:940,0
DA:948,0
DA:950,0
DA:952,0
DA:953,0
DA:955,0
DA:958,0
DA:960,0
DA:961,0
DA:962,0
DA:963,0
DA:966,0
DA:967,0
DA:968,0
DA:969,0
DA:975,0
DA:977,0
DA:978,0
DA:980,0
DA:982,0
DA:984,0
DA:985,0
DA:986,0
DA:994,0
DA:995,0
DA:996,0
DA:997,0
DA:1003,1
DA:1006,1
DA:1008,1
DA:1010,1
DA:1011,1
DA:1012,1
DA:1013,2
DA:1015,1
DA:1016,1
DA:1023,1
DA:1024,1
DA:1025,1
DA:1026,1
DA:1036,1
DA:1038,1
DA:1040,1
DA:1042,1
DA:1045,1
DA:1052,0
DA:1054,0
DA:1055,0
DA:1057,0
DA:1058,0
DA:1060,0
DA:1066,1
DA:1068,0
DA:1070,0
DA:1071,0
DA:1073,0
DA:1083,1
DA:1085,0
DA:1087,0
DA:1089,0
DA:1090,0
DA:1092,0
DA:1105,1
DA:1107,0
DA:1109,0
DA:1111,0
DA:1113,0
DA:1115,0
DA:1116,0
LF:401
LH:106
end_of_record
SF:lib/features/insights/services/health_analysis_service.dart
DA:5,1
DA:7,3
DA:9,2
DA:12,1
DA:18,1
DA:21,1
DA:23,1
DA:24,1
DA:26,2
DA:27,2
DA:30,1
DA:32,1
DA:38,1
DA:39,1
DA:44,1
DA:50,1
DA:56,1
DA:57,1
DA:58,1
DA:61,3
DA:62,2
DA:65,1
DA:70,1
DA:74,1
DA:77,1
DA:83,1
DA:85,1
DA:88,1
DA:91,1
DA:92,1
DA:99,1
DA:100,5
DA:111,1
DA:114,1
DA:125,2
DA:126,1
DA:127,1
DA:129,4
DA:130,1
DA:131,2
DA:132,2
DA:136,1
DA:137,2
DA:138,3
DA:144,1
DA:151,1
DA:152,1
DA:153,1
DA:154,3
DA:157,1
DA:161,1
DA:163,1
DA:164,3
DA:165,1
DA:166,3
DA:167,1
DA:168,5
DA:169,1
DA:170,5
DA:171,1
DA:172,5
DA:178,1
DA:188,1
DA:191,2
DA:192,1
DA:193,1
DA:194,4
DA:198,2
DA:199,1
DA:200,4
DA:204,1
DA:205,1
DA:207,1
DA:208,1
DA:210,1
DA:211,0
DA:213,1
DA:214,0
DA:216,1
DA:217,1
DA:221,1
DA:224,1
DA:225,1
DA:226,1
DA:227,1
DA:228,1
DA:232,1
DA:237,1
DA:240,1
DA:241,2
DA:244,3
DA:246,1
DA:247,2
DA:250,3
DA:253,2
DA:255,1
DA:256,4
DA:262,1
DA:263,2
DA:269,1
DA:270,0
DA:272,0
DA:276,1
DA:277,2
DA:279,1
DA:288,1
DA:289,1
DA:292,1
DA:294,1
DA:296,1
DA:298,1
DA:300,1
DA:305,1
DA:306,1
DA:308,1
DA:309,2
DA:315,1
DA:316,0
DA:322,2
DA:331,1
DA:332,0
DA:334,1
DA:335,1
DA:339,2
LF:124
LH:118
end_of_record
